[2020-12-07T03:10:07.693912400]: Peer [1001] has Number Of Preferred Neighbors set to 3
[2020-12-07T03:10:07.709869900]: Peer [1001] has Unchoking Interval set to 1
[2020-12-07T03:10:07.710868500]: Peer [1001] has Optimistic Unchoking Interval set to 2
[2020-12-07T03:10:07.711876600]: Peer [1001] has File Name set to thefile
[2020-12-07T03:10:07.717848100]: Peer [1001] has File Size set to 2167705
[2020-12-07T03:10:07.718846600]: Peer [1001] has Piece size set to 32768
[2020-12-07T03:10:07.719843600]: Peer [1001] has the complete file.
[2020-12-07T03:10:07.722836200]: Peer [1006] has the complete file.
[2020-12-07T03:10:07.726825100]: Peer [1001] has the preferred neighbors []
[2020-12-07T03:10:07.782675700]: Peer [1001] is connected from Peer [1002]
[2020-12-07T03:10:07.789657600]: Peer [1001] is connected from Peer [1003]
[2020-12-07T03:10:07.795640500]: Peer [1001] received the "interested" message from [1002]
[2020-12-07T03:10:07.795640500]: Peer [1001] received the "interested" message from [1003]
[2020-12-07T03:10:07.802622]: Peer [1001] is connected from Peer [1004]
[2020-12-07T03:10:07.804618300]: Peer [1001] received the "interested" message from [1004]
[2020-12-07T03:10:07.817585]: Peer [1001] is connected from Peer [1005]
[2020-12-07T03:10:07.822571]: Peer [1001] received the "interested" message from [1005]
[2020-12-07T03:10:07.841519400]: Peer [1001] received Bitfield message by [1006]
[2020-12-07T03:10:07.845507500]: Peer [1001] is connected from Peer [1006]
[2020-12-07T03:10:07.846505100]: Peer [1001] received Bitfield message by [1006]
[2020-12-07T03:10:07.847505300]: Peer [1001] received the "not interested" message from [1006]
[2020-12-07T03:10:07.891386]: Peer [1001] is connected from Peer [1007]
[2020-12-07T03:10:07.893378900]: Peer [1001] received Bitfield message by [1007]
[2020-12-07T03:10:07.898379500]: Peer [1001] received the "interested" message from [1007]
[2020-12-07T03:10:07.910334900]: Peer [1001] is connected from Peer [1008]
[2020-12-07T03:10:07.915322]: Peer [1001] received the "interested" message from [1008]
[2020-12-07T03:10:07.927290900]: Peer [1001] received the "have" message from [1005] for the piece [0]
[2020-12-07T03:10:07.937264400]: Peer [1001] received the "have" message from [1002] for the piece [0]
[2020-12-07T03:10:07.965188700]: Peer [1001] received the "have" message from [1002] for the piece [1]
[2020-12-07T03:10:07.977157]: Peer [1001] received the "have" message from [1002] for the piece [2]
[2020-12-07T03:10:07.983140100]: Peer [1001] received the "have" message from [1005] for the piece [1]
[2020-12-07T03:10:07.996105700]: Peer [1001] received the "have" message from [1002] for the piece [3]
[2020-12-07T03:10:08.019044600]: Peer [1001] received the "have" message from [1005] for the piece [2]
[2020-12-07T03:10:08.038992100]: Peer [1001] received the "have" message from [1002] for the piece [4]
[2020-12-07T03:10:08.060932700]: Peer [1001] received the "have" message from [1002] for the piece [5]
[2020-12-07T03:10:08.045972500]: Peer [1001] received the "have" message from [1005] for the piece [3]
[2020-12-07T03:10:08.075893900]: Peer [1001] received the "have" message from [1002] for the piece [6]
[2020-12-07T03:10:08.078885300]: Peer [1001] received Bitfield message by [1009]
[2020-12-07T03:10:08.082876500]: Peer [1001] is connected from Peer [1009]
[2020-12-07T03:10:08.085864500]: Peer [1001] received Bitfield message by [1009]
[2020-12-07T03:10:08.094840700]: Peer [1001] received the "have" message from [1002] for the piece [7]
[2020-12-07T03:10:08.095839900]: Peer [1001] received the "interested" message from [1009]
[2020-12-07T03:10:08.066915500]: Peer [1001] received the "have" message from [1005] for the piece [4]
[2020-12-07T03:10:08.120774100]: Peer [1001] received the "have" message from [1002] for the piece [8]
[2020-12-07T03:10:08.137727300]: Peer [1001] received the "have" message from [1005] for the piece [5]
[2020-12-07T03:10:08.144709800]: Peer [1001] received the "have" message from [1002] for the piece [9]
[2020-12-07T03:10:08.183605200]: Peer [1001] received the "have" message from [1002] for the piece [10]
[2020-12-07T03:10:08.177620200]: Peer [1001] received the "have" message from [1005] for the piece [6]
[2020-12-07T03:10:08.201556200]: Peer [1001] received the "have" message from [1002] for the piece [11]
[2020-12-07T03:10:08.218511]: Peer [1001] received the "have" message from [1002] for the piece [12]
[2020-12-07T03:10:08.235465100]: Peer [1001] received the "have" message from [1005] for the piece [7]
[2020-12-07T03:10:08.244440700]: Peer [1001] received the "have" message from [1002] for the piece [13]
[2020-12-07T03:10:08.252418900]: Peer [1001] received the "have" message from [1005] for the piece [8]
[2020-12-07T03:10:08.264387700]: Peer [1001] received the "have" message from [1002] for the piece [14]
[2020-12-07T03:10:08.268377200]: Peer [1001] received the "have" message from [1005] for the piece [9]
[2020-12-07T03:10:08.288322900]: Peer [1001] received the "have" message from [1005] for the piece [10]
[2020-12-07T03:10:08.300292200]: Peer [1001] received the "have" message from [1002] for the piece [15]
[2020-12-07T03:10:08.306277300]: Peer [1001] received the "have" message from [1005] for the piece [11]
[2020-12-07T03:10:08.324229200]: Peer [1001] received the "have" message from [1002] for the piece [16]
[2020-12-07T03:10:08.325227800]: Peer [1001] received the "have" message from [1005] for the piece [12]
[2020-12-07T03:10:08.348163100]: Peer [1001] received the "have" message from [1005] for the piece [13]
[2020-12-07T03:10:08.351154400]: Peer [1001] received the "have" message from [1002] for the piece [17]
[2020-12-07T03:10:08.382090900]: Peer [1001] received the "have" message from [1005] for the piece [14]
[2020-12-07T03:10:08.393044800]: Peer [1001] received the "have" message from [1002] for the piece [18]
[2020-12-07T03:10:08.416981200]: Peer [1001] received the "have" message from [1005] for the piece [15]
[2020-12-07T03:10:08.425954800]: Peer [1001] received the "have" message from [1002] for the piece [19]
[2020-12-07T03:10:08.440916200]: Peer [1001] received the "have" message from [1005] for the piece [16]
[2020-12-07T03:10:08.452884700]: Peer [1001] received the "have" message from [1005] for the piece [17]
[2020-12-07T03:10:08.455875200]: Peer [1001] received the "have" message from [1002] for the piece [20]
[2020-12-07T03:10:08.467843200]: Peer [1001] received the "have" message from [1002] for the piece [21]
[2020-12-07T03:10:08.462856500]: Peer [1001] received the "have" message from [1005] for the piece [18]
[2020-12-07T03:10:08.480808800]: Peer [1001] received the "have" message from [1002] for the piece [22]
[2020-12-07T03:10:08.482802900]: Peer [1001] received the "have" message from [1005] for the piece [19]
[2020-12-07T03:10:08.494771600]: Peer [1001] received the "have" message from [1002] for the piece [23]
[2020-12-07T03:10:08.505741900]: Peer [1001] received the "have" message from [1005] for the piece [20]
[2020-12-07T03:10:08.511726400]: Peer [1001] received the "have" message from [1002] for the piece [24]
[2020-12-07T03:10:08.529677100]: Peer [1001] received the "have" message from [1005] for the piece [21]
[2020-12-07T03:10:08.537657800]: Peer [1001] received the "have" message from [1002] for the piece [25]
[2020-12-07T03:10:08.553614900]: Peer [1001] received the "have" message from [1002] for the piece [26]
[2020-12-07T03:10:08.553614900]: Peer [1001] received the "have" message from [1005] for the piece [22]
[2020-12-07T03:10:08.577549900]: Peer [1001] received the "have" message from [1002] for the piece [27]
[2020-12-07T03:10:08.582537800]: Peer [1001] received the "have" message from [1005] for the piece [23]
[2020-12-07T03:10:08.592509300]: Peer [1001] received the "have" message from [1002] for the piece [28]
[2020-12-07T03:10:08.599490600]: Peer [1001] received the "have" message from [1005] for the piece [24]
[2020-12-07T03:10:08.615448400]: Peer [1001] received the "have" message from [1005] for the piece [25]
[2020-12-07T03:10:08.632404800]: Peer [1001] received the "have" message from [1002] for the piece [29]
[2020-12-07T03:10:08.643373500]: Peer [1001] received the "have" message from [1002] for the piece [30]
[2020-12-07T03:10:08.656339800]: Peer [1001] received the "have" message from [1005] for the piece [26]
[2020-12-07T03:10:08.701217900]: Peer [1001] received the "have" message from [1002] for the piece [31]
[2020-12-07T03:10:08.729144600]: Peer [1001] has the preferred neighbors [1008,1009,1002,]
[2020-12-07T03:10:08.738121700]: Peer [1001] has received "request" message for the piece [0] from [1009].
[2020-12-07T03:10:08.739120]: Peer [1001] has received "request" message for the piece [0] from [1008].
[2020-12-07T03:10:08.741112500]: Peer [1001] has received "request" message for the piece [0] from [1009].
[2020-12-07T03:10:08.741112500]: Peer [1001] has received "request" message for the piece [0] from [1008].
[2020-12-07T03:10:08.753079400]: Peer [1001] received the "have" message from [1009] for the piece [0]
[2020-12-07T03:10:08.757068300]: Peer [1001] has received "request" message for the piece [1] from [1009].
[2020-12-07T03:10:08.753079400]: Peer [1001] received the "have" message from [1008] for the piece [0]
[2020-12-07T03:10:08.762057300]: Peer [1001] has received "request" message for the piece [1] from [1008].
[2020-12-07T03:10:08.763053]: Peer [1001] has received "request" message for the piece [2] from [1008].
[2020-12-07T03:10:08.765047300]: Peer [1001] has received "request" message for the piece [2] from [1009].
[2020-12-07T03:10:08.773026600]: Peer [1001] received the "have" message from [1008] for the piece [1]
[2020-12-07T03:10:08.776017700]: Peer [1001] received the "have" message from [1009] for the piece [1]
[2020-12-07T03:10:08.777016400]: Peer [1001] has received "request" message for the piece [3] from [1009].
[2020-12-07T03:10:08.783998800]: Peer [1001] has received "request" message for the piece [3] from [1008].
[2020-12-07T03:10:08.785993200]: Peer [1001] received the "have" message from [1008] for the piece [2]
[2020-12-07T03:10:08.786989600]: Peer [1001] has received "request" message for the piece [4] from [1008].
[2020-12-07T03:10:08.794970]: Peer [1001] received the "have" message from [1008] for the piece [3]
[2020-12-07T03:10:08.794970]: Peer [1001] has received "request" message for the piece [5] from [1008].
[2020-12-07T03:10:08.802946700]: Peer [1001] has received "request" message for the piece [33] from [1002].
[2020-12-07T03:10:08.804941100]: Peer [1001] received the "have" message from [1008] for the piece [4]
[2020-12-07T03:10:08.805939100]: Peer [1001] has received "request" message for the piece [5] from [1008].
[2020-12-07T03:10:08.809927900]: Peer [1001] received the "have" message from [1002] for the piece [32]
[2020-12-07T03:10:08.814913400]: Peer [1001] has received "request" message for the piece [34] from [1002].
[2020-12-07T03:10:08.835859400]: Peer [1001] received the "have" message from [1002] for the piece [33]
[2020-12-07T03:10:08.835859400]: Peer [1001] has received "request" message for the piece [35] from [1002].
[2020-12-07T03:10:08.836858900]: Peer [1001] received the "have" message from [1008] for the piece [5]
[2020-12-07T03:10:08.838850100]: Peer [1001] has received "request" message for the piece [12] from [1008].
[2020-12-07T03:10:08.851815700]: Peer [1001] received the "have" message from [1002] for the piece [34]
[2020-12-07T03:10:08.852812]: Peer [1001] has received "request" message for the piece [36] from [1002].
[2020-12-07T03:10:08.808929700]: Peer [1001] received the "have" message from [1005] for the piece [27]
[2020-12-07T03:10:08.870765100]: Peer [1001] received the "have" message from [1009] for the piece [2]
[2020-12-07T03:10:08.872758800]: Peer [1001] received the "have" message from [1009] for the piece [3]
[2020-12-07T03:10:08.876748700]: Peer [1001] has received "request" message for the piece [4] from [1009].
[2020-12-07T03:10:08.896695300]: Peer [1001] received the "have" message from [1003] for the piece [0]
[2020-12-07T03:10:08.898689900]: Peer [1001] has received "request" message for the piece [6] from [1009].
[2020-12-07T03:10:08.846828900]: Peer [1001] received the "have" message from [1008] for the piece [6]
[2020-12-07T03:10:08.929609100]: Peer [1001] has received "request" message for the piece [14] from [1008].
[2020-12-07T03:10:08.931602400]: Peer [1001] received the "have" message from [1008] for the piece [7]
[2020-12-07T03:10:08.933597100]: Peer [1001] received the "have" message from [1008] for the piece [12]
[2020-12-07T03:10:08.934595200]: Peer [1001] has received "request" message for the piece [11] from [1008].
[2020-12-07T03:10:08.939581]: Peer [1001] received the "have" message from [1007] for the piece [0]
[2020-12-07T03:10:08.956534600]: Peer [1001] received the "have" message from [1003] for the piece [1]
[2020-12-07T03:10:08.975485500]: Peer [1001] received the "have" message from [1008] for the piece [8]
[2020-12-07T03:10:08.975485500]: Peer [1001] received the "have" message from [1008] for the piece [9]
[2020-12-07T03:10:08.976482200]: Peer [1001] received the "have" message from [1008] for the piece [10]
[2020-12-07T03:10:08.930605500]: Peer [1001] received the "have" message from [1002] for the piece [37]
[2020-12-07T03:10:08.913650800]: Peer [1001] received the "have" message from [1009] for the piece [4]
[2020-12-07T03:10:08.999420500]: Peer [1001] received the "have" message from [1007] for the piece [1]
[2020-12-07T03:10:09.000418700]: Peer [1001] received the "have" message from [1008] for the piece [15]
[2020-12-07T03:10:09.014382900]: Peer [1001] received the "have" message from [1008] for the piece [14]
[2020-12-07T03:10:09.011388]: Peer [1001] received the "have" message from [1002] for the piece [38]
[2020-12-07T03:10:09.025352700]: Peer [1001] received the "have" message from [1004] for the piece [0]
[2020-12-07T03:10:09.035325700]: Peer [1001] received the "have" message from [1003] for the piece [2]
[2020-12-07T03:10:09.065245200]: Peer [1001] received the "have" message from [1004] for the piece [1]
[2020-12-07T03:10:09.026348600]: Peer [1001] received the "have" message from [1002] for the piece [39]
[2020-12-07T03:10:09.079208700]: Peer [1001] received the "have" message from [1002] for the piece [35]
[2020-12-07T03:10:09.099153500]: Peer [1001] received the "have" message from [1003] for the piece [3]
[2020-12-07T03:10:09.101148300]: Peer [1001] received the "have" message from [1007] for the piece [2]
[2020-12-07T03:10:09.009394500]: Peer [1001] has received "request" message for the piece [8] from [1009].
[2020-12-07T03:10:09.083198]: Peer [1001] received the "have" message from [1002] for the piece [40]
[2020-12-07T03:10:09.121096200]: Peer [1001] received the "have" message from [1004] for the piece [2]
[2020-12-07T03:10:09.020364200]: Peer [1001] has received "request" message for the piece [18] from [1008].
[2020-12-07T03:10:09.126082400]: Peer [1001] has received "request" message for the piece [41] from [1002].
[2020-12-07T03:10:09.147026100]: Peer [1001] received the "have" message from [1007] for the piece [3]
[2020-12-07T03:10:09.145032200]: Peer [1001] received the "have" message from [1002] for the piece [36]
[2020-12-07T03:10:09.149019700]: Peer [1001] has received "request" message for the piece [43] from [1002].
[2020-12-07T03:10:09.151015]: Peer [1001] received the "have" message from [1002] for the piece [42]
[2020-12-07T03:10:09.157995900]: Peer [1001] received the "have" message from [1002] for the piece [41]
[2020-12-07T03:10:09.157995900]: Peer [1001] received the "have" message from [1002] for the piece [44]
[2020-12-07T03:10:09.158993100]: Peer [1001] has received "request" message for the piece [45] from [1002].
[2020-12-07T03:10:09.166972]: Peer [1001] received the "have" message from [1002] for the piece [43]
[2020-12-07T03:10:09.167970]: Peer [1001] has received "request" message for the piece [46] from [1002].
[2020-12-07T03:10:09.181933100]: Peer [1001] received the "have" message from [1008] for the piece [11]
[2020-12-07T03:10:09.182930100]: Peer [1001] received the "have" message from [1008] for the piece [17]
[2020-12-07T03:10:09.183927]: Peer [1001] has received "request" message for the piece [22] from [1008].
[2020-12-07T03:10:09.184923500]: Peer [1001] received the "have" message from [1008] for the piece [19]
[2020-12-07T03:10:09.185921400]: Peer [1001] received the "have" message from [1008] for the piece [13]
[2020-12-07T03:10:09.185921400]: Peer [1001] received the "have" message from [1008] for the piece [21]
[2020-12-07T03:10:09.186919500]: Peer [1001] received the "have" message from [1008] for the piece [23]
[2020-12-07T03:10:09.187916900]: Peer [1001] received the "have" message from [1008] for the piece [24]
[2020-12-07T03:10:09.187916900]: Peer [1001] received the "have" message from [1008] for the piece [35]
[2020-12-07T03:10:09.188913400]: Peer [1001] received the "have" message from [1008] for the piece [18]
[2020-12-07T03:10:09.189911100]: Peer [1001] received the "have" message from [1002] for the piece [45]
[2020-12-07T03:10:09.189911100]: Peer [1001] has received "request" message for the piece [41] from [1008].
[2020-12-07T03:10:09.190907900]: Peer [1001] has received "request" message for the piece [47] from [1002].
[2020-12-07T03:10:09.199883900]: Peer [1001] received the "have" message from [1004] for the piece [3]
[2020-12-07T03:10:09.201880]: Peer [1001] received the "have" message from [1008] for the piece [22]
[2020-12-07T03:10:09.201880]: Peer [1001] received the "have" message from [1008] for the piece [22]
[2020-12-07T03:10:09.202876400]: Peer [1001] received the "have" message from [1008] for the piece [36]
[2020-12-07T03:10:09.202876400]: Peer [1001] received the "have" message from [1008] for the piece [36]
[2020-12-07T03:10:09.203873800]: Peer [1001] has received "request" message for the piece [43] from [1008].
[2020-12-07T03:10:09.204870600]: Peer [1001] received the "have" message from [1008] for the piece [16]
[2020-12-07T03:10:09.209856300]: Peer [1001] received the "have" message from [1004] for the piece [4]
[2020-12-07T03:10:09.212849400]: Peer [1001] received the "have" message from [1008] for the piece [41]
[2020-12-07T03:10:09.212849400]: Peer [1001] has received "request" message for the piece [44] from [1008].
[2020-12-07T03:10:09.215841900]: Peer [1001] received the "have" message from [1002] for the piece [46]
[2020-12-07T03:10:09.216838700]: Peer [1001] has received "request" message for the piece [48] from [1002].
[2020-12-07T03:10:09.219830100]: Peer [1001] received the "have" message from [1008] for the piece [40]
[2020-12-07T03:10:09.223819300]: Peer [1001] received the "have" message from [1008] for the piece [43]
[2020-12-07T03:10:09.224816400]: Peer [1001] has received "request" message for the piece [46] from [1008].
[2020-12-07T03:10:09.226811900]: Peer [1001] received the "have" message from [1004] for the piece [5]
[2020-12-07T03:10:09.114117100]: Peer [1001] received the "have" message from [1009] for the piece [6]
[2020-12-07T03:10:09.252745700]: Peer [1001] received the "have" message from [1004] for the piece [6]
[2020-12-07T03:10:09.256735700]: Peer [1001] received the "have" message from [1002] for the piece [49]
[2020-12-07T03:10:09.259725600]: Peer [1001] received the "have" message from [1003] for the piece [5]
[2020-12-07T03:10:09.253742200]: Peer [1001] has received "request" message for the piece [9] from [1009].
[2020-12-07T03:10:09.311584]: Peer [1001] received the "have" message from [1002] for the piece [47]
[2020-12-07T03:10:09.311584]: Peer [1001] received the "have" message from [1002] for the piece [50]
[2020-12-07T03:10:09.297621600]: Peer [1001] received the "have" message from [1009] for the piece [7]
[2020-12-07T03:10:09.313579700]: Peer [1001] received the "have" message from [1009] for the piece [10]
[2020-12-07T03:10:09.256735700]: Peer [1001] received the "have" message from [1008] for the piece [42]
[2020-12-07T03:10:09.326545400]: Peer [1001] received the "have" message from [1007] for the piece [5]
[2020-12-07T03:10:09.331533400]: Peer [1001] received the "have" message from [1004] for the piece [7]
[2020-12-07T03:10:09.347490800]: Peer [1001] received the "have" message from [1004] for the piece [8]
[2020-12-07T03:10:09.353472600]: Peer [1001] received the "have" message from [1002] for the piece [51]
[2020-12-07T03:10:09.368432800]: Peer [1001] received the "have" message from [1002] for the piece [52]
[2020-12-07T03:10:09.314577700]: Peer [1001] received the "have" message from [1009] for the piece [11]
[2020-12-07T03:10:09.388381900]: Peer [1001] received the "have" message from [1009] for the piece [8]
[2020-12-07T03:10:09.389375900]: Peer [1001] received the "have" message from [1009] for the piece [12]
[2020-12-07T03:10:09.390374500]: Peer [1001] received the "have" message from [1009] for the piece [13]
[2020-12-07T03:10:09.391372100]: Peer [1001] received the "have" message from [1009] for the piece [14]
[2020-12-07T03:10:09.398355500]: Peer [1001] received the "have" message from [1004] for the piece [9]
[2020-12-07T03:10:09.318566100]: Peer [1001] received the "have" message from [1008] for the piece [44]
[2020-12-07T03:10:09.415307100]: Peer [1001] received the "have" message from [1003] for the piece [19]
[2020-12-07T03:10:09.418299300]: Peer [1001] has received "request" message for the piece [48] from [1008].
[2020-12-07T03:10:09.420293700]: Peer [1001] received the "have" message from [1008] for the piece [46]
[2020-12-07T03:10:09.420293700]: Peer [1001] has received "request" message for the piece [49] from [1008].
[2020-12-07T03:10:09.422289]: Peer [1001] received the "have" message from [1008] for the piece [45]
[2020-12-07T03:10:09.423287100]: Peer [1001] received the "have" message from [1008] for the piece [47]
[2020-12-07T03:10:09.427275600]: Peer [1001] received the "have" message from [1004] for the piece [10]
[2020-12-07T03:10:09.440242300]: Peer [1001] received the "have" message from [1002] for the piece [53]
[2020-12-07T03:10:09.452208700]: Peer [1001] received the "have" message from [1003] for the piece [20]
[2020-12-07T03:10:09.466170700]: Peer [1001] received the "have" message from [1007] for the piece [19]
[2020-12-07T03:10:09.471157200]: Peer [1001] received the "have" message from [1003] for the piece [22]
[2020-12-07T03:10:09.478138600]: Peer [1001] received the "have" message from [1007] for the piece [20]
[2020-12-07T03:10:09.492103100]: Peer [1001] received the "have" message from [1003] for the piece [23]
[2020-12-07T03:10:09.493099900]: Peer [1001] received the "have" message from [1007] for the piece [22]
[2020-12-07T03:10:09.494097400]: Peer [1001] has received "request" message for the piece [55] from [1002].
[2020-12-07T03:10:09.506065600]: Peer [1001] received the "have" message from [1003] for the piece [24]
[2020-12-07T03:10:09.513045600]: Peer [1001] received the "have" message from [1002] for the piece [48]
[2020-12-07T03:10:09.513045600]: Peer [1001] has received "request" message for the piece [56] from [1002].
[2020-12-07T03:10:09.518032700]: Peer [1001] received the "have" message from [1003] for the piece [25]
[2020-12-07T03:10:09.527008800]: Peer [1001] received the "have" message from [1004] for the piece [11]
[2020-12-07T03:10:09.529999900]: Peer [1001] received the "have" message from [1002] for the piece [54]
[2020-12-07T03:10:09.534986600]: Peer [1001] received the "have" message from [1003] for the piece [26]
[2020-12-07T03:10:09.544961]: Peer [1001] received the "have" message from [1002] for the piece [57]
[2020-12-07T03:10:09.551941600]: Peer [1001] received the "have" message from [1003] for the piece [27]
[2020-12-07T03:10:09.512049600]: Peer [1001] received the "have" message from [1007] for the piece [23]
[2020-12-07T03:10:09.562913800]: Peer [1001] received the "have" message from [1004] for the piece [12]
[2020-12-07T03:10:09.563911300]: Peer [1001] received the "have" message from [1004] for the piece [13]
[2020-12-07T03:10:09.565904200]: Peer [1001] received the "have" message from [1002] for the piece [58]
[2020-12-07T03:10:09.399350700]: Peer [1001] received the "have" message from [1009] for the piece [15]
[2020-12-07T03:10:09.567899700]: Peer [1001] received the "have" message from [1009] for the piece [16]
[2020-12-07T03:10:09.567899700]: Peer [1001] has received "request" message for the piece [19] from [1009].
[2020-12-07T03:10:09.558922900]: Peer [1001] received the "have" message from [1007] for the piece [24]
[2020-12-07T03:10:09.572885400]: Peer [1001] received the "have" message from [1007] for the piece [25]
[2020-12-07T03:10:09.581862300]: Peer [1001] received the "have" message from [1004] for the piece [14]
[2020-12-07T03:10:09.581862300]: Peer [1001] received the "have" message from [1009] for the piece [17]
[2020-12-07T03:10:09.584854400]: Peer [1001] received the "have" message from [1009] for the piece [18]
[2020-12-07T03:10:09.585852500]: Peer [1001] received the "have" message from [1002] for the piece [59]
[2020-12-07T03:10:09.588843800]: Peer [1001] received the "have" message from [1004] for the piece [16]
[2020-12-07T03:10:09.595824100]: Peer [1001] received the "have" message from [1002] for the piece [60]
[2020-12-07T03:10:09.602807800]: Peer [1001] received the "have" message from [1004] for the piece [20]
[2020-12-07T03:10:09.608791]: Peer [1001] received the "have" message from [1007] for the piece [26]
[2020-12-07T03:10:09.612780300]: Peer [1001] received the "have" message from [1004] for the piece [19]
[2020-12-07T03:10:09.646688400]: Peer [1001] received the "have" message from [1002] for the piece [61]
[2020-12-07T03:10:09.423287100]: Peer [1001] received the "have" message from [1008] for the piece [50]
[2020-12-07T03:10:09.646688400]: Peer [1001] received the "have" message from [1009] for the piece [9]
[2020-12-07T03:10:09.649680200]: Peer [1001] received the "have" message from [1008] for the piece [51]
[2020-12-07T03:10:09.671621900]: Peer [1001] received the "have" message from [1008] for the piece [52]
[2020-12-07T03:10:09.671621900]: Peer [1001] received the "have" message from [1008] for the piece [53]
[2020-12-07T03:10:09.676608900]: Peer [1001] received the "have" message from [1008] for the piece [26]
[2020-12-07T03:10:09.677607200]: Peer [1001] received the "have" message from [1008] for the piece [20]
[2020-12-07T03:10:09.678604]: Peer [1001] received the "have" message from [1008] for the piece [48]
[2020-12-07T03:10:09.564908]: Peer [1001] received the "have" message from [1003] for the piece [4]
[2020-12-07T03:10:09.681594700]: Peer [1001] received the "have" message from [1004] for the piece [21]
[2020-12-07T03:10:09.695556700]: Peer [1001] received the "have" message from [1002] for the piece [55]
[2020-12-07T03:10:09.696554800]: Peer [1001] has received "request" message for the piece [63] from [1002].
[2020-12-07T03:10:09.701541]: Peer [1001] received the "have" message from [1004] for the piece [23]
[2020-12-07T03:10:09.719494300]: Peer [1001] received the "have" message from [1004] for the piece [24]
[2020-12-07T03:10:09.739441500]: Peer [1001] received the "have" message from [1002] for the piece [56]
[2020-12-07T03:10:09.740437600]: Peer [1001] received the "have" message from [1002] for the piece [62]
[2020-12-07T03:10:09.670623700]: Peer [1001] has received "request" message for the piece [22] from [1009].
[2020-12-07T03:10:09.703536300]: Peer [1001] received the "have" message from [1003] for the piece [7]
[2020-12-07T03:10:09.749412800]: Peer [1001] received the "have" message from [1009] for the piece [20]
[2020-12-07T03:10:09.757391800]: Peer [1001] received the "have" message from [1009] for the piece [21]
[2020-12-07T03:10:09.757391800]: Peer [1001] received the "have" message from [1004] for the piece [25]
[2020-12-07T03:10:09.758391900]: Peer [1001] received the "have" message from [1009] for the piece [23]
[2020-12-07T03:10:09.750410300]: Peer [1001] received the "have" message from [1003] for the piece [12]
[2020-12-07T03:10:09.764373200]: Peer [1001] received the "have" message from [1003] for the piece [13]
[2020-12-07T03:10:09.765370300]: Peer [1001] received the "have" message from [1003] for the piece [14]
[2020-12-07T03:10:09.748414700]: Peer [1001] has the preferred neighbors [1008,1009,1002,]
[2020-12-07T03:10:09.769359500]: Peer [1001] received the "have" message from [1007] for the piece [27]
[2020-12-07T03:10:09.772351400]: Peer [1001] received the "have" message from [1003] for the piece [16]
[2020-12-07T03:10:09.781328200]: Peer [1001] received the "have" message from [1004] for the piece [15]
[2020-12-07T03:10:09.782325]: Peer [1001] received the "have" message from [1004] for the piece [26]
[2020-12-07T03:10:09.784321200]: Peer [1001] received the "have" message from [1003] for the piece [18]
[2020-12-07T03:10:09.776341400]: Peer [1001] has  the  optimistically  unchoked  neighbor [1007]
[2020-12-07T03:10:09.790304800]: Peer [1001] has received "request" message for the piece [4] from [1007].
[2020-12-07T03:10:09.791301700]: Peer [1001] has received "request" message for the piece [4] from [1007].
[2020-12-07T03:10:09.801274400]: Peer [1001] received the "have" message from [1003] for the piece [21]
[2020-12-07T03:10:09.802273400]: Peer [1001] received the "have" message from [1007] for the piece [4]
[2020-12-07T03:10:09.803270300]: Peer [1001] has received "request" message for the piece [6] from [1007].
[2020-12-07T03:10:09.759387600]: Peer [1001] received the "have" message from [1009] for the piece [24]
[2020-12-07T03:10:09.792299100]: Peer [1001] received the "have" message from [1004] for the piece [27]
[2020-12-07T03:10:09.761381700]: Peer [1001] received the "have" message from [1008] for the piece [54]
[2020-12-07T03:10:09.811247900]: Peer [1001] received the "have" message from [1004] for the piece [28]
[2020-12-07T03:10:09.813244100]: Peer [1001] received the "have" message from [1004] for the piece [29]
[2020-12-07T03:10:09.817231300]: Peer [1001] has received "request" message for the piece [8] from [1007].
[2020-12-07T03:10:09.822217700]: Peer [1001] received the "have" message from [1002] for the piece [64]
[2020-12-07T03:10:09.828202900]: Peer [1001] received the "have" message from [1004] for the piece [17]
[2020-12-07T03:10:09.836182500]: Peer [1001] received the "have" message from [1002] for the piece [65]
[2020-12-07T03:10:09.847153300]: Peer [1001] received the "have" message from [1002] for the piece [66]
[2020-12-07T03:10:09.816234400]: Peer [1001] has received "request" message for the piece [56] from [1008].
[2020-12-07T03:10:09.828202900]: Peer [1001] received the "have" message from [1007] for the piece [6]
[2020-12-07T03:10:09.867100200]: Peer [1001] has received "request" message for the piece [14] from [1007].
[2020-12-07T03:10:09.869092200]: Peer [1001] received the "have" message from [1008] for the piece [20]
[2020-12-07T03:10:09.894026200]: Peer [1001] received the "have" message from [1004] for the piece [30]
[2020-12-07T03:10:09.902005700]: Peer [1001] received the "have" message from [1003] for the piece [6]
[2020-12-07T03:10:09.913974300]: Peer [1001] received the "have" message from [1004] for the piece [18]
[2020-12-07T03:10:09.923947700]: Peer [1001] received the "have" message from [1004] for the piece [31]
[2020-12-07T03:10:09.816234400]: Peer [1001] received the "have" message from [1009] for the piece [25]
[2020-12-07T03:10:09.968827500]: Peer [1001] received the "have" message from [1004] for the piece [33]
[2020-12-07T03:10:09.962842100]: Peer [1001] received the "have" message from [1009] for the piece [26]
[2020-12-07T03:10:09.878068700]: Peer [1001] received the "have" message from [1007] for the piece [8]
[2020-12-07T03:10:09.970821300]: Peer [1001] received the "have" message from [1009] for the piece [5]
[2020-12-07T03:10:09.978799300]: Peer [1001] received the "have" message from [1004] for the piece [22]
[2020-12-07T03:10:09.978799300]: Peer [1001] received the "have" message from [1009] for the piece [27]
[2020-12-07T03:10:09.978799300]: Peer [1001] has received "request" message for the piece [16] from [1007].
[2020-12-07T03:10:09.980794]: Peer [1001] received the "have" message from [1009] for the piece [28]
[2020-12-07T03:10:09.888042200]: Peer [1001] received the "have" message from [1008] for the piece [49]
[2020-12-07T03:10:09.982789200]: Peer [1001] received the "have" message from [1002] for the piece [63]
[2020-12-07T03:10:09.982789200]: Peer [1001] received the "have" message from [1009] for the piece [29]
[2020-12-07T03:10:09.982789200]: Peer [1001] received the "have" message from [1007] for the piece [7]
[2020-12-07T03:10:09.986777500]: Peer [1001] received the "have" message from [1009] for the piece [19]
[2020-12-07T03:10:09.985780300]: Peer [1001] has received "request" message for the piece [58] from [1008].
[2020-12-07T03:10:09.995755600]: Peer [1001] received the "have" message from [1003] for the piece [8]
[2020-12-07T03:10:09.996753200]: Peer [1001] received the "have" message from [1007] for the piece [14]
[2020-12-07T03:10:09.999744300]: Peer [1001] received the "have" message from [1004] for the piece [34]
[2020-12-07T03:10:10.053600300]: Peer [1001] received the "have" message from [1008] for the piece [55]
[2020-12-07T03:10:10.065569200]: Peer [1001] has received "request" message for the piece [9] from [1007].
[2020-12-07T03:10:09.997749600]: Peer [1001] received the "have" message from [1009] for the piece [30]
[2020-12-07T03:10:10.066565400]: Peer [1001] received the "have" message from [1008] for the piece [55]
[2020-12-07T03:10:10.067561900]: Peer [1001] received the "have" message from [1008] for the piece [57]
[2020-12-07T03:10:10.067561900]: Peer [1001] received the "have" message from [1007] for the piece [10]
[2020-12-07T03:10:10.066565400]: Peer [1001] received the "have" message from [1004] for the piece [35]
[2020-12-07T03:10:10.068559500]: Peer [1001] received the "have" message from [1007] for the piece [11]
[2020-12-07T03:10:10.068559500]: Peer [1001] received the "have" message from [1008] for the piece [25]
[2020-12-07T03:10:10.069556300]: Peer [1001] received the "have" message from [1008] for the piece [27]
[2020-12-07T03:10:10.068559500]: Peer [1001] received the "have" message from [1004] for the piece [36]
[2020-12-07T03:10:10.070554]: Peer [1001] received the "have" message from [1007] for the piece [16]
[2020-12-07T03:10:10.070554]: Peer [1001] received the "have" message from [1008] for the piece [28]
[2020-12-07T03:10:10.070554]: Peer [1001] has received "request" message for the piece [28] from [1007].
[2020-12-07T03:10:10.072548200]: Peer [1001] received the "have" message from [1008] for the piece [59]
[2020-12-07T03:10:10.072548200]: Peer [1001] received the "have" message from [1007] for the piece [13]
[2020-12-07T03:10:10.077535100]: Peer [1001] received the "have" message from [1007] for the piece [9]
[2020-12-07T03:10:10.078534300]: Peer [1001] has received "request" message for the piece [38] from [1007].
[2020-12-07T03:10:10.085516]: Peer [1001] received the "have" message from [1007] for the piece [28]
[2020-12-07T03:10:10.086511700]: Peer [1001] has received "request" message for the piece [39] from [1007].
[2020-12-07T03:10:10.096485600]: Peer [1001] received the "have" message from [1007] for the piece [38]
[2020-12-07T03:10:10.096485600]: Peer [1001] has received "request" message for the piece [40] from [1007].
[2020-12-07T03:10:10.098479600]: Peer [1001] received the "have" message from [1003] for the piece [10]
[2020-12-07T03:10:10.104464200]: Peer [1001] received the "have" message from [1007] for the piece [39]
[2020-12-07T03:10:10.123415200]: Peer [1001] received the "have" message from [1003] for the piece [28]
[2020-12-07T03:10:10.124411400]: Peer [1001] received the "have" message from [1003] for the piece [28]
[2020-12-07T03:10:10.125408]: Peer [1001] received the "have" message from [1003] for the piece [29]
[2020-12-07T03:10:10.126404600]: Peer [1001] received the "have" message from [1003] for the piece [29]
[2020-12-07T03:10:10.115437800]: Peer [1001] has received "request" message for the piece [41] from [1007].
[2020-12-07T03:10:10.135383600]: Peer [1001] received the "have" message from [1003] for the piece [30]
[2020-12-07T03:10:10.141365300]: Peer [1001] received the "have" message from [1004] for the piece [40]
[2020-12-07T03:10:10.146352600]: Peer [1001] received the "have" message from [1003] for the piece [31]
[2020-12-07T03:10:10.147349800]: Peer [1001] received the "have" message from [1007] for the piece [40]
[2020-12-07T03:10:10.161313]: Peer [1001] has received "request" message for the piece [42] from [1007].
[2020-12-07T03:10:10.068559500]: Peer [1001] has received "request" message for the piece [32] from [1009].
[2020-12-07T03:10:10.073546100]: Peer [1001] received the "have" message from [1008] for the piece [60]
[2020-12-07T03:10:10.178266100]: Peer [1001] received the "have" message from [1008] for the piece [29]
[2020-12-07T03:10:10.179263100]: Peer [1001] received the "have" message from [1008] for the piece [61]
[2020-12-07T03:10:10.166300700]: Peer [1001] received the "have" message from [1007] for the piece [41]
[2020-12-07T03:10:10.191232100]: Peer [1001] has received "request" message for the piece [43] from [1007].
[2020-12-07T03:10:10.192229800]: Peer [1001] received the "have" message from [1007] for the piece [42]
[2020-12-07T03:10:10.193227800]: Peer [1001] received the "have" message from [1003] for the piece [9]
[2020-12-07T03:10:10.193227800]: Peer [1001] has received "request" message for the piece [44] from [1007].
[2020-12-07T03:10:10.205194600]: Peer [1001] received the "have" message from [1007] for the piece [43]
[2020-12-07T03:10:10.206192100]: Peer [1001] has received "request" message for the piece [45] from [1007].
[2020-12-07T03:10:10.217163400]: Peer [1001] received the "have" message from [1007] for the piece [44]
[2020-12-07T03:10:10.218159500]: Peer [1001] has received "request" message for the piece [47] from [1007].
[2020-12-07T03:10:10.227136900]: Peer [1001] received the "have" message from [1007] for the piece [45]
[2020-12-07T03:10:10.228134900]: Peer [1001] has received "request" message for the piece [49] from [1007].
[2020-12-07T03:10:10.219158400]: Peer [1001] received the "have" message from [1003] for the piece [11]
[2020-12-07T03:10:10.238106700]: Peer [1001] received the "have" message from [1007] for the piece [12]
[2020-12-07T03:10:10.239104100]: Peer [1001] received the "have" message from [1007] for the piece [47]
[2020-12-07T03:10:10.239104100]: Peer [1001] has received "request" message for the piece [51] from [1007].
[2020-12-07T03:10:10.246086700]: Peer [1001] received the "have" message from [1007] for the piece [49]
[2020-12-07T03:10:10.248081300]: Peer [1001] has received "request" message for the piece [52] from [1007].
[2020-12-07T03:10:10.190235700]: Peer [1001] received the "have" message from [1008] for the piece [62]
[2020-12-07T03:10:10.267029500]: Peer [1001] received the "have" message from [1008] for the piece [30]
[2020-12-07T03:10:10.268025700]: Peer [1001] received the "have" message from [1008] for the piece [63]
[2020-12-07T03:10:10.268025700]: Peer [1001] received the "have" message from [1008] for the piece [64]
[2020-12-07T03:10:10.269023]: Peer [1001] received the "have" message from [1008] for the piece [65]
[2020-12-07T03:10:10.269023]: Peer [1001] received the "have" message from [1008] for the piece [31]
[2020-12-07T03:10:10.270020900]: Peer [1001] received the "have" message from [1008] for the piece [66]
[2020-12-07T03:10:10.271018]: Peer [1001] received the "have" message from [1008] for the piece [32]
[2020-12-07T03:10:10.271018]: Peer [1001] received the "have" message from [1008] for the piece [33]
[2020-12-07T03:10:10.271018]: Peer [1001] received the "have" message from [1008] for the piece [33]
[2020-12-07T03:10:10.272016100]: Peer [1001] received the "have" message from [1008] for the piece [56]
[2020-12-07T03:10:10.273013500]: Peer [1001] received the "have" message from [1008] for the piece [56]
[2020-12-07T03:10:10.273013500]: Peer [1001] received the "have" message from [1008] for the piece [34]
[2020-12-07T03:10:10.274011400]: Peer [1001] received the "have" message from [1008] for the piece [37]
[2020-12-07T03:10:10.271018]: Peer [1001] received the "have" message from [1009] for the piece [31]
[2020-12-07T03:10:10.289967600]: Peer [1001] received the "have" message from [1009] for the piece [33]
[2020-12-07T03:10:10.291961300]: Peer [1001] received the "have" message from [1009] for the piece [34]
[2020-12-07T03:10:10.261046500]: Peer [1001] received the "have" message from [1004] for the piece [37]
[2020-12-07T03:10:10.292960600]: Peer [1001] received the "have" message from [1007] for the piece [51]
[2020-12-07T03:10:10.292960600]: Peer [1001] received the "have" message from [1009] for the piece [35]
[2020-12-07T03:10:10.293957900]: Peer [1001] received the "have" message from [1009] for the piece [22]
[2020-12-07T03:10:10.298943500]: Peer [1001] received the "have" message from [1003] for the piece [32]
[2020-12-07T03:10:10.293957900]: Peer [1001] has received "request" message for the piece [53] from [1007].
[2020-12-07T03:10:10.312907100]: Peer [1001] received the "have" message from [1007] for the piece [52]
[2020-12-07T03:10:10.299940100]: Peer [1001] received the "have" message from [1003] for the piece [33]
[2020-12-07T03:10:10.313903900]: Peer [1001] has received "request" message for the piece [54] from [1007].
[2020-12-07T03:10:10.321881800]: Peer [1001] received the "have" message from [1007] for the piece [53]
[2020-12-07T03:10:10.322878800]: Peer [1001] has received "request" message for the piece [57] from [1007].
[2020-12-07T03:10:10.314901200]: Peer [1001] received the "have" message from [1003] for the piece [32]
[2020-12-07T03:10:10.336842600]: Peer [1001] received the "have" message from [1004] for the piece [39]
[2020-12-07T03:10:10.356788700]: Peer [1001] received the "have" message from [1007] for the piece [54]
[2020-12-07T03:10:10.358783600]: Peer [1001] has received "request" message for the piece [58] from [1007].
[2020-12-07T03:10:10.287972400]: Peer [1001] received the "have" message from [1008] for the piece [38]
[2020-12-07T03:10:10.297945600]: Peer [1001] has received "request" message for the piece [38] from [1009].
[2020-12-07T03:10:10.385713300]: Peer [1001] received the "have" message from [1007] for the piece [57]
[2020-12-07T03:10:10.395684900]: Peer [1001] has received "request" message for the piece [59] from [1007].
[2020-12-07T03:10:10.409647100]: Peer [1001] received the "have" message from [1004] for the piece [41]
[2020-12-07T03:10:10.418623800]: Peer [1001] received the "have" message from [1004] for the piece [42]
[2020-12-07T03:10:10.428596]: Peer [1001] received the "have" message from [1004] for the piece [43]
[2020-12-07T03:10:10.378730]: Peer [1001] received the "have" message from [1008] for the piece [39]
[2020-12-07T03:10:10.431587800]: Peer [1001] received the "have" message from [1008] for the piece [58]
[2020-12-07T03:10:10.395684900]: Peer [1001] received the "have" message from [1009] for the piece [36]
[2020-12-07T03:10:10.437571800]: Peer [1001] received the "have" message from [1009] for the piece [37]
[2020-12-07T03:10:10.448543300]: Peer [1001] received the "have" message from [1009] for the piece [39]
[2020-12-07T03:10:10.443555500]: Peer [1001] received the "have" message from [1007] for the piece [58]
[2020-12-07T03:10:10.449540800]: Peer [1001] received the "have" message from [1003] for the piece [36]
[2020-12-07T03:10:10.450537]: Peer [1001] has received "request" message for the piece [60] from [1007].
[2020-12-07T03:10:10.453529100]: Peer [1001] received the "have" message from [1007] for the piece [59]
[2020-12-07T03:10:10.455524200]: Peer [1001] has received "request" message for the piece [62] from [1007].
[2020-12-07T03:10:10.461510300]: Peer [1001] received the "have" message from [1007] for the piece [60]
[2020-12-07T03:10:10.462506300]: Peer [1001] has received "request" message for the piece [65] from [1007].
[2020-12-07T03:10:10.463502800]: Peer [1001] received the "have" message from [1004] for the piece [32]
[2020-12-07T03:10:10.465496800]: Peer [1001] received the "have" message from [1004] for the piece [44]
[2020-12-07T03:10:10.461510300]: Peer [1001] received the "have" message from [1003] for the piece [37]
[2020-12-07T03:10:10.471481100]: Peer [1001] received the "have" message from [1007] for the piece [62]
[2020-12-07T03:10:10.482452500]: Peer [1001] received the "have" message from [1009] for the piece [40]
[2020-12-07T03:10:10.488436800]: Peer [1001] received the "have" message from [1009] for the piece [41]
[2020-12-07T03:10:10.489433700]: Peer [1001] received the "have" message from [1003] for the piece [38]
[2020-12-07T03:10:10.491428100]: Peer [1001] received the "have" message from [1007] for the piece [65]
[2020-12-07T03:10:10.501401800]: Peer [1001] received the "have" message from [1007] for the piece [18]
[2020-12-07T03:10:10.490432]: Peer [1001] received the "have" message from [1004] for the piece [45]
[2020-12-07T03:10:10.490432]: Peer [1001] received the "have" message from [1009] for the piece [42]
[2020-12-07T03:10:10.511374700]: Peer [1001] received the "have" message from [1004] for the piece [46]
[2020-12-07T03:10:10.514368200]: Peer [1001] received the "have" message from [1003] for the piece [39]
[2020-12-07T03:10:10.529327100]: Peer [1001] received the "have" message from [1003] for the piece [41]
[2020-12-07T03:10:10.529327100]: Peer [1001] received the "have" message from [1005] for the piece [28]
[2020-12-07T03:10:10.533317700]: Peer [1001] received the "have" message from [1003] for the piece [15]
[2020-12-07T03:10:10.534314400]: Peer [1001] received the "have" message from [1004] for the piece [47]
[2020-12-07T03:10:10.516362500]: Peer [1001] received the "have" message from [1009] for the piece [32]
[2020-12-07T03:10:10.555257600]: Peer [1001] received the "have" message from [1003] for the piece [40]
[2020-12-07T03:10:10.559248600]: Peer [1001] received the "have" message from [1004] for the piece [50]
[2020-12-07T03:10:10.570218300]: Peer [1001] received the "have" message from [1003] for the piece [34]
[2020-12-07T03:10:10.580192300]: Peer [1001] received the "have" message from [1003] for the piece [42]
[2020-12-07T03:10:10.593160500]: Peer [1001] received the "have" message from [1004] for the piece [51]
[2020-12-07T03:10:10.598143700]: Peer [1001] received the "have" message from [1003] for the piece [17]
[2020-12-07T03:10:10.602132800]: Peer [1001] received the "have" message from [1003] for the piece [17]
[2020-12-07T03:10:10.625071500]: Peer [1001] received the "have" message from [1005] for the piece [29]
[2020-12-07T03:10:10.633050400]: Peer [1001] received the "have" message from [1003] for the piece [44]
[2020-12-07T03:10:10.639034600]: Peer [1001] received the "have" message from [1005] for the piece [30]
[2020-12-07T03:10:10.652997200]: Peer [1001] received the "have" message from [1003] for the piece [45]
[2020-12-07T03:10:10.652000300]: Peer [1001] received the "have" message from [1005] for the piece [31]
[2020-12-07T03:10:10.551269600]: Peer [1001] received the "have" message from [1009] for the piece [38]
[2020-12-07T03:10:10.683912800]: Peer [1001] received the "have" message from [1005] for the piece [32]
[2020-12-07T03:10:10.693887400]: Peer [1001] received the "have" message from [1007] for the piece [15]
[2020-12-07T03:10:10.697876800]: Peer [1001] received the "have" message from [1005] for the piece [33]
[2020-12-07T03:10:10.702862200]: Peer [1001] received the "have" message from [1007] for the piece [17]
[2020-12-07T03:10:10.713832300]: Peer [1001] received the "have" message from [1007] for the piece [30]
[2020-12-07T03:10:10.680921100]: Peer [1001] received the "have" message from [1009] for the piece [46]
[2020-12-07T03:10:10.723805800]: Peer [1001] received the "have" message from [1009] for the piece [48]
[2020-12-07T03:10:10.723805800]: Peer [1001] received the "have" message from [1009] for the piece [43]
[2020-12-07T03:10:10.723805800]: Peer [1001] received the "have" message from [1009] for the piece [50]
[2020-12-07T03:10:10.726798800]: Peer [1001] received the "have" message from [1007] for the piece [21]
[2020-12-07T03:10:10.733779500]: Peer [1001] received the "have" message from [1003] for the piece [47]
[2020-12-07T03:10:10.736771400]: Peer [1001] received the "have" message from [1009] for the piece [55]
[2020-12-07T03:10:10.736771400]: Peer [1001] received the "have" message from [1003] for the piece [50]
[2020-12-07T03:10:10.736771400]: Peer [1001] received the "have" message from [1009] for the piece [56]
[2020-12-07T03:10:10.737768400]: Peer [1001] received the "have" message from [1009] for the piece [61]
[2020-12-07T03:10:10.737768400]: Peer [1001] received the "have" message from [1009] for the piece [63]
[2020-12-07T03:10:10.738766400]: Peer [1001] received the "have" message from [1007] for the piece [29]
[2020-12-07T03:10:10.738766400]: Peer [1001] received the "have" message from [1009] for the piece [63]
[2020-12-07T03:10:10.739762900]: Peer [1001] has received "request" message for the piece [65] from [1009].
[2020-12-07T03:10:10.748741300]: Peer [1001] has the preferred neighbors [1009,1003,1004,]
[2020-12-07T03:10:10.749737100]: Peer [1001] received the "have" message from [1007] for the piece [31]
[2020-12-07T03:10:10.752728600]: Peer [1001] has received "request" message for the piece [38] from [1004].
[2020-12-07T03:10:10.754722800]: Peer [1001] has received "request" message for the piece [38] from [1004].
[2020-12-07T03:10:10.756717100]: Peer [1001] has received "request" message for the piece [35] from [1003].
[2020-12-07T03:10:10.757714700]: Peer [1001] has received "request" message for the piece [35] from [1003].
[2020-12-07T03:10:10.757714700]: Peer [1001] received the "have" message from [1009] for the piece [64]
[2020-12-07T03:10:10.764696100]: Peer [1001] received the "have" message from [1009] for the piece [44]
[2020-12-07T03:10:10.764696100]: Peer [1001] received the "have" message from [1009] for the piece [66]
[2020-12-07T03:10:10.765694500]: Peer [1001] received the "have" message from [1009] for the piece [45]
[2020-12-07T03:10:10.765694500]: Peer [1001] received the "have" message from [1004] for the piece [38]
[2020-12-07T03:10:10.765694500]: Peer [1001] received the "have" message from [1009] for the piece [47]
[2020-12-07T03:10:10.766690900]: Peer [1001] received the "have" message from [1004] for the piece [49]
[2020-12-07T03:10:10.762702600]: Peer [1001] received the "have" message from [1003] for the piece [54]
[2020-12-07T03:10:10.779656500]: Peer [1001] has received "request" message for the piece [54] from [1004].
[2020-12-07T03:10:10.778658900]: Peer [1001] received the "have" message from [1009] for the piece [49]
[2020-12-07T03:10:10.783646]: Peer [1001] received the "have" message from [1009] for the piece [51]
[2020-12-07T03:10:10.792621900]: Peer [1001] received the "have" message from [1009] for the piece [52]
[2020-12-07T03:10:10.781651200]: Peer [1001] has received "request" message for the piece [55] from [1004].
[2020-12-07T03:10:10.783646]: Peer [1001] received the "have" message from [1007] for the piece [32]
[2020-12-07T03:10:10.797609100]: Peer [1001] received the "have" message from [1007] for the piece [33]
[2020-12-07T03:10:10.711837900]: Peer [1001] received the "have" message from [1005] for the piece [34]
[2020-12-07T03:10:10.805587900]: Peer [1001] received the "have" message from [1005] for the piece [35]
[2020-12-07T03:10:10.806584800]: Peer [1001] received the "have" message from [1007] for the piece [36]
[2020-12-07T03:10:10.805587900]: Peer [1001] received the "have" message from [1005] for the piece [36]
[2020-12-07T03:10:10.807581900]: Peer [1001] received the "have" message from [1005] for the piece [37]
[2020-12-07T03:10:10.826531]: Peer [1001] received the "have" message from [1005] for the piece [38]
[2020-12-07T03:10:10.826531]: Peer [1001] received the "have" message from [1007] for the piece [37]
[2020-12-07T03:10:10.780653800]: Peer [1001] received the "have" message from [1003] for the piece [35]
[2020-12-07T03:10:10.834509400]: Peer [1001] received the "have" message from [1005] for the piece [39]
[2020-12-07T03:10:10.836503700]: Peer [1001] received the "have" message from [1003] for the piece [43]
[2020-12-07T03:10:10.837501300]: Peer [1001] received the "have" message from [1003] for the piece [43]
[2020-12-07T03:10:10.837501300]: Peer [1001] has received "request" message for the piece [48] from [1003].
[2020-12-07T03:10:10.841492400]: Peer [1001] has received "request" message for the piece [53] from [1003].
[2020-12-07T03:10:10.857448200]: Peer [1001] received the "have" message from [1003] for the piece [48]
[2020-12-07T03:10:10.858445800]: Peer [1001] has received "request" message for the piece [57] from [1003].
[2020-12-07T03:10:10.860439900]: Peer [1001] received the "have" message from [1005] for the piece [41]
[2020-12-07T03:10:10.861438300]: Peer [1001] received the "have" message from [1007] for the piece [34]
[2020-12-07T03:10:10.867421600]: Peer [1001] received the "have" message from [1003] for the piece [53]
[2020-12-07T03:10:10.868418700]: Peer [1001] has received "request" message for the piece [59] from [1003].
[2020-12-07T03:10:10.881384700]: Peer [1001] received the "have" message from [1003] for the piece [57]
[2020-12-07T03:10:10.881384700]: Peer [1001] has received "request" message for the piece [60] from [1003].
[2020-12-07T03:10:10.897343600]: Peer [1001] received the "have" message from [1005] for the piece [43]
[2020-12-07T03:10:10.908312900]: Peer [1001] received the "have" message from [1005] for the piece [44]
[2020-12-07T03:10:10.908312900]: Peer [1001] received the "have" message from [1003] for the piece [59]
[2020-12-07T03:10:10.909310900]: Peer [1001] has received "request" message for the piece [61] from [1003].
[2020-12-07T03:10:10.794617100]: Peer [1001] received the "have" message from [1009] for the piece [53]
[2020-12-07T03:10:10.911306200]: Peer [1001] received the "have" message from [1004] for the piece [48]
[2020-12-07T03:10:10.924270800]: Peer [1001] received the "have" message from [1003] for the piece [60]
[2020-12-07T03:10:10.919282100]: Peer [1001] received the "have" message from [1009] for the piece [54]
[2020-12-07T03:10:10.927264100]: Peer [1001] received the "have" message from [1003] for the piece [60]
[2020-12-07T03:10:10.927264100]: Peer [1001] has received "request" message for the piece [63] from [1003].
[2020-12-07T03:10:10.925267400]: Peer [1001] received the "have" message from [1009] for the piece [57]
[2020-12-07T03:10:10.930254900]: Peer [1001] received the "have" message from [1009] for the piece [58]
[2020-12-07T03:10:10.935240900]: Peer [1001] received the "have" message from [1003] for the piece [61]
[2020-12-07T03:10:10.936238]: Peer [1001] has received "request" message for the piece [64] from [1003].
[2020-12-07T03:10:10.925267400]: Peer [1001] received the "have" message from [1004] for the piece [53]
[2020-12-07T03:10:10.943219700]: Peer [1001] received the "have" message from [1004] for the piece [54]
[2020-12-07T03:10:10.945214900]: Peer [1001] has received "request" message for the piece [56] from [1004].
[2020-12-07T03:10:10.958178400]: Peer [1001] received the "have" message from [1003] for the piece [51]
[2020-12-07T03:10:10.959176100]: Peer [1001] received the "have" message from [1003] for the piece [63]
[2020-12-07T03:10:10.961171200]: Peer [1001] received the "have" message from [1004] for the piece [58]
[2020-12-07T03:10:10.962167900]: Peer [1001] received the "have" message from [1004] for the piece [56]
[2020-12-07T03:10:10.962167900]: Peer [1001] received the "have" message from [1004] for the piece [59]
[2020-12-07T03:10:10.963166700]: Peer [1001] received the "have" message from [1004] for the piece [60]
[2020-12-07T03:10:10.963166700]: Peer [1001] received the "have" message from [1004] for the piece [62]
[2020-12-07T03:10:10.965160500]: Peer [1001] received the "have" message from [1004] for the piece [52]
[2020-12-07T03:10:10.966163800]: Peer [1001] received the "have" message from [1004] for the piece [64]
[2020-12-07T03:10:10.967154600]: Peer [1001] received the "have" message from [1004] for the piece [55]
[2020-12-07T03:10:10.968152900]: Peer [1001] has received "request" message for the piece [66] from [1004].
[2020-12-07T03:10:10.976131600]: Peer [1001] received the "have" message from [1004] for the piece [66]
[2020-12-07T03:10:10.982115200]: Peer [1001] has received "request" message for the piece [65] from [1003].
[2020-12-07T03:10:10.982115200]: Peer [1001] received the "have" message from [1004] for the piece [57]
[2020-12-07T03:10:10.984109700]: Peer [1001] received the "have" message from [1005] for the piece [45]
[2020-12-07T03:10:10.933245800]: Peer [1001] received the "have" message from [1009] for the piece [59]
[2020-12-07T03:10:10.988099900]: Peer [1001] received the "have" message from [1003] for the piece [49]
[2020-12-07T03:10:11.001066400]: Peer [1001] received the "have" message from [1005] for the piece [40]
[2020-12-07T03:10:11.025000600]: Peer [1001] received the "have" message from [1005] for the piece [46]
[2020-12-07T03:10:11.032979400]: Peer [1001] received the "have" message from [1005] for the piece [47]
[2020-12-07T03:10:11.049933300]: Peer [1001] received the "have" message from [1005] for the piece [48]
[2020-12-07T03:10:11.051927600]: Peer [1001] received the "have" message from [1004] for the piece [63]
[2020-12-07T03:10:11.055917400]: Peer [1001] received the "have" message from [1004] for the piece [61]
[2020-12-07T03:10:11.059906600]: Peer [1001] received the "have" message from [1007] for the piece [46]
[2020-12-07T03:10:11.065890900]: Peer [1001] received the "have" message from [1005] for the piece [49]
[2020-12-07T03:10:11.071874800]: Peer [1001] received the "have" message from [1007] for the piece [48]
[2020-12-07T03:10:11.075863700]: Peer [1001] received the "have" message from [1005] for the piece [51]
[2020-12-07T03:10:11.085836400]: Peer [1001] received the "have" message from [1005] for the piece [50]
[2020-12-07T03:10:11.088829]: Peer [1001] received the "have" message from [1003] for the piece [64]
[2020-12-07T03:10:11.101794]: Peer [1001] received the "have" message from [1005] for the piece [52]
[2020-12-07T03:10:11.105783500]: Peer [1001] received the "have" message from [1003] for the piece [65]
[2020-12-07T03:10:11.116754400]: Peer [1001] received the "have" message from [1007] for the piece [50]
[2020-12-07T03:10:11.121741900]: Peer [1001] received the "have" message from [1005] for the piece [53]
[2020-12-07T03:10:11.122738800]: Peer [1001] received the "have" message from [1005] for the piece [54]
[2020-12-07T03:10:11.128722900]: Peer [1001] received the "have" message from [1004] for the piece [65]
[2020-12-07T03:10:11.136700800]: Peer [1001] received the "have" message from [1007] for the piece [35]
[2020-12-07T03:10:11.140690100]: Peer [1001] received the "have" message from [1005] for the piece [57]
[2020-12-07T03:10:11.151662500]: Peer [1001] received the "have" message from [1003] for the piece [56]
[2020-12-07T03:10:10.988099900]: Peer [1001] received the "have" message from [1009] for the piece [60]
[2020-12-07T03:10:11.154656]: Peer [1001] received the "have" message from [1005] for the piece [42]
[2020-12-07T03:10:11.223470700]: Peer [1001] received the "have" message from [1007] for the piece [61]
[2020-12-07T03:10:11.224467100]: Peer [1001] received the "have" message from [1005] for the piece [55]
[2020-12-07T03:10:11.245411800]: Peer [1001] received the "have" message from [1007] for the piece [63]
[2020-12-07T03:10:11.239426500]: Peer [1001] received the "have" message from [1005] for the piece [58]
[2020-12-07T03:10:11.263361800]: Peer [1001] received the "have" message from [1003] for the piece [52]
[2020-12-07T03:10:11.270343500]: Peer [1001] received the "have" message from [1005] for the piece [61]
[2020-12-07T03:10:11.205517800]: Peer [1001] received the "have" message from [1009] for the piece [62]
[2020-12-07T03:10:11.284306300]: Peer [1001] received the "have" message from [1003] for the piece [62]
[2020-12-07T03:10:11.288295200]: Peer [1001] received the "have" message from [1007] for the piece [55]
[2020-12-07T03:10:11.289293100]: Peer [1001] received the "have" message from [1005] for the piece [65]
[2020-12-07T03:10:11.290289500]: Peer [1001] received the "have" message from [1005] for the piece [66]
[2020-12-07T03:10:11.298268600]: Peer [1001] received the "have" message from [1003] for the piece [58]
[2020-12-07T03:10:11.281313800]: Peer [1001] received the "have" message from [1009] for the piece [65]
[2020-12-07T03:10:11.319212500]: Peer [1001] received the "have" message from [1007] for the piece [66]
[2020-12-07T03:10:11.331182800]: Peer [1001] received the "have" message from [1005] for the piece [62]
[2020-12-07T03:10:11.347138200]: Peer [1001] received the "have" message from [1003] for the piece [46]
[2020-12-07T03:10:11.371074100]: Peer [1001] received the "have" message from [1007] for the piece [64]
[2020-12-07T03:10:11.393016100]: Peer [1001] received the "have" message from [1003] for the piece [66]
[2020-12-07T03:10:11.393016100]: Peer [1001] received the "have" message from [1007] for the piece [56]
[2020-12-07T03:10:11.428919500]: Peer [1001] received the "have" message from [1003] for the piece [55]
[2020-12-07T03:10:11.543613400]: Peer [1001] received the "have" message from [1005] for the piece [56]
[2020-12-07T03:10:11.556579100]: Peer [1001] received the "have" message from [1005] for the piece [59]
[2020-12-07T03:10:11.564558300]: Peer [1001] received the "have" message from [1005] for the piece [60]
[2020-12-07T03:10:11.574529700]: Peer [1001] received the "have" message from [1005] for the piece [63]
[2020-12-07T03:10:11.587494900]: Peer [1001] received the "have" message from [1005] for the piece [64]
[2020-12-07T03:10:11.749062500]: Peer [1001] has the preferred neighbors []
