[2020-12-05T23:18:43.328590700]: Peer [1002] has the preferred neighbors []
[2020-12-05T23:18:43.331583800]: Peer [1002] makes a connection to Peer [1001]
[2020-12-05T23:18:43.348850500]: Peer [1002] makes a connection to Peer [1001]
[2020-12-05T23:18:43.350532800]: Peer [1002] is connected from Peer [1004]
[2020-12-05T23:18:43.352576100]: Peer [1002] is connected from Peer [1003]
[2020-12-05T23:18:43.362765700]: Peer [1002] is connected from Peer [1005]
[2020-12-05T23:18:43.381022100]: Peer [1002] is connected from Peer [1006]
[2020-12-05T23:18:43.383967]: Peer [1002] received the "not interested" message from [1006]
[2020-12-05T23:18:43.385959800]: Peer [1002] is unchoked by [1006]
[2020-12-05T23:18:43.393946100]: Peer [1002] is choked by [1006]
[2020-12-05T23:18:43.409895700]: Peer [1002] is connected from Peer [1008]
[2020-12-05T23:18:43.413888400]: Peer [1002] received the "interested" message from [1008]
[2020-12-05T23:18:43.422861200]: Peer [1002] is connected from Peer [1007]
[2020-12-05T23:18:43.426850500]: Peer [1002] received the "not interested" message from [1007]
[2020-12-05T23:18:43.457766900]: Peer [1002] is connected from Peer [1009]
[2020-12-05T23:18:43.460759900]: Peer [1002] received the "not interested" message from [1009]
[2020-12-05T23:18:43.492764300]: Peer [1002] received the "have" message from [1003] for the piece [0]
[2020-12-05T23:18:43.535552400]: Peer [1002] received the "have" message from [1003] for the piece [1]
[2020-12-05T23:18:43.578308300]: Peer [1002] received the "have" message from [1003] for the piece [2]
[2020-12-05T23:18:43.607914800]: Peer [1002] received the "have" message from [1003] for the piece [3]
[2020-12-05T23:18:43.632390800]: Peer [1002] received the "have" message from [1003] for the piece [4]
[2020-12-05T23:18:43.650602300]: Peer [1002] received the "have" message from [1003] for the piece [5]
[2020-12-05T23:18:43.679316200]: Peer [1002] received the "have" message from [1003] for the piece [6]
[2020-12-05T23:18:43.695748700]: Peer [1002] received the "have" message from [1003] for the piece [7]
[2020-12-05T23:18:43.724021100]: Peer [1002] received the "have" message from [1003] for the piece [8]
[2020-12-05T23:18:43.751842100]: Peer [1002] received the "have" message from [1003] for the piece [9]
[2020-12-05T23:18:43.770788300]: Peer [1002] received the "have" message from [1003] for the piece [10]
[2020-12-05T23:18:43.788930500]: Peer [1002] received the "have" message from [1003] for the piece [11]
[2020-12-05T23:18:43.815968300]: Peer [1002] received the "have" message from [1003] for the piece [12]
[2020-12-05T23:18:43.829009300]: Peer [1002] received the "have" message from [1003] for the piece [13]
[2020-12-05T23:18:43.846235800]: Peer [1002] received the "have" message from [1003] for the piece [14]
[2020-12-05T23:18:43.862209100]: Peer [1002] received the "have" message from [1003] for the piece [15]
[2020-12-05T23:18:43.880231300]: Peer [1002] received the "have" message from [1003] for the piece [16]
[2020-12-05T23:18:43.897580400]: Peer [1002] received the "have" message from [1003] for the piece [17]
[2020-12-05T23:18:43.920329200]: Peer [1002] received the "have" message from [1003] for the piece [18]
[2020-12-05T23:18:43.941609100]: Peer [1002] received the "have" message from [1003] for the piece [19]
[2020-12-05T23:18:43.956801800]: Peer [1002] received the "have" message from [1003] for the piece [20]
[2020-12-05T23:18:43.975373200]: Peer [1002] received the "have" message from [1003] for the piece [21]
[2020-12-05T23:18:43.992664700]: Peer [1002] received the "have" message from [1003] for the piece [22]
[2020-12-05T23:18:44.003692700]: Peer [1002] received the "have" message from [1003] for the piece [23]
[2020-12-05T23:18:44.021845]: Peer [1002] received the "have" message from [1003] for the piece [24]
[2020-12-05T23:18:44.038906400]: Peer [1002] received the "have" message from [1003] for the piece [25]
[2020-12-05T23:18:44.067507400]: Peer [1002] received the "have" message from [1003] for the piece [26]
[2020-12-05T23:18:44.091740300]: Peer [1002] received the "have" message from [1003] for the piece [27]
[2020-12-05T23:18:44.120135600]: Peer [1002] received the "have" message from [1003] for the piece [28]
[2020-12-05T23:18:44.143980600]: Peer [1002] received the "have" message from [1003] for the piece [29]
[2020-12-05T23:18:44.161179700]: Peer [1002] received the "have" message from [1003] for the piece [30]
[2020-12-05T23:18:44.179173]: Peer [1002] received the "have" message from [1003] for the piece [31]
[2020-12-05T23:18:44.203731800]: Peer [1002] received the "have" message from [1003] for the piece [32]
[2020-12-05T23:18:44.219870300]: Peer [1002] received the "have" message from [1003] for the piece [33]
[2020-12-05T23:18:44.237071400]: Peer [1002] received the "have" message from [1003] for the piece [34]
[2020-12-05T23:18:44.254732200]: Peer [1002] received the "have" message from [1003] for the piece [35]
[2020-12-05T23:18:44.272355300]: Peer [1002] received the "have" message from [1003] for the piece [36]
[2020-12-05T23:18:44.283370400]: Peer [1002] received the "have" message from [1003] for the piece [37]
[2020-12-05T23:18:44.300357900]: Peer [1002] received the "have" message from [1003] for the piece [38]
[2020-12-05T23:18:44.315448900]: Peer [1002] received the "have" message from [1003] for the piece [39]
[2020-12-05T23:18:44.329573600]: Peer [1002] received the "have" message from [1003] for the piece [40]
[2020-12-05T23:18:44.355571700]: Peer [1002] received the "have" message from [1003] for the piece [41]
[2020-12-05T23:18:44.373427700]: Peer [1002] received the "have" message from [1003] for the piece [42]
[2020-12-05T23:18:44.387025700]: Peer [1002] received the "have" message from [1003] for the piece [43]
[2020-12-05T23:18:44.400022400]: Peer [1002] received the "have" message from [1003] for the piece [44]
[2020-12-05T23:18:44.415867200]: Peer [1002] received the "have" message from [1003] for the piece [45]
[2020-12-05T23:18:44.427934500]: Peer [1002] received the "have" message from [1003] for the piece [46]
[2020-12-05T23:18:44.441874200]: Peer [1002] received the "have" message from [1003] for the piece [47]
[2020-12-05T23:18:44.454929800]: Peer [1002] received the "have" message from [1003] for the piece [48]
[2020-12-05T23:18:44.467477400]: Peer [1002] received the "have" message from [1003] for the piece [49]
[2020-12-05T23:18:44.481191300]: Peer [1002] received the "have" message from [1003] for the piece [50]
[2020-12-05T23:18:44.499381600]: Peer [1002] received the "have" message from [1003] for the piece [51]
[2020-12-05T23:18:44.514168700]: Peer [1002] received the "have" message from [1003] for the piece [52]
[2020-12-05T23:18:44.527991700]: Peer [1002] received the "have" message from [1003] for the piece [53]
[2020-12-05T23:18:44.541976300]: Peer [1002] received the "have" message from [1003] for the piece [54]
[2020-12-05T23:18:44.562973700]: Peer [1002] received the "have" message from [1003] for the piece [55]
[2020-12-05T23:18:44.579856100]: Peer [1002] received the "have" message from [1003] for the piece [56]
[2020-12-05T23:18:44.592921400]: Peer [1002] received the "have" message from [1003] for the piece [57]
[2020-12-05T23:18:44.605647200]: Peer [1002] received the "have" message from [1003] for the piece [58]
[2020-12-05T23:18:44.620849700]: Peer [1002] received the "have" message from [1003] for the piece [59]
[2020-12-05T23:18:44.632170300]: Peer [1002] received the "have" message from [1003] for the piece [60]
[2020-12-05T23:18:44.645561500]: Peer [1002] received the "have" message from [1003] for the piece [61]
[2020-12-05T23:18:44.657475900]: Peer [1002] received the "have" message from [1003] for the piece [62]
[2020-12-05T23:18:44.668501200]: Peer [1002] received the "have" message from [1003] for the piece [63]
[2020-12-05T23:18:44.683629300]: Peer [1002] received the "have" message from [1003] for the piece [64]
[2020-12-05T23:18:44.693736900]: Peer [1002] received the "have" message from [1003] for the piece [65]
[2020-12-05T23:18:44.728391]: Peer [1002] received the "have" message from [1003] for the piece [66]
[2020-12-05T23:18:48.254269400]: Peer [1002] is unchoked by [1001]
[2020-12-05T23:18:48.257286600]: Peer [1002] is unchoked by [1001]
[2020-12-05T23:18:48.284711500]: Peer [1002] received the "have" message from [1009] for the piece [0]
[2020-12-05T23:18:48.288701800]: Peer [1002] has downloaded the piece [0] from [1001]. Now the number of pieces it has is [1]
[2020-12-05T23:18:48.293223300]: Peer [1002] received the "have" message from [1008] for the piece [0]
[2020-12-05T23:18:48.295365]: Peer [1002] received the "interested" message from [1004]
[2020-12-05T23:18:48.296310500]: Peer [1002] received the "interested" message from [1007]
[2020-12-05T23:18:48.295365]: Peer [1002] received the "interested" message from [1005]
[2020-12-05T23:18:48.299211200]: Peer [1002] received the "interested" message from [1007]
[2020-12-05T23:18:48.299678600]: Peer [1002] received the "interested" message from [1005]
[2020-12-05T23:18:48.300913300]: Peer [1002] received the "interested" message from [1007]
[2020-12-05T23:18:48.300913300]: Peer [1002] received the "interested" message from [1004]
[2020-12-05T23:18:48.302719900]: Peer [1002] received the "interested" message from [1004]
[2020-12-05T23:18:48.303128500]: Peer [1002] received the "interested" message from [1005]
[2020-12-05T23:18:48.304304600]: Peer [1002] has downloaded the piece [0] from [1001]. Now the number of pieces it has is [1]
[2020-12-05T23:18:48.316933500]: Peer [1002] received the "have" message from [1009] for the piece [1]
[2020-12-05T23:18:48.322998300]: Peer [1002] has downloaded the piece [1] from [1001]. Now the number of pieces it has is [2]
[2020-12-05T23:18:48.324997200]: Peer [1002] received the "interested" message from [1007]
[2020-12-05T23:18:48.326991200]: Peer [1002] received the "have" message from [1008] for the piece [1]
[2020-12-05T23:18:48.327988500]: Peer [1002] received the "interested" message from [1007]
[2020-12-05T23:18:48.331236400]: Peer [1002] received the "interested" message from [1007]
[2020-12-05T23:18:48.331236400]: Peer [1002] has the preferred neighbors [,,,]
[2020-12-05T23:18:48.332880900]: Peer [1002] received the "interested" message from [1005]
[2020-12-05T23:18:48.336874100]: Peer [1002] received the "have" message from [1009] for the piece [2]
[2020-12-05T23:18:48.337932100]: Peer [1002] received the "interested" message from [1005]
[2020-12-05T23:18:48.339867300]: Peer [1002] received the "interested" message from [1005]
[2020-12-05T23:18:48.341286900]: Peer [1002] received the "interested" message from [1004]
[2020-12-05T23:18:48.342290]: Peer [1002] received the "interested" message from [1004]
[2020-12-05T23:18:48.342760]: Peer [1002] has downloaded the piece [2] from [1001]. Now the number of pieces it has is [3]
[2020-12-05T23:18:48.342760]: Peer [1002] received the "interested" message from [1004]
[2020-12-05T23:18:48.343852500]: Peer [1002] is unchoked by [1003]
[2020-12-05T23:18:48.345727]: Peer [1002] received the "interested" message from [1007]
[2020-12-05T23:18:48.351023300]: Peer [1002] received the "have" message from [1008] for the piece [2]
[2020-12-05T23:18:48.360977200]: Peer [1002] has downloaded the piece [3] from [1003]. Now the number of pieces it has is [4]
[2020-12-05T23:18:48.361491]: Peer [1002] received the "interested" message from [1007]
[2020-12-05T23:18:48.365912500]: Peer [1002] received the "interested" message from [1007]
[2020-12-05T23:18:48.368905500]: Peer [1002] received the "interested" message from [1007]
[2020-12-05T23:18:48.372328]: Peer [1002] received the "interested" message from [1007]
[2020-12-05T23:18:48.373900300]: Peer [1002] received the "interested" message from [1007]
[2020-12-05T23:18:48.375831700]: Peer [1002] received the "have" message from [1008] for the piece [3]
[2020-12-05T23:18:48.368905500]: Peer [1002] received the "have" message from [1009] for the piece [3]
[2020-12-05T23:18:48.391344]: Peer [1002] is unchoked by [1006]
[2020-12-05T23:18:48.406820]: Peer [1002] received the "have" message from [1008] for the piece [4]
[2020-12-05T23:18:48.415059700]: Peer [1002] has downloaded the piece [4] from [1006]. Now the number of pieces it has is [5]
[2020-12-05T23:18:48.419221800]: Peer [1002] received the "have" message from [1005] for the piece [0]
[2020-12-05T23:18:48.424771100]: Peer [1002] received the "have" message from [1004] for the piece [0]
[2020-12-05T23:18:48.436738700]: Peer [1002] received the "have" message from [1009] for the piece [4]
[2020-12-05T23:18:48.449743700]: Peer [1002] received the "have" message from [1008] for the piece [5]
[2020-12-05T23:18:48.451739400]: Peer [1002] received the "have" message from [1008] for the piece [6]
[2020-12-05T23:18:48.454005200]: Peer [1002] received the "have" message from [1008] for the piece [7]
[2020-12-05T23:18:48.460970500]: Peer [1002] has downloaded the piece [4] from [1003]. Now the number of pieces it has is [5]
[2020-12-05T23:18:48.461968600]: Peer [1002] received the "interested" message from [1007]
[2020-12-05T23:18:48.468977200]: Peer [1002] received the "have" message from [1008] for the piece [8]
[2020-12-05T23:18:48.469973900]: Peer [1002] is unchoked by [1008]
[2020-12-05T23:18:48.485888500]: Peer [1002] received the "have" message from [1009] for the piece [6]
[2020-12-05T23:18:48.475915100]: Peer [1002] received the "interested" message from [1007]
[2020-12-05T23:18:48.483893300]: Peer [1002] has downloaded the piece [5] from [1003]. Now the number of pieces it has is [6]
[2020-12-05T23:18:48.489878600]: Peer [1002] received the "have" message from [1004] for the piece [1]
[2020-12-05T23:18:48.492360400]: Peer [1002] received the "interested" message from [1009]
[2020-12-05T23:18:48.495983100]: Peer [1002] received the "interested" message from [1009]
[2020-12-05T23:18:48.498866400]: Peer [1002] received the "have" message from [1008] for the piece [9]
[2020-12-05T23:18:48.500861700]: Peer [1002] received the "have" message from [1008] for the piece [10]
[2020-12-05T23:18:48.515484]: Peer [1002] received the "have" message from [1008] for the piece [13]
[2020-12-05T23:18:48.517477800]: Peer [1002] received the "have" message from [1008] for the piece [12]
[2020-12-05T23:18:48.520470600]: Peer [1002] received the "have" message from [1004] for the piece [2]
[2020-12-05T23:18:48.529701700]: Peer [1002] received the "have" message from [1009] for the piece [5]
[2020-12-05T23:18:48.533005900]: Peer [1002] received the "have" message from [1008] for the piece [15]
[2020-12-05T23:18:48.536001200]: Peer [1002] received the "have" message from [1008] for the piece [14]
[2020-12-05T23:18:48.539991400]: Peer [1002] received the "have" message from [1004] for the piece [3]
[2020-12-05T23:18:48.541986800]: Peer [1002] has downloaded the piece [6] from [1003]. Now the number of pieces it has is [7]
[2020-12-05T23:18:48.414798300]: Peer [1002] has downloaded the piece [3] from [1001]. Now the number of pieces it has is [4]
[2020-12-05T23:18:48.566919200]: Peer [1002] received the "have" message from [1008] for the piece [17]
[2020-12-05T23:18:48.567916900]: Peer [1002] has downloaded the piece [11] from [1003]. Now the number of pieces it has is [8]
[2020-12-05T23:18:48.570908600]: Peer [1002] has downloaded the piece [5] from [1001]. Now the number of pieces it has is [8]
[2020-12-05T23:18:48.577754300]: Peer [1002] received the "have" message from [1008] for the piece [16]
[2020-12-05T23:18:48.578752100]: Peer [1002] has downloaded the piece [14] from [1006]. Now the number of pieces it has is [9]
[2020-12-05T23:18:48.581743100]: Peer [1002] received the "have" message from [1004] for the piece [4]
[2020-12-05T23:18:48.588724700]: Peer [1002] has downloaded the piece [16] from [1003]. Now the number of pieces it has is [10]
[2020-12-05T23:18:48.590719300]: Peer [1002] received the "interested" message from [1009]
[2020-12-05T23:18:48.593711100]: Peer [1002] has downloaded the piece [15] from [1001]. Now the number of pieces it has is [11]
[2020-12-05T23:18:48.601689700]: Peer [1002] received the "have" message from [1009] for the piece [7]
[2020-12-05T23:18:48.604682700]: Peer [1002] received the "interested" message from [1009]
[2020-12-05T23:18:48.609952100]: Peer [1002] received the "interested" message from [1009]
[2020-12-05T23:18:48.610257100]: Peer [1002] has downloaded the piece [19] from [1003]. Now the number of pieces it has is [12]
[2020-12-05T23:18:48.611422400]: Peer [1002] has downloaded the piece [18] from [1001]. Now the number of pieces it has is [13]
[2020-12-05T23:18:48.617802500]: Peer [1002] received the "have" message from [1004] for the piece [5]
[2020-12-05T23:18:48.619797600]: Peer [1002] received the "interested" message from [1009]
[2020-12-05T23:18:48.620794900]: Peer [1002] has downloaded the piece [20] from [1001]. Now the number of pieces it has is [14]
[2020-12-05T23:18:48.621792]: Peer [1002] received the "have" message from [1008] for the piece [18]
[2020-12-05T23:18:48.623786400]: Peer [1002] received the "interested" message from [1009]
[2020-12-05T23:18:48.638747600]: Peer [1002] received the "interested" message from [1009]
[2020-12-05T23:18:48.639742700]: Peer [1002] has downloaded the piece [21] from [1003]. Now the number of pieces it has is [15]
[2020-12-05T23:18:48.640869700]: Peer [1002] received the "interested" message from [1009]
[2020-12-05T23:18:48.644731900]: Peer [1002] received the "have" message from [1008] for the piece [21]
[2020-12-05T23:18:48.645732800]: Peer [1002] received the "have" message from [1009] for the piece [8]
[2020-12-05T23:18:48.662630600]: Peer [1002] has downloaded the piece [24] from [1003]. Now the number of pieces it has is [16]
[2020-12-05T23:18:48.656646900]: Peer [1002] received the "have" message from [1005] for the piece [1]
[2020-12-05T23:18:48.688375]: Peer [1002] has downloaded the piece [26] from [1003]. Now the number of pieces it has is [17]
[2020-12-05T23:18:48.695355300]: Peer [1002] received the "have" message from [1005] for the piece [2]
[2020-12-05T23:18:48.695712]: Peer [1002] has downloaded the piece [25] from [1006]. Now the number of pieces it has is [18]
[2020-12-05T23:18:48.488898400]: Peer [1002] received the "interested" message from [1007]
[2020-12-05T23:18:48.656646900]: Peer [1002] received the "interested" message from [1009]
[2020-12-05T23:18:48.689372900]: Peer [1002] received the "have" message from [1008] for the piece [22]
[2020-12-05T23:18:48.699214800]: Peer [1002] received the "interested" message from [1007]
[2020-12-05T23:18:48.699214800]: Peer [1002] received the "have" message from [1008] for the piece [22]
[2020-12-05T23:18:48.699214800]: Peer [1002] received the "interested" message from [1009]
[2020-12-05T23:18:48.700212400]: Peer [1002] received the "interested" message from [1007]
[2020-12-05T23:18:48.701209600]: Peer [1002] received the "have" message from [1008] for the piece [19]
[2020-12-05T23:18:48.703204200]: Peer [1002] received the "interested" message from [1007]
[2020-12-05T23:18:48.704201900]: Peer [1002] received the "have" message from [1008] for the piece [23]
[2020-12-05T23:18:48.706196600]: Peer [1002] received the "interested" message from [1007]
[2020-12-05T23:18:48.708223700]: Peer [1002] received the "interested" message from [1007]
[2020-12-05T23:18:48.709188700]: Peer [1002] received the "interested" message from [1007]
[2020-12-05T23:18:48.711182900]: Peer [1002] received the "have" message from [1008] for the piece [24]
[2020-12-05T23:18:48.722153300]: Peer [1002] received the "have" message from [1004] for the piece [6]
[2020-12-05T23:18:48.701209600]: Peer [1002] received the "interested" message from [1009]
[2020-12-05T23:18:48.725863800]: Peer [1002] received the "interested" message from [1009]
[2020-12-05T23:18:48.726392900]: Peer [1002] received the "interested" message from [1009]
[2020-12-05T23:18:48.727376]: Peer [1002] received the "have" message from [1009] for the piece [9]
[2020-12-05T23:18:48.737512600]: Peer [1002] has downloaded the piece [28] from [1006]. Now the number of pieces it has is [20]
[2020-12-05T23:18:48.737512600]: Peer [1002] received the "have" message from [1008] for the piece [27]
[2020-12-05T23:18:48.749250400]: Peer [1002] has downloaded the piece [27] from [1003]. Now the number of pieces it has is [21]
[2020-12-05T23:18:48.755234900]: Peer [1002] received the "have" message from [1004] for the piece [7]
[2020-12-05T23:18:48.735289]: Peer [1002] received the "interested" message from [1009]
[2020-12-05T23:18:48.701931800]: Peer [1002] has downloaded the piece [22] from [1001]. Now the number of pieces it has is [19]
[2020-12-05T23:18:48.772129700]: Peer [1002] received the "have" message from [1008] for the piece [20]
[2020-12-05T23:18:48.773127100]: Peer [1002] received the "have" message from [1008] for the piece [28]
[2020-12-05T23:18:48.787272600]: Peer [1002] received the "have" message from [1005] for the piece [3]
[2020-12-05T23:18:48.756762600]: Peer [1002] received the "interested" message from [1009]
[2020-12-05T23:18:48.789252700]: Peer [1002] received the "interested" message from [1009]
[2020-12-05T23:18:48.790350800]: Peer [1002] received the "interested" message from [1009]
[2020-12-05T23:18:48.794238200]: Peer [1002] received the "interested" message from [1009]
[2020-12-05T23:18:48.795960]: Peer [1002] received the "interested" message from [1009]
[2020-12-05T23:18:48.795960]: Peer [1002] received the "interested" message from [1009]
[2020-12-05T23:18:48.795236100]: Peer [1002] has downloaded the piece [23] from [1001]. Now the number of pieces it has is [23]
[2020-12-05T23:18:48.797495100]: Peer [1002] received the "interested" message from [1009]
[2020-12-05T23:18:48.807449900]: Peer [1002] received the "interested" message from [1009]
[2020-12-05T23:18:48.809443200]: Peer [1002] received the "interested" message from [1009]
[2020-12-05T23:18:48.812436100]: Peer [1002] has downloaded the piece [29] from [1003]. Now the number of pieces it has is [24]
[2020-12-05T23:18:48.811722700]: Peer [1002] received the "interested" message from [1009]
[2020-12-05T23:18:48.815429800]: Peer [1002] received the "have" message from [1008] for the piece [29]
[2020-12-05T23:18:48.819843900]: Peer [1002] received the "have" message from [1004] for the piece [8]
[2020-12-05T23:18:48.823590]: Peer [1002] received the "interested" message from [1009]
[2020-12-05T23:18:48.711182900]: Peer [1002] received the "interested" message from [1007]
[2020-12-05T23:18:48.824830600]: Peer [1002] received the "interested" message from [1009]
[2020-12-05T23:18:48.826523800]: Peer [1002] received the "interested" message from [1009]
[2020-12-05T23:18:48.826523800]: Peer [1002] received the "interested" message from [1007]
[2020-12-05T23:18:48.827106700]: Peer [1002] received the "interested" message from [1007]
[2020-12-05T23:18:48.793241600]: Peer [1002] has downloaded the piece [30] from [1006]. Now the number of pieces it has is [22]
[2020-12-05T23:18:48.834581600]: Peer [1002] received the "have" message from [1008] for the piece [31]
[2020-12-05T23:18:48.833583600]: Peer [1002] received the "interested" message from [1007]
[2020-12-05T23:18:48.837472900]: Peer [1002] received the "have" message from [1004] for the piece [9]
[2020-12-05T23:18:48.847997600]: Peer [1002] has downloaded the piece [31] from [1001]. Now the number of pieces it has is [25]
[2020-12-05T23:18:48.861486800]: Peer [1002] has downloaded the piece [5] from [1008]. Now the number of pieces it has is [25]
[2020-12-05T23:18:48.865476100]: Peer [1002] received the "have" message from [1008] for the piece [32]
[2020-12-05T23:18:48.876446400]: Peer [1002] received the "have" message from [1004] for the piece [10]
[2020-12-05T23:18:48.883427900]: Peer [1002] has downloaded the piece [34] from [1006]. Now the number of pieces it has is [27]
[2020-12-05T23:18:48.836899]: Peer [1002] received the "interested" message from [1009]
[2020-12-05T23:18:48.875450]: Peer [1002] has downloaded the piece [32] from [1001]. Now the number of pieces it has is [26]
[2020-12-05T23:18:48.890285400]: Peer [1002] has downloaded the piece [33] from [1003]. Now the number of pieces it has is [28]
[2020-12-05T23:18:48.838414500]: Peer [1002] received the "interested" message from [1007]
[2020-12-05T23:18:48.889287800]: Peer [1002] received the "interested" message from [1009]
[2020-12-05T23:18:48.893277300]: Peer [1002] received the "interested" message from [1007]
[2020-12-05T23:18:48.898263800]: Peer [1002] received the "have" message from [1009] for the piece [10]
[2020-12-05T23:18:48.893277300]: Peer [1002] received the "interested" message from [1007]
[2020-12-05T23:18:48.904248600]: Peer [1002] received the "interested" message from [1007]
[2020-12-05T23:18:48.914486600]: Peer [1002] received the "have" message from [1009] for the piece [12]
[2020-12-05T23:18:48.921495400]: Peer [1002] received the "interested" message from [1007]
[2020-12-05T23:18:48.922493600]: Peer [1002] received the "interested" message from [1009]
[2020-12-05T23:18:48.899261500]: Peer [1002] has downloaded the piece [35] from [1001]. Now the number of pieces it has is [29]
[2020-12-05T23:18:48.923490700]: Peer [1002] received the "interested" message from [1009]
[2020-12-05T23:18:48.926482700]: Peer [1002] received the "have" message from [1009] for the piece [13]
[2020-12-05T23:18:48.923490700]: Peer [1002] received the "interested" message from [1007]
[2020-12-05T23:18:48.915484100]: Peer [1002] has downloaded the piece [7] from [1008]. Now the number of pieces it has is [30]
[2020-12-05T23:18:48.935384100]: Peer [1002] received the "interested" message from [1007]
[2020-12-05T23:18:48.934386500]: Peer [1002] received the "interested" message from [1009]
[2020-12-05T23:18:48.937033800]: Peer [1002] received the "interested" message from [1007]
[2020-12-05T23:18:48.938035600]: Peer [1002] received the "interested" message from [1009]
[2020-12-05T23:18:48.938566200]: Peer [1002] received the "interested" message from [1007]
[2020-12-05T23:18:48.939550100]: Peer [1002] has downloaded the piece [38] from [1001]. Now the number of pieces it has is [31]
[2020-12-05T23:18:48.939550100]: Peer [1002] received the "interested" message from [1009]
[2020-12-05T23:18:48.954542800]: Peer [1002] has downloaded the piece [8] from [1008]. Now the number of pieces it has is [32]
[2020-12-05T23:18:48.951550400]: Peer [1002] received the "interested" message from [1009]
[2020-12-05T23:18:48.996715500]: Peer [1002] received the "have" message from [1009] for the piece [11]
[2020-12-05T23:18:48.998693900]: Peer [1002] received the "have" message from [1009] for the piece [14]
[2020-12-05T23:18:49.001686400]: Peer [1002] received the "have" message from [1009] for the piece [16]
[2020-12-05T23:18:48.940547300]: Peer [1002] received the "interested" message from [1007]
[2020-12-05T23:18:49.005674900]: Peer [1002] has downloaded the piece [9] from [1008]. Now the number of pieces it has is [33]
[2020-12-05T23:18:49.017937900]: Peer [1002] has downloaded the piece [39] from [1001]. Now the number of pieces it has is [34]
[2020-12-05T23:18:49.014650500]: Peer [1002] received the "interested" message from [1009]
[2020-12-05T23:18:49.023445900]: Peer [1002] received the "interested" message from [1007]
[2020-12-05T23:18:49.048170300]: Peer [1002] has downloaded the piece [10] from [1008]. Now the number of pieces it has is [35]
[2020-12-05T23:18:49.061283500]: Peer [1002] received the "have" message from [1005] for the piece [4]
[2020-12-05T23:18:49.060286400]: Peer [1002] received the "interested" message from [1007]
[2020-12-05T23:18:49.079234600]: Peer [1002] has downloaded the piece [40] from [1001]. Now the number of pieces it has is [37]
[2020-12-05T23:18:49.077240600]: Peer [1002] received the "interested" message from [1007]
[2020-12-05T23:18:49.092516600]: Peer [1002] received the "interested" message from [1007]
[2020-12-05T23:18:49.076243100]: Peer [1002] has downloaded the piece [12] from [1008]. Now the number of pieces it has is [36]
[2020-12-05T23:18:49.094509600]: Peer [1002] received the "interested" message from [1007]
[2020-12-05T23:18:49.081280200]: Peer [1002] received the "interested" message from [1009]
[2020-12-05T23:18:49.095508300]: Peer [1002] received the "have" message from [1005] for the piece [5]
[2020-12-05T23:18:49.113334400]: Peer [1002] received the "have" message from [1005] for the piece [6]
[2020-12-05T23:18:49.110143700]: Peer [1002] received the "have" message from [1009] for the piece [17]
[2020-12-05T23:18:49.117000600]: Peer [1002] is unchoked by [1009]
[2020-12-05T23:18:49.122870400]: Peer [1002] received the "have" message from [1009] for the piece [15]
[2020-12-05T23:18:49.106418900]: Peer [1002] received the "interested" message from [1007]
[2020-12-05T23:18:49.123867300]: Peer [1002] received the "have" message from [1009] for the piece [18]
[2020-12-05T23:18:49.125025700]: Peer [1002] received the "have" message from [1009] for the piece [21]
[2020-12-05T23:18:49.126351900]: Peer [1002] received the "have" message from [1009] for the piece [22]
[2020-12-05T23:18:49.127106600]: Peer [1002] received the "have" message from [1005] for the piece [7]
[2020-12-05T23:18:49.127106600]: Peer [1002] received the "interested" message from [1009]
[2020-12-05T23:18:49.128043400]: Peer [1002] received the "have" message from [1009] for the piece [19]
[2020-12-05T23:18:49.127106600]: Peer [1002] received the "interested" message from [1007]
[2020-12-05T23:18:49.129292]: Peer [1002] received the "have" message from [1009] for the piece [20]
[2020-12-05T23:18:49.129292]: Peer [1002] received the "interested" message from [1007]
[2020-12-05T23:18:49.130505100]: Peer [1002] received the "have" message from [1009] for the piece [23]
[2020-12-05T23:18:49.130505100]: Peer [1002] received the "interested" message from [1007]
[2020-12-05T23:18:49.131291400]: Peer [1002] received the "have" message from [1009] for the piece [24]
[2020-12-05T23:18:49.132563800]: Peer [1002] received the "have" message from [1009] for the piece [26]
[2020-12-05T23:18:49.132289]: Peer [1002] received the "interested" message from [1007]
[2020-12-05T23:18:49.140715700]: Peer [1002] received the "have" message from [1009] for the piece [25]
[2020-12-05T23:18:49.140797300]: Peer [1002] received the "interested" message from [1007]
[2020-12-05T23:18:49.145702300]: Peer [1002] received the "have" message from [1009] for the piece [27]
[2020-12-05T23:18:49.147369100]: Peer [1002] received the "interested" message from [1007]
[2020-12-05T23:18:49.148267300]: Peer [1002] received the "have" message from [1009] for the piece [28]
[2020-12-05T23:18:49.148267300]: Peer [1002] received the "interested" message from [1007]
[2020-12-05T23:18:49.149761800]: Peer [1002] received the "have" message from [1009] for the piece [29]
[2020-12-05T23:18:49.150745300]: Peer [1002] received the "have" message from [1009] for the piece [32]
[2020-12-05T23:18:49.151743600]: Peer [1002] received the "interested" message from [1009]
[2020-12-05T23:18:49.152244300]: Peer [1002] received the "have" message from [1009] for the piece [31]
[2020-12-05T23:18:49.152244300]: Peer [1002] has downloaded the piece [13] from [1008]. Now the number of pieces it has is [38]
[2020-12-05T23:18:49.154735400]: Peer [1002] has downloaded the piece [41] from [1001]. Now the number of pieces it has is [39]
[2020-12-05T23:18:49.156729700]: Peer [1002] received the "interested" message from [1007]
[2020-12-05T23:18:49.157266700]: Peer [1002] received the "interested" message from [1007]
[2020-12-05T23:18:49.158244300]: Peer [1002] received the "interested" message from [1007]
[2020-12-05T23:18:49.159260100]: Peer [1002] received the "interested" message from [1007]
[2020-12-05T23:18:49.160241900]: Peer [1002] received the "interested" message from [1007]
[2020-12-05T23:18:49.160241900]: Peer [1002] received the "interested" message from [1007]
[2020-12-05T23:18:49.161239500]: Peer [1002] received the "have" message from [1008] for the piece [11]
[2020-12-05T23:18:49.163232800]: Peer [1002] received the "interested" message from [1007]
[2020-12-05T23:18:49.163585200]: Peer [1002] received the "have" message from [1008] for the piece [33]
[2020-12-05T23:18:49.164231400]: Peer [1002] received the "interested" message from [1007]
[2020-12-05T23:18:49.164467]: Peer [1002] received the "have" message from [1008] for the piece [26]
[2020-12-05T23:18:49.164467]: Peer [1002] received the "interested" message from [1007]
[2020-12-05T23:18:49.165227900]: Peer [1002] received the "interested" message from [1007]
[2020-12-05T23:18:49.166226100]: Peer [1002] received the "interested" message from [1007]
[2020-12-05T23:18:49.166226100]: Peer [1002] received the "interested" message from [1007]
[2020-12-05T23:18:49.166906900]: Peer [1002] received the "interested" message from [1007]
[2020-12-05T23:18:49.167905]: Peer [1002] received the "interested" message from [1007]
[2020-12-05T23:18:49.168427800]: Peer [1002] received the "interested" message from [1007]
[2020-12-05T23:18:49.169152700]: Peer [1002] received the "interested" message from [1007]
[2020-12-05T23:18:49.169684400]: Peer [1002] received the "interested" message from [1007]
[2020-12-05T23:18:49.170317900]: Peer [1002] received the "interested" message from [1007]
[2020-12-05T23:18:49.170815900]: Peer [1002] received the "interested" message from [1007]
[2020-12-05T23:18:49.170815900]: Peer [1002] received the "interested" message from [1007]
[2020-12-05T23:18:49.171660900]: Peer [1002] received the "interested" message from [1007]
[2020-12-05T23:18:49.172656200]: Peer [1002] received the "interested" message from [1007]
[2020-12-05T23:18:49.172905700]: Peer [1002] received the "interested" message from [1007]
[2020-12-05T23:18:49.174650900]: Peer [1002] received the "interested" message from [1007]
[2020-12-05T23:18:49.176645800]: Peer [1002] received the "interested" message from [1007]
[2020-12-05T23:18:49.176645800]: Peer [1002] received the "interested" message from [1007]
[2020-12-05T23:18:49.180747100]: Peer [1002] received the "interested" message from [1007]
[2020-12-05T23:18:49.181021100]: Peer [1002] received the "interested" message from [1007]
[2020-12-05T23:18:49.181745200]: Peer [1002] received the "interested" message from [1007]
[2020-12-05T23:18:49.179765300]: Peer [1002] has downloaded the piece [42] from [1001]. Now the number of pieces it has is [40]
[2020-12-05T23:18:49.182742200]: Peer [1002] received the "interested" message from [1007]
[2020-12-05T23:18:49.186123500]: Peer [1002] received the "interested" message from [1007]
[2020-12-05T23:18:49.188015600]: Peer [1002] received the "interested" message from [1007]
[2020-12-05T23:18:49.190513900]: Peer [1002] received the "have" message from [1004] for the piece [13]
[2020-12-05T23:18:49.190513900]: Peer [1002] has downloaded the piece [36] from [1003]. Now the number of pieces it has is [42]
[2020-12-05T23:18:49.206084500]: Peer [1002] received the "have" message from [1009] for the piece [36]
[2020-12-05T23:18:49.189016900]: Peer [1002] received the "interested" message from [1007]
[2020-12-05T23:18:49.215050100]: Peer [1002] received the "have" message from [1004] for the piece [12]
[2020-12-05T23:18:49.222579600]: Peer [1002] received the "have" message from [1009] for the piece [37]
[2020-12-05T23:18:49.216359100]: Peer [1002] received the "interested" message from [1007]
[2020-12-05T23:18:49.224917500]: Peer [1002] received the "interested" message from [1007]
[2020-12-05T23:18:49.225570200]: Peer [1002] received the "interested" message from [1007]
[2020-12-05T23:18:49.190513900]: Peer [1002] has downloaded the piece [17] from [1008]. Now the number of pieces it has is [41]
[2020-12-05T23:18:49.231608400]: Peer [1002] received the "interested" message from [1009]
[2020-12-05T23:18:49.226361400]: Peer [1002] received the "interested" message from [1007]
[2020-12-05T23:18:49.236595300]: Peer [1002] received the "have" message from [1009] for the piece [30]
[2020-12-05T23:18:49.229737900]: Peer [1002] received the "have" message from [1008] for the piece [34]
[2020-12-05T23:18:49.252073600]: Peer [1002] received the "have" message from [1009] for the piece [38]
[2020-12-05T23:18:49.260252]: Peer [1002] received the "have" message from [1009] for the piece [33]
[2020-12-05T23:18:49.269088500]: Peer [1002] received the "have" message from [1009] for the piece [34]
[2020-12-05T23:18:49.270424700]: Peer [1002] received the "have" message from [1009] for the piece [34]
[2020-12-05T23:18:49.245013100]: Peer [1002] received the "have" message from [1008] for the piece [30]
[2020-12-05T23:18:49.276275600]: Peer [1002] has downloaded the piece [36] from [1001]. Now the number of pieces it has is [43]
[2020-12-05T23:18:49.283442500]: Peer [1002] received the "have" message from [1009] for the piece [35]
[2020-12-05T23:18:49.280208100]: Peer [1002] received the "have" message from [1008] for the piece [36]
[2020-12-05T23:18:49.284608]: Peer [1002] received the "have" message from [1008] for the piece [38]
[2020-12-05T23:18:49.285407100]: Peer [1002] received the "have" message from [1008] for the piece [25]
[2020-12-05T23:18:49.286351900]: Peer [1002] received the "have" message from [1008] for the piece [37]
[2020-12-05T23:18:49.286557400]: Peer [1002] received the "have" message from [1008] for the piece [40]
[2020-12-05T23:18:49.287402600]: Peer [1002] received the "have" message from [1008] for the piece [35]
[2020-12-05T23:18:49.288346900]: Peer [1002] received the "have" message from [1008] for the piece [41]
[2020-12-05T23:18:49.289452800]: Peer [1002] received the "have" message from [1008] for the piece [42]
[2020-12-05T23:18:49.248005200]: Peer [1002] has downloaded the piece [37] from [1006]. Now the number of pieces it has is [43]
[2020-12-05T23:18:49.292948600]: Peer [1002] has downloaded the piece [37] from [1001]. Now the number of pieces it has is [43]
[2020-12-05T23:18:49.296033200]: Peer [1002] received the "have" message from [1008] for the piece [39]
[2020-12-05T23:18:49.297933100]: Peer [1002] received the "have" message from [1005] for the piece [8]
[2020-12-05T23:18:49.300470800]: Peer [1002] received the "have" message from [1008] for the piece [44]
[2020-12-05T23:18:49.235597700]: Peer [1002] received the "interested" message from [1007]
[2020-12-05T23:18:49.311256300]: Peer [1002] received the "interested" message from [1007]
[2020-12-05T23:18:49.312113200]: Peer [1002] received the "interested" message from [1007]
[2020-12-05T23:18:49.312113200]: Peer [1002] has downloaded the piece [44] from [1001]. Now the number of pieces it has is [44]
[2020-12-05T23:18:49.318944]: Peer [1002] received the "interested" message from [1007]
[2020-12-05T23:18:49.320453300]: Peer [1002] received the "have" message from [1009] for the piece [39]
[2020-12-05T23:18:49.320453300]: Peer [1002] received the "interested" message from [1007]
[2020-12-05T23:18:49.321450600]: Peer [1002] received the "have" message from [1009] for the piece [40]
[2020-12-05T23:18:49.327433200]: Peer [1002] received the "have" message from [1008] for the piece [45]
[2020-12-05T23:18:49.328440100]: Peer [1002] received the "have" message from [1008] for the piece [47]
[2020-12-05T23:18:49.332152900]: Peer [1002] received the "have" message from [1004] for the piece [15]
[2020-12-05T23:18:49.322446500]: Peer [1002] received the "interested" message from [1007]
[2020-12-05T23:18:49.344605200]: Peer [1002] received the "have" message from [1009] for the piece [43]
[2020-12-05T23:18:49.344605200]: Peer [1002] received the "have" message from [1008] for the piece [48]
[2020-12-05T23:18:49.347597800]: Peer [1002] received the "interested" message from [1007]
[2020-12-05T23:18:49.350122100]: Peer [1002] received the "interested" message from [1007]
[2020-12-05T23:18:49.359084]: Peer [1002] has downloaded the piece [46] from [1001]. Now the number of pieces it has is [45]
[2020-12-05T23:18:49.372334700]: Peer [1002] received the "have" message from [1004] for the piece [14]
[2020-12-05T23:18:49.376085900]: Peer [1002] received the "have" message from [1008] for the piece [46]
[2020-12-05T23:18:49.377325500]: Peer [1002] has downloaded the piece [48] from [1001]. Now the number of pieces it has is [46]
[2020-12-05T23:18:49.383110500]: Peer [1002] received the "have" message from [1008] for the piece [49]
[2020-12-05T23:18:49.359964500]: Peer [1002] received the "interested" message from [1007]
[2020-12-05T23:18:49.392908200]: Peer [1002] received the "have" message from [1008] for the piece [51]
[2020-12-05T23:18:49.402156500]: Peer [1002] has downloaded the piece [49] from [1001]. Now the number of pieces it has is [47]
[2020-12-05T23:18:49.403265700]: Peer [1002] received the "have" message from [1008] for the piece [50]
[2020-12-05T23:18:49.404755600]: Peer [1002] received the "have" message from [1008] for the piece [52]
[2020-12-05T23:18:49.409727300]: Peer [1002] received the "have" message from [1004] for the piece [17]
[2020-12-05T23:18:49.395209]: Peer [1002] received the "interested" message from [1007]
[2020-12-05T23:18:49.424210100]: Peer [1002] received the "have" message from [1008] for the piece [55]
[2020-12-05T23:18:49.435709]: Peer [1002] has downloaded the piece [43] from [1003]. Now the number of pieces it has is [49]
[2020-12-05T23:18:49.428199]: Peer [1002] has downloaded the piece [50] from [1001]. Now the number of pieces it has is [48]
[2020-12-05T23:18:49.449672100]: Peer [1002] received the "have" message from [1004] for the piece [16]
[2020-12-05T23:18:49.449672100]: Peer [1002] has downloaded the piece [13] from [1009]. Now the number of pieces it has is [49]
[2020-12-05T23:18:49.450969200]: Peer [1002] received the "have" message from [1009] for the piece [41]
[2020-12-05T23:18:49.451970600]: Peer [1002] received the "have" message from [1009] for the piece [45]
[2020-12-05T23:18:49.457601100]: Peer [1002] has downloaded the piece [52] from [1001]. Now the number of pieces it has is [50]
[2020-12-05T23:18:49.459785200]: Peer [1002] received the "have" message from [1008] for the piece [57]
[2020-12-05T23:18:49.470376]: Peer [1002] has downloaded the piece [17] from [1009]. Now the number of pieces it has is [50]
[2020-12-05T23:18:49.480058700]: Peer [1002] has downloaded the piece [54] from [1001]. Now the number of pieces it has is [51]
[2020-12-05T23:18:49.488002]: Peer [1002] received the "have" message from [1009] for the piece [42]
[2020-12-05T23:18:49.490994200]: Peer [1002] received the "have" message from [1008] for the piece [43]
[2020-12-05T23:18:49.491991600]: Peer [1002] received the "have" message from [1008] for the piece [58]
[2020-12-05T23:18:49.502353900]: Peer [1002] received the "have" message from [1004] for the piece [21]
[2020-12-05T23:18:49.507105400]: Peer [1002] received the "have" message from [1009] for the piece [46]
[2020-12-05T23:18:49.517050600]: Peer [1002] received the "have" message from [1009] for the piece [44]
[2020-12-05T23:18:49.521040700]: Peer [1002] received the "have" message from [1008] for the piece [59]
[2020-12-05T23:18:49.525137100]: Peer [1002] received the "have" message from [1008] for the piece [54]
[2020-12-05T23:18:49.529139700]: Peer [1002] received the "have" message from [1009] for the piece [48]
[2020-12-05T23:18:49.544415900]: Peer [1002] received the "have" message from [1008] for the piece [60]
[2020-12-05T23:18:49.548311900]: Peer [1002] has downloaded the piece [45] from [1006]. Now the number of pieces it has is [52]
[2020-12-05T23:18:49.569369]: Peer [1002] received the "have" message from [1009] for the piece [47]
[2020-12-05T23:18:49.553127400]: Peer [1002] has downloaded the piece [56] from [1001]. Now the number of pieces it has is [53]
[2020-12-05T23:18:49.573686400]: Peer [1002] received the "have" message from [1009] for the piece [52]
[2020-12-05T23:18:49.425207500]: Peer [1002] received the "interested" message from [1007]
[2020-12-05T23:18:49.578883900]: Peer [1002] received the "have" message from [1004] for the piece [22]
[2020-12-05T23:18:49.582184400]: Peer [1002] received the "interested" message from [1007]
[2020-12-05T23:18:49.584148700]: Peer [1002] received the "have" message from [1009] for the piece [49]
[2020-12-05T23:18:49.584464900]: Peer [1002] has downloaded the piece [58] from [1001]. Now the number of pieces it has is [54]
[2020-12-05T23:18:49.577709]: Peer [1002] received the "have" message from [1008] for the piece [53]
[2020-12-05T23:18:49.583165400]: Peer [1002] received the "interested" message from [1007]
[2020-12-05T23:18:49.616267100]: Peer [1002] has downloaded the piece [62] from [1001]. Now the number of pieces it has is [55]
[2020-12-05T23:18:49.613275600]: Peer [1002] received the "interested" message from [1007]
[2020-12-05T23:18:49.617265100]: Peer [1002] received the "interested" message from [1007]
[2020-12-05T23:18:49.618263]: Peer [1002] received the "interested" message from [1007]
[2020-12-05T23:18:49.619260100]: Peer [1002] received the "interested" message from [1007]
[2020-12-05T23:18:49.619260100]: Peer [1002] received the "interested" message from [1007]
[2020-12-05T23:18:49.621545200]: Peer [1002] received the "interested" message from [1007]
[2020-12-05T23:18:49.623543400]: Peer [1002] received the "interested" message from [1007]
[2020-12-05T23:18:49.639935700]: Peer [1002] has downloaded the piece [63] from [1001]. Now the number of pieces it has is [56]
[2020-12-05T23:18:49.641931100]: Peer [1002] received the "interested" message from [1007]
[2020-12-05T23:18:49.648911800]: Peer [1002] has downloaded the piece [53] from [1003]. Now the number of pieces it has is [57]
[2020-12-05T23:18:49.650205500]: Peer [1002] received the "interested" message from [1007]
[2020-12-05T23:18:49.658886300]: Peer [1002] received the "have" message from [1004] for the piece [23]
[2020-12-05T23:18:49.658886300]: Peer [1002] received the "interested" message from [1007]
[2020-12-05T23:18:49.660879800]: Peer [1002] received the "interested" message from [1007]
[2020-12-05T23:18:49.663049400]: Peer [1002] received the "interested" message from [1007]
[2020-12-05T23:18:49.663871300]: Peer [1002] received the "interested" message from [1007]
[2020-12-05T23:18:49.664382900]: Peer [1002] received the "interested" message from [1007]
[2020-12-05T23:18:49.664382900]: Peer [1002] received the "interested" message from [1007]
[2020-12-05T23:18:49.665384200]: Peer [1002] received the "interested" message from [1007]
[2020-12-05T23:18:49.665384200]: Peer [1002] received the "interested" message from [1007]
[2020-12-05T23:18:49.666380900]: Peer [1002] received the "interested" message from [1007]
[2020-12-05T23:18:49.666380900]: Peer [1002] received the "interested" message from [1007]
[2020-12-05T23:18:49.667378400]: Peer [1002] received the "interested" message from [1007]
[2020-12-05T23:18:49.667656100]: Peer [1002] received the "interested" message from [1007]
[2020-12-05T23:18:49.668376300]: Peer [1002] received the "interested" message from [1007]
[2020-12-05T23:18:49.668898900]: Peer [1002] received the "interested" message from [1007]
[2020-12-05T23:18:49.669373500]: Peer [1002] received the "interested" message from [1007]
[2020-12-05T23:18:49.669373500]: Peer [1002] received the "interested" message from [1007]
[2020-12-05T23:18:49.670456400]: Peer [1002] received the "interested" message from [1007]
[2020-12-05T23:18:49.670456400]: Peer [1002] received the "interested" message from [1007]
[2020-12-05T23:18:49.671489100]: Peer [1002] received the "interested" message from [1007]
[2020-12-05T23:18:49.672132900]: Peer [1002] received the "interested" message from [1007]
[2020-12-05T23:18:49.672132900]: Peer [1002] received the "interested" message from [1007]
[2020-12-05T23:18:49.673019300]: Peer [1002] received the "interested" message from [1007]
[2020-12-05T23:18:49.673019300]: Peer [1002] received the "interested" message from [1007]
[2020-12-05T23:18:49.674506400]: Peer [1002] received the "interested" message from [1007]
[2020-12-05T23:18:49.675510100]: Peer [1002] received the "interested" message from [1007]
[2020-12-05T23:18:49.605298600]: Peer [1002] received the "have" message from [1009] for the piece [53]
[2020-12-05T23:18:49.595723200]: Peer [1002] received the "have" message from [1008] for the piece [63]
[2020-12-05T23:18:49.605298600]: Peer [1002] received the "have" message from [1005] for the piece [9]
[2020-12-05T23:18:49.676758800]: Peer [1002] received the "have" message from [1009] for the piece [55]
[2020-12-05T23:18:49.676758800]: Peer [1002] received the "have" message from [1008] for the piece [61]
[2020-12-05T23:18:49.675510100]: Peer [1002] received the "interested" message from [1007]
[2020-12-05T23:18:49.681435600]: Peer [1002] received the "have" message from [1009] for the piece [55]
[2020-12-05T23:18:49.683941200]: Peer [1002] received the "have" message from [1008] for the piece [56]
[2020-12-05T23:18:49.686520700]: Peer [1002] received the "have" message from [1009] for the piece [50]
[2020-12-05T23:18:49.718559700]: Peer [1002] received the "have" message from [1004] for the piece [24]
[2020-12-05T23:18:49.704776100]: Peer [1002] received the "have" message from [1009] for the piece [56]
[2020-12-05T23:18:49.689444500]: Peer [1002] received the "have" message from [1008] for the piece [62]
[2020-12-05T23:18:49.675510100]: Peer [1002] has downloaded the piece [64] from [1001]. Now the number of pieces it has is [58]
[2020-12-05T23:18:49.724425900]: Peer [1002] received the "have" message from [1008] for the piece [64]
[2020-12-05T23:18:49.722232100]: Peer [1002] received the "have" message from [1009] for the piece [51]
[2020-12-05T23:18:49.730414]: Peer [1002] received the "have" message from [1009] for the piece [54]
[2020-12-05T23:18:49.731410600]: Peer [1002] received the "have" message from [1009] for the piece [57]
[2020-12-05T23:18:49.732433100]: Peer [1002] received the "have" message from [1009] for the piece [58]
[2020-12-05T23:18:49.726424200]: Peer [1002] received the "have" message from [1008] for the piece [66]
[2020-12-05T23:18:49.739810200]: Peer [1002] received the "have" message from [1009] for the piece [62]
[2020-12-05T23:18:49.688447500]: Peer [1002] received the "interested" message from [1007]
[2020-12-05T23:18:49.742219700]: Peer [1002] has downloaded the piece [65] from [1001]. Now the number of pieces it has is [59]
[2020-12-05T23:18:49.742755900]: Peer [1002] received the "interested" message from [1007]
[2020-12-05T23:18:49.744879600]: Peer [1002] received the "interested" message from [1007]
[2020-12-05T23:18:49.741804900]: Peer [1002] received the "have" message from [1008] for the piece [65]
[2020-12-05T23:18:49.748872900]: Peer [1002] received the "have" message from [1004] for the piece [11]
[2020-12-05T23:18:49.751010600]: Peer [1002] received the "have" message from [1004] for the piece [27]
[2020-12-05T23:18:49.750185400]: Peer [1002] received the "have" message from [1005] for the piece [10]
[2020-12-05T23:18:49.747935300]: Peer [1002] received the "interested" message from [1007]
[2020-12-05T23:18:49.764277200]: Peer [1002] received the "have" message from [1009] for the piece [64]
[2020-12-05T23:18:49.772103600]: Peer [1002] received the "have" message from [1009] for the piece [60]
[2020-12-05T23:18:49.778333100]: Peer [1002] received the "have" message from [1009] for the piece [65]
[2020-12-05T23:18:49.758946100]: Peer [1002] received the "interested" message from [1007]
[2020-12-05T23:18:49.792459700]: Peer [1002] received the "interested" message from [1007]
[2020-12-05T23:18:49.794806800]: Peer [1002] received the "have" message from [1009] for the piece [66]
[2020-12-05T23:18:49.795803500]: Peer [1002] received the "interested" message from [1007]
[2020-12-05T23:18:49.796473500]: Peer [1002] received the "interested" message from [1007]
[2020-12-05T23:18:49.799543700]: Peer [1002] received the "interested" message from [1007]
[2020-12-05T23:18:49.794806800]: Peer [1002] has downloaded the piece [66] from [1003]. Now the number of pieces it has is [60]
[2020-12-05T23:18:49.801043200]: Peer [1002] received the "interested" message from [1007]
[2020-12-05T23:18:49.801683300]: Peer [1002] received the "interested" message from [1007]
[2020-12-05T23:18:49.802862700]: Peer [1002] received the "interested" message from [1007]
[2020-12-05T23:18:49.803809800]: Peer [1002] received the "interested" message from [1007]
[2020-12-05T23:18:49.803809800]: Peer [1002] has downloaded the piece [61] from [1006]. Now the number of pieces it has is [61]
[2020-12-05T23:18:49.805187300]: Peer [1002] received the "interested" message from [1007]
[2020-12-05T23:18:49.805733500]: Peer [1002] received the "interested" message from [1007]
[2020-12-05T23:18:49.806695100]: Peer [1002] received the "have" message from [1009] for the piece [63]
[2020-12-05T23:18:49.809099600]: Peer [1002] received the "interested" message from [1007]
[2020-12-05T23:18:49.810684200]: Peer [1002] received the "interested" message from [1007]
[2020-12-05T23:18:49.817694300]: Peer [1002] received the "have" message from [1004] for the piece [28]
[2020-12-05T23:18:49.817694300]: Peer [1002] received the "have" message from [1009] for the piece [59]
[2020-12-05T23:18:49.812785400]: Peer [1002] received the "interested" message from [1007]
[2020-12-05T23:18:49.824700800]: Peer [1002] received the "interested" message from [1007]
[2020-12-05T23:18:49.828950400]: Peer [1002] received the "interested" message from [1007]
[2020-12-05T23:18:49.848220800]: Peer [1002] received the "have" message from [1009] for the piece [61]
[2020-12-05T23:18:49.854880600]: Peer [1002] received the "have" message from [1004] for the piece [18]
[2020-12-05T23:18:49.831047]: Peer [1002] received the "interested" message from [1007]
[2020-12-05T23:18:49.865644900]: Peer [1002] received the "interested" message from [1007]
[2020-12-05T23:18:49.868768300]: Peer [1002] received the "interested" message from [1007]
[2020-12-05T23:18:49.870762]: Peer [1002] received the "have" message from [1004] for the piece [19]
[2020-12-05T23:18:49.869764900]: Peer [1002] received the "interested" message from [1007]
[2020-12-05T23:18:49.872756400]: Peer [1002] received the "interested" message from [1007]
[2020-12-05T23:18:49.866819100]: Peer [1002] received the "have" message from [1005] for the piece [11]
[2020-12-05T23:18:49.874213400]: Peer [1002] received the "interested" message from [1007]
[2020-12-05T23:18:49.874767800]: Peer [1002] received the "have" message from [1005] for the piece [12]
[2020-12-05T23:18:49.876219900]: Peer [1002] received the "interested" message from [1007]
[2020-12-05T23:18:49.878162600]: Peer [1002] received the "interested" message from [1007]
[2020-12-05T23:18:49.879156600]: Peer [1002] received the "interested" message from [1007]
[2020-12-05T23:18:49.880177200]: Peer [1002] received the "interested" message from [1007]
[2020-12-05T23:18:49.884143900]: Peer [1002] received the "have" message from [1005] for the piece [13]
[2020-12-05T23:18:49.885141700]: Peer [1002] received the "interested" message from [1007]
[2020-12-05T23:18:49.888005500]: Peer [1002] received the "interested" message from [1007]
[2020-12-05T23:18:49.890620300]: Peer [1002] received the "interested" message from [1007]
[2020-12-05T23:18:49.891678]: Peer [1002] received the "have" message from [1004] for the piece [29]
[2020-12-05T23:18:49.892614700]: Peer [1002] received the "interested" message from [1007]
[2020-12-05T23:18:49.893715700]: Peer [1002] received the "interested" message from [1007]
[2020-12-05T23:18:49.894758300]: Peer [1002] received the "interested" message from [1007]
[2020-12-05T23:18:49.895664200]: Peer [1002] received the "interested" message from [1007]
[2020-12-05T23:18:49.896666400]: Peer [1002] received the "interested" message from [1007]
[2020-12-05T23:18:49.898110400]: Peer [1002] received the "have" message from [1005] for the piece [14]
[2020-12-05T23:18:49.897664200]: Peer [1002] received the "interested" message from [1007]
[2020-12-05T23:18:49.899113300]: Peer [1002] received the "interested" message from [1007]
[2020-12-05T23:18:49.912078500]: Peer [1002] received the "have" message from [1005] for the piece [15]
[2020-12-05T23:18:49.919059]: Peer [1002] has downloaded the piece [47] from [1008]. Now the number of pieces it has is [62]
[2020-12-05T23:18:49.928035700]: Peer [1002] received the "have" message from [1005] for the piece [16]
[2020-12-05T23:18:49.900111]: Peer [1002] received the "interested" message from [1007]
[2020-12-05T23:18:49.934018700]: Peer [1002] received the "interested" message from [1007]
[2020-12-05T23:18:49.939166200]: Peer [1002] received the "interested" message from [1007]
[2020-12-05T23:18:49.941011300]: Peer [1002] received the "interested" message from [1007]
[2020-12-05T23:18:49.941011300]: Peer [1002] has downloaded the piece [51] from [1008]. Now the number of pieces it has is [63]
[2020-12-05T23:18:49.941299]: Peer [1002] received the "interested" message from [1007]
[2020-12-05T23:18:49.942008]: Peer [1002] received the "interested" message from [1007]
[2020-12-05T23:18:49.945164400]: Peer [1002] received the "interested" message from [1007]
[2020-12-05T23:18:49.951375700]: Peer [1002] received the "interested" message from [1007]
[2020-12-05T23:18:49.953697400]: Peer [1002] received the "interested" message from [1007]
[2020-12-05T23:18:49.954367700]: Peer [1002] has downloaded the piece [55] from [1008]. Now the number of pieces it has is [64]
[2020-12-05T23:18:49.954367700]: Peer [1002] received the "interested" message from [1007]
[2020-12-05T23:18:49.954367700]: Peer [1002] received the "interested" message from [1007]
[2020-12-05T23:18:49.956363700]: Peer [1002] received the "interested" message from [1007]
[2020-12-05T23:18:49.959833]: Peer [1002] received the "have" message from [1004] for the piece [20]
[2020-12-05T23:18:49.958167100]: Peer [1002] received the "interested" message from [1007]
[2020-12-05T23:18:49.973795600]: Peer [1002] has downloaded the piece [57] from [1008]. Now the number of pieces it has is [65]
[2020-12-05T23:18:49.973795600]: Peer [1002] received the "interested" message from [1007]
[2020-12-05T23:18:49.977056900]: Peer [1002] received the "interested" message from [1007]
[2020-12-05T23:18:49.979320300]: Peer [1002] received the "interested" message from [1007]
[2020-12-05T23:18:49.945997800]: Peer [1002] received the "have" message from [1005] for the piece [17]
[2020-12-05T23:18:49.983315600]: Peer [1002] received the "interested" message from [1007]
[2020-12-05T23:18:49.987304]: Peer [1002] received the "interested" message from [1007]
[2020-12-05T23:18:49.961828500]: Peer [1002] received the "have" message from [1004] for the piece [31]
[2020-12-05T23:18:49.987304]: Peer [1002] received the "have" message from [1005] for the piece [18]
[2020-12-05T23:18:49.991293900]: Peer [1002] received the "have" message from [1005] for the piece [19]
[2020-12-05T23:18:49.994285100]: Peer [1002] has downloaded the piece [59] from [1008]. Now the number of pieces it has is [66]
[2020-12-05T23:18:50.001336800]: Peer [1002] received the "have" message from [1004] for the piece [32]
[2020-12-05T23:18:50.003331100]: Peer [1002] received the "have" message from [1004] for the piece [33]
[2020-12-05T23:18:49.989299300]: Peer [1002] received the "interested" message from [1007]
[2020-12-05T23:18:50.013461700]: Peer [1002] received the "have" message from [1004] for the piece [34]
[2020-12-05T23:18:50.006322600]: Peer [1002] received the "interested" message from [1007]
[2020-12-05T23:18:50.025544300]: Peer [1002] received the "interested" message from [1007]
[2020-12-05T23:18:50.028442900]: Peer [1002] received the "interested" message from [1007]
[2020-12-05T23:18:50.030349700]: Peer [1002] received the "have" message from [1004] for the piece [30]
[2020-12-05T23:18:50.029419200]: Peer [1002] received the "interested" message from [1007]
[2020-12-05T23:18:50.032344400]: Peer [1002] received the "interested" message from [1007]
[2020-12-05T23:18:50.033358600]: Peer [1002] received the "interested" message from [1007]
[2020-12-05T23:18:50.039481600]: Peer [1002] received the "have" message from [1005] for the piece [26]
[2020-12-05T23:18:50.039481600]: Peer [1002] received the "interested" message from [1007]
[2020-12-05T23:18:50.050546500]: Peer [1002] received the "interested" message from [1007]
[2020-12-05T23:18:50.055422600]: Peer [1002] received the "interested" message from [1007]
[2020-12-05T23:18:50.073615]: Peer [1002] has downloaded the piece [60] from [1008]. Now the number of pieces it has is [67]
[2020-12-05T23:18:50.075608500]: Peer [1002] received the "interested" message from [1007]
[2020-12-05T23:18:50.076606500]: Peer [1002] received the "interested" message from [1007]
[2020-12-05T23:18:50.076606500]: Peer [1002] received the "interested" message from [1007]
[2020-12-05T23:18:50.080601800]: Peer [1002] has downloaded the complete file.
[2020-12-05T23:18:50.082837100]: Peer [1002] received the "have" message from [1005] for the piece [25]
[2020-12-05T23:18:50.102510]: Peer [1002] received the "have" message from [1005] for the piece [21]
[2020-12-05T23:18:50.054426600]: Peer [1002] received the "have" message from [1004] for the piece [36]
[2020-12-05T23:18:50.109718800]: Peer [1002] received the "have" message from [1004] for the piece [38]
[2020-12-05T23:18:50.112238900]: Peer [1002] received the "have" message from [1004] for the piece [37]
[2020-12-05T23:18:50.115229700]: Peer [1002] received the "have" message from [1004] for the piece [26]
[2020-12-05T23:18:50.116229300]: Peer [1002] received the "have" message from [1004] for the piece [40]
[2020-12-05T23:18:50.121112200]: Peer [1002] received the "have" message from [1005] for the piece [20]
[2020-12-05T23:18:50.120812600]: Peer [1002] received the "have" message from [1004] for the piece [35]
[2020-12-05T23:18:50.132958500]: Peer [1002] received the "have" message from [1004] for the piece [41]
[2020-12-05T23:18:50.142342600]: Peer [1002] received the "have" message from [1005] for the piece [22]
[2020-12-05T23:18:50.148266800]: Peer [1002] received the "have" message from [1004] for the piece [42]
[2020-12-05T23:18:50.157256500]: Peer [1002] received the "have" message from [1005] for the piece [23]
[2020-12-05T23:18:50.159085900]: Peer [1002] received the "have" message from [1004] for the piece [39]
[2020-12-05T23:18:50.175704800]: Peer [1002] received the "have" message from [1005] for the piece [24]
[2020-12-05T23:18:50.185601600]: Peer [1002] received the "have" message from [1004] for the piece [44]
[2020-12-05T23:18:50.188594400]: Peer [1002] received the "have" message from [1005] for the piece [27]
[2020-12-05T23:18:50.190287]: Peer [1002] received the "have" message from [1005] for the piece [30]
[2020-12-05T23:18:50.210523]: Peer [1002] received the "have" message from [1004] for the piece [25]
[2020-12-05T23:18:50.211055400]: Peer [1002] received the "have" message from [1004] for the piece [45]
[2020-12-05T23:18:50.212907700]: Peer [1002] received the "have" message from [1004] for the piece [45]
[2020-12-05T23:18:50.217019600]: Peer [1002] received the "have" message from [1005] for the piece [28]
[2020-12-05T23:18:50.225121500]: Peer [1002] received the "have" message from [1004] for the piece [47]
[2020-12-05T23:18:50.233142700]: Peer [1002] received the "have" message from [1005] for the piece [29]
[2020-12-05T23:18:50.239215700]: Peer [1002] received the "have" message from [1004] for the piece [48]
[2020-12-05T23:18:50.251955700]: Peer [1002] received the "have" message from [1004] for the piece [46]
[2020-12-05T23:18:50.264516200]: Peer [1002] received the "have" message from [1005] for the piece [31]
[2020-12-05T23:18:50.275136500]: Peer [1002] received the "have" message from [1005] for the piece [35]
[2020-12-05T23:18:50.279983900]: Peer [1002] received the "have" message from [1004] for the piece [49]
[2020-12-05T23:18:50.285831100]: Peer [1002] received the "have" message from [1005] for the piece [32]
[2020-12-05T23:18:50.295242900]: Peer [1002] received the "have" message from [1004] for the piece [51]
[2020-12-05T23:18:50.306887300]: Peer [1002] received the "have" message from [1005] for the piece [39]
[2020-12-05T23:18:50.312909]: Peer [1002] received the "have" message from [1005] for the piece [33]
[2020-12-05T23:18:50.315951400]: Peer [1002] received the "have" message from [1004] for the piece [50]
[2020-12-05T23:18:50.331689300]: Peer [1002] received the "have" message from [1004] for the piece [52]
[2020-12-05T23:18:50.339918700]: Peer [1002] received the "have" message from [1005] for the piece [40]
[2020-12-05T23:18:50.355232500]: Peer [1002] received the "have" message from [1005] for the piece [34]
[2020-12-05T23:18:50.356310300]: Peer [1002] received the "have" message from [1004] for the piece [55]
[2020-12-05T23:18:50.357241700]: Peer [1002] received the "have" message from [1005] for the piece [41]
[2020-12-05T23:18:50.373200800]: Peer [1002] received the "have" message from [1005] for the piece [42]
[2020-12-05T23:18:50.375251700]: Peer [1002] received the "have" message from [1004] for the piece [57]
[2020-12-05T23:18:50.383210]: Peer [1002] received the "have" message from [1005] for the piece [36]
[2020-12-05T23:18:50.389358300]: Peer [1002] received the "have" message from [1004] for the piece [43]
[2020-12-05T23:18:50.398181500]: Peer [1002] received the "have" message from [1005] for the piece [37]
[2020-12-05T23:18:50.405261900]: Peer [1002] received the "have" message from [1005] for the piece [38]
[2020-12-05T23:18:50.409590600]: Peer [1002] received the "have" message from [1004] for the piece [58]
[2020-12-05T23:18:50.417542200]: Peer [1002] received the "have" message from [1005] for the piece [60]
[2020-12-05T23:18:50.423920300]: Peer [1002] received the "have" message from [1005] for the piece [44]
[2020-12-05T23:18:50.427886400]: Peer [1002] received the "have" message from [1004] for the piece [59]
[2020-12-05T23:18:50.437028]: Peer [1002] received the "have" message from [1004] for the piece [54]
[2020-12-05T23:18:50.442135900]: Peer [1002] received the "have" message from [1005] for the piece [46]
[2020-12-05T23:18:50.451200500]: Peer [1002] received the "have" message from [1004] for the piece [60]
[2020-12-05T23:18:50.455277700]: Peer [1002] received the "have" message from [1005] for the piece [48]
[2020-12-05T23:18:50.465353100]: Peer [1002] received the "have" message from [1004] for the piece [53]
[2020-12-05T23:18:50.466249]: Peer [1002] received the "have" message from [1005] for the piece [49]
[2020-12-05T23:18:50.478202500]: Peer [1002] received the "have" message from [1004] for the piece [63]
[2020-12-05T23:18:50.481862]: Peer [1002] received the "have" message from [1005] for the piece [43]
[2020-12-05T23:18:50.497356200]: Peer [1002] received the "have" message from [1004] for the piece [61]
[2020-12-05T23:18:50.499328900]: Peer [1002] received the "have" message from [1005] for the piece [50]
[2020-12-05T23:18:50.513168500]: Peer [1002] received the "have" message from [1004] for the piece [56]
[2020-12-05T23:18:50.518154900]: Peer [1002] received the "have" message from [1005] for the piece [52]
[2020-12-05T23:18:50.529533400]: Peer [1002] received the "have" message from [1005] for the piece [54]
[2020-12-05T23:18:50.527539800]: Peer [1002] received the "have" message from [1004] for the piece [62]
[2020-12-05T23:18:50.542344700]: Peer [1002] received the "have" message from [1004] for the piece [64]
[2020-12-05T23:18:50.546597800]: Peer [1002] received the "have" message from [1005] for the piece [45]
[2020-12-05T23:18:50.556236300]: Peer [1002] received the "have" message from [1005] for the piece [56]
[2020-12-05T23:18:50.557492400]: Peer [1002] received the "have" message from [1004] for the piece [66]
[2020-12-05T23:18:50.571647500]: Peer [1002] received the "have" message from [1004] for the piece [65]
[2020-12-05T23:18:50.576867]: Peer [1002] received the "have" message from [1005] for the piece [58]
[2020-12-05T23:18:50.586613300]: Peer [1002] received the "have" message from [1005] for the piece [62]
[2020-12-05T23:18:50.598678100]: Peer [1002] received the "have" message from [1005] for the piece [53]
[2020-12-05T23:18:50.606882900]: Peer [1002] received the "have" message from [1005] for the piece [63]
[2020-12-05T23:18:50.613725700]: Peer [1002] received the "have" message from [1005] for the piece [64]
[2020-12-05T23:18:50.620753600]: Peer [1002] received the "have" message from [1005] for the piece [65]
[2020-12-05T23:18:50.628913200]: Peer [1002] received the "have" message from [1005] for the piece [66]
[2020-12-05T23:18:50.640039300]: Peer [1002] received the "have" message from [1005] for the piece [61]
[2020-12-05T23:18:50.652299300]: Peer [1002] received the "have" message from [1005] for the piece [47]
[2020-12-05T23:18:50.659621700]: Peer [1002] received the "have" message from [1005] for the piece [51]
[2020-12-05T23:18:50.668030300]: Peer [1002] received the "have" message from [1005] for the piece [55]
[2020-12-05T23:18:50.677764]: Peer [1002] received the "have" message from [1005] for the piece [57]
[2020-12-05T23:18:50.685647300]: Peer [1002] received the "have" message from [1005] for the piece [59]
[2020-12-05T23:18:53.279408500]: Peer [1002] received the "have" message from [1007] for the piece [0]
[2020-12-05T23:18:53.327542300]: Peer [1002] received the "have" message from [1007] for the piece [1]
[2020-12-05T23:18:53.330270800]: Peer [1002] has  the  optimistically  unchoked  neighbor [1007]
[2020-12-05T23:18:53.333268200]: Peer [1002] has the preferred neighbors [,]
[2020-12-05T23:18:53.377144400]: Peer [1002] received the "have" message from [1007] for the piece [2]
[2020-12-05T23:18:53.418063300]: Peer [1002] received the "have" message from [1007] for the piece [3]
[2020-12-05T23:18:53.478900400]: Peer [1002] received the "have" message from [1007] for the piece [4]
[2020-12-05T23:18:53.584908]: Peer [1002] received the "have" message from [1007] for the piece [5]
[2020-12-05T23:18:53.585906100]: Peer [1002] received the "have" message from [1007] for the piece [6]
[2020-12-05T23:18:53.587447600]: Peer [1002] received the "have" message from [1007] for the piece [8]
[2020-12-05T23:18:53.587976300]: Peer [1002] received the "have" message from [1007] for the piece [10]
[2020-12-05T23:18:53.615840900]: Peer [1002] received the "have" message from [1007] for the piece [13]
[2020-12-05T23:18:53.616839900]: Peer [1002] received the "have" message from [1007] for the piece [13]
[2020-12-05T23:18:53.617836400]: Peer [1002] received the "have" message from [1007] for the piece [7]
[2020-12-05T23:18:53.618833400]: Peer [1002] received the "have" message from [1007] for the piece [11]
[2020-12-05T23:18:53.619720100]: Peer [1002] received the "have" message from [1007] for the piece [17]
[2020-12-05T23:18:53.628596900]: Peer [1002] received the "have" message from [1007] for the piece [16]
[2020-12-05T23:18:53.633104500]: Peer [1002] received the "have" message from [1007] for the piece [12]
[2020-12-05T23:18:53.637627400]: Peer [1002] received the "have" message from [1007] for the piece [14]
[2020-12-05T23:18:53.640038400]: Peer [1002] received the "have" message from [1007] for the piece [15]
[2020-12-05T23:18:53.658831100]: Peer [1002] received the "have" message from [1007] for the piece [18]
[2020-12-05T23:18:53.681423600]: Peer [1002] received the "have" message from [1007] for the piece [19]
