[2020-12-05T23:08:59.677046200]: Peer [1001] has the preferred neighbors []
[2020-12-05T23:08:59.749756900]: Peer [1001] is connected from Peer [1002]
[2020-12-05T23:08:59.750632900]: Peer [1001] is connected from Peer [1003]
[2020-12-05T23:08:59.754623700]: Peer [1001] is connected from Peer [1004]
[2020-12-05T23:08:59.761604400]: Peer [1001] received the "interested" message from [1002]
[2020-12-05T23:08:59.761604400]: Peer [1001] received the "interested" message from [1003]
[2020-12-05T23:08:59.760606100]: Peer [1001] received the "interested" message from [1004]
[2020-12-05T23:08:59.768585500]: Peer [1001] is connected from Peer [1005]
[2020-12-05T23:08:59.771576300]: Peer [1001] received the "interested" message from [1005]
[2020-12-05T23:09:00.269209600]: Peer [1001] is connected from Peer [1006]
[2020-12-05T23:09:00.271204600]: Peer [1001] received the "not interested" message from [1006]
[2020-12-05T23:09:00.293845400]: Peer [1001] is connected from Peer [1007]
[2020-12-05T23:09:00.296836500]: Peer [1001] received the "interested" message from [1007]
[2020-12-05T23:09:00.318776700]: Peer [1001] is connected from Peer [1008]
[2020-12-05T23:09:00.319774100]: Peer [1001] received the "interested" message from [1008]
[2020-12-05T23:09:00.364654900]: Peer [1001] is connected from Peer [1009]
[2020-12-05T23:09:00.367646500]: Peer [1001] received the "interested" message from [1009]
[2020-12-05T23:09:00.398118900]: Peer [1001] received the "have" message from [1002] for the piece [0]
[2020-12-05T23:09:00.454965800]: Peer [1001] received the "have" message from [1002] for the piece [1]
[2020-12-05T23:09:00.502351900]: Peer [1001] received the "have" message from [1002] for the piece [2]
[2020-12-05T23:09:00.523248300]: Peer [1001] received the "have" message from [1002] for the piece [3]
[2020-12-05T23:09:00.539915200]: Peer [1001] received the "have" message from [1002] for the piece [4]
[2020-12-05T23:09:00.562084700]: Peer [1001] received the "have" message from [1002] for the piece [5]
[2020-12-05T23:09:00.582574700]: Peer [1001] received the "have" message from [1002] for the piece [6]
[2020-12-05T23:09:00.598433500]: Peer [1001] received the "have" message from [1002] for the piece [7]
[2020-12-05T23:09:00.612652800]: Peer [1001] received the "have" message from [1002] for the piece [8]
[2020-12-05T23:09:00.625695]: Peer [1001] received the "have" message from [1002] for the piece [9]
[2020-12-05T23:09:00.657136300]: Peer [1001] received the "have" message from [1002] for the piece [10]
[2020-12-05T23:09:00.676858100]: Peer [1001] received the "have" message from [1002] for the piece [11]
[2020-12-05T23:09:00.691957900]: Peer [1001] received the "have" message from [1002] for the piece [12]
[2020-12-05T23:09:00.709987100]: Peer [1001] received the "have" message from [1002] for the piece [13]
[2020-12-05T23:09:00.728782600]: Peer [1001] received the "have" message from [1002] for the piece [14]
[2020-12-05T23:09:00.743880900]: Peer [1001] received the "have" message from [1002] for the piece [15]
[2020-12-05T23:09:00.762605400]: Peer [1001] received the "have" message from [1002] for the piece [16]
[2020-12-05T23:09:00.786194500]: Peer [1001] received the "have" message from [1002] for the piece [17]
[2020-12-05T23:09:00.809055300]: Peer [1001] received the "have" message from [1002] for the piece [18]
[2020-12-05T23:09:00.831721600]: Peer [1001] received the "have" message from [1002] for the piece [19]
[2020-12-05T23:09:00.851553200]: Peer [1001] received the "have" message from [1002] for the piece [20]
[2020-12-05T23:09:00.868901100]: Peer [1001] received the "have" message from [1002] for the piece [21]
[2020-12-05T23:09:00.885507800]: Peer [1001] received the "have" message from [1002] for the piece [22]
[2020-12-05T23:09:00.899402600]: Peer [1001] received the "have" message from [1002] for the piece [23]
[2020-12-05T23:09:00.914369800]: Peer [1001] received the "have" message from [1002] for the piece [24]
[2020-12-05T23:09:00.938636600]: Peer [1001] received the "have" message from [1002] for the piece [25]
[2020-12-05T23:09:00.952009800]: Peer [1001] received the "have" message from [1002] for the piece [26]
[2020-12-05T23:09:00.987044300]: Peer [1001] received the "have" message from [1002] for the piece [27]
[2020-12-05T23:09:01.007173300]: Peer [1001] received the "have" message from [1002] for the piece [28]
[2020-12-05T23:09:01.028049100]: Peer [1001] received the "have" message from [1002] for the piece [29]
[2020-12-05T23:09:01.044097900]: Peer [1001] received the "have" message from [1002] for the piece [30]
[2020-12-05T23:09:01.071203400]: Peer [1001] received the "have" message from [1002] for the piece [31]
[2020-12-05T23:09:01.086361200]: Peer [1001] received the "have" message from [1002] for the piece [32]
[2020-12-05T23:09:01.119529100]: Peer [1001] received the "have" message from [1002] for the piece [33]
[2020-12-05T23:09:01.134194500]: Peer [1001] received the "have" message from [1002] for the piece [34]
[2020-12-05T23:09:01.146305700]: Peer [1001] received the "have" message from [1002] for the piece [35]
[2020-12-05T23:09:01.158979300]: Peer [1001] received the "have" message from [1002] for the piece [36]
[2020-12-05T23:09:01.174174700]: Peer [1001] received the "have" message from [1002] for the piece [37]
[2020-12-05T23:09:01.185538400]: Peer [1001] received the "have" message from [1002] for the piece [38]
[2020-12-05T23:09:01.197591200]: Peer [1001] received the "have" message from [1002] for the piece [39]
[2020-12-05T23:09:01.210329400]: Peer [1001] received the "have" message from [1002] for the piece [40]
[2020-12-05T23:09:01.223465]: Peer [1001] received the "have" message from [1002] for the piece [41]
[2020-12-05T23:09:01.248124500]: Peer [1001] received the "have" message from [1002] for the piece [42]
[2020-12-05T23:09:01.261590300]: Peer [1001] received the "have" message from [1002] for the piece [43]
[2020-12-05T23:09:01.278986600]: Peer [1001] received the "have" message from [1002] for the piece [44]
[2020-12-05T23:09:01.301302800]: Peer [1001] received the "have" message from [1002] for the piece [45]
[2020-12-05T23:09:01.321048700]: Peer [1001] received the "have" message from [1002] for the piece [46]
[2020-12-05T23:09:01.336888200]: Peer [1001] received the "have" message from [1002] for the piece [47]
[2020-12-05T23:09:01.354356300]: Peer [1001] received the "have" message from [1002] for the piece [48]
[2020-12-05T23:09:01.368340400]: Peer [1001] received the "have" message from [1002] for the piece [49]
[2020-12-05T23:09:01.385414400]: Peer [1001] received the "have" message from [1002] for the piece [50]
[2020-12-05T23:09:01.398191500]: Peer [1001] received the "have" message from [1002] for the piece [51]
[2020-12-05T23:09:01.415239700]: Peer [1001] received the "have" message from [1002] for the piece [52]
[2020-12-05T23:09:01.433078100]: Peer [1001] received the "have" message from [1002] for the piece [53]
[2020-12-05T23:09:01.446961200]: Peer [1001] received the "have" message from [1002] for the piece [54]
[2020-12-05T23:09:01.461112600]: Peer [1001] received the "have" message from [1002] for the piece [55]
[2020-12-05T23:09:01.472937800]: Peer [1001] received the "have" message from [1002] for the piece [56]
[2020-12-05T23:09:01.487613100]: Peer [1001] received the "have" message from [1002] for the piece [57]
[2020-12-05T23:09:01.499285400]: Peer [1001] received the "have" message from [1002] for the piece [58]
[2020-12-05T23:09:01.511840]: Peer [1001] received the "have" message from [1002] for the piece [59]
[2020-12-05T23:09:01.523813200]: Peer [1001] received the "have" message from [1002] for the piece [60]
[2020-12-05T23:09:01.537727500]: Peer [1001] received the "have" message from [1002] for the piece [61]
[2020-12-05T23:09:01.550412500]: Peer [1001] received the "have" message from [1002] for the piece [62]
[2020-12-05T23:09:01.563502800]: Peer [1001] received the "have" message from [1002] for the piece [63]
[2020-12-05T23:09:01.577441300]: Peer [1001] received the "have" message from [1002] for the piece [64]
[2020-12-05T23:09:01.593298900]: Peer [1001] received the "have" message from [1002] for the piece [65]
[2020-12-05T23:09:01.623300900]: Peer [1001] received the "have" message from [1002] for the piece [66]
[2020-12-05T23:09:04.650425700]: Peer [1001] has the preferred neighbors [,,,]
[2020-12-05T23:09:04.680493900]: Peer [1001] received the "have" message from [1003] for the piece [0]
[2020-12-05T23:09:04.681609200]: Peer [1001] received the "have" message from [1009] for the piece [0]
[2020-12-05T23:09:04.681609200]: Peer [1001] received the "have" message from [1008] for the piece [0]
[2020-12-05T23:09:04.708659400]: Peer [1001] received the "have" message from [1009] for the piece [1]
[2020-12-05T23:09:04.717500200]: Peer [1001] received the "have" message from [1003] for the piece [1]
[2020-12-05T23:09:04.715966700]: Peer [1001] received the "have" message from [1008] for the piece [1]
[2020-12-05T23:09:04.724783]: Peer [1001] received the "have" message from [1009] for the piece [2]
[2020-12-05T23:09:04.735910100]: Peer [1001] received the "have" message from [1008] for the piece [2]
[2020-12-05T23:09:04.745883100]: Peer [1001] received the "have" message from [1009] for the piece [3]
[2020-12-05T23:09:04.752864600]: Peer [1001] received the "have" message from [1003] for the piece [2]
[2020-12-05T23:09:04.788264900]: Peer [1001] received the "have" message from [1003] for the piece [3]
[2020-12-05T23:09:04.792253600]: Peer [1001] received the "have" message from [1008] for the piece [3]
[2020-12-05T23:09:04.806429100]: Peer [1001] received the "have" message from [1003] for the piece [4]
[2020-12-05T23:09:04.818397100]: Peer [1001] received the "have" message from [1008] for the piece [4]
[2020-12-05T23:09:04.824382200]: Peer [1001] received the "have" message from [1003] for the piece [5]
[2020-12-05T23:09:04.831362700]: Peer [1001] received the "have" message from [1008] for the piece [6]
[2020-12-05T23:09:04.833357600]: Peer [1001] received the "have" message from [1007] for the piece [0]
[2020-12-05T23:09:04.855001100]: Peer [1001] received the "have" message from [1008] for the piece [5]
[2020-12-05T23:09:04.865366700]: Peer [1001] received the "have" message from [1003] for the piece [7]
[2020-12-05T23:09:04.813412800]: Peer [1001] received the "have" message from [1009] for the piece [4]
[2020-12-05T23:09:04.882788400]: Peer [1001] received the "have" message from [1009] for the piece [5]
[2020-12-05T23:09:04.890174500]: Peer [1001] received the "have" message from [1004] for the piece [0]
[2020-12-05T23:09:04.896943600]: Peer [1001] received the "have" message from [1003] for the piece [8]
[2020-12-05T23:09:04.841038300]: Peer [1001] received the "have" message from [1005] for the piece [0]
[2020-12-05T23:09:04.923811200]: Peer [1001] received the "have" message from [1009] for the piece [6]
[2020-12-05T23:09:04.936445700]: Peer [1001] received the "have" message from [1009] for the piece [7]
[2020-12-05T23:09:04.953732100]: Peer [1001] received the "have" message from [1003] for the piece [6]
[2020-12-05T23:09:04.953894300]: Peer [1001] received the "have" message from [1003] for the piece [9]
[2020-12-05T23:09:04.974164300]: Peer [1001] received the "have" message from [1005] for the piece [1]
[2020-12-05T23:09:04.977733600]: Peer [1001] received the "have" message from [1003] for the piece [11]
[2020-12-05T23:09:04.989321200]: Peer [1001] received the "have" message from [1003] for the piece [12]
[2020-12-05T23:09:05.002203500]: Peer [1001] received the "have" message from [1003] for the piece [13]
[2020-12-05T23:09:04.866824700]: Peer [1001] received the "have" message from [1008] for the piece [7]
[2020-12-05T23:09:05.006193]: Peer [1001] received the "have" message from [1007] for the piece [1]
[2020-12-05T23:09:04.948724400]: Peer [1001] received the "have" message from [1009] for the piece [8]
[2020-12-05T23:09:05.011490200]: Peer [1001] received the "have" message from [1008] for the piece [8]
[2020-12-05T23:09:05.013483200]: Peer [1001] received the "have" message from [1008] for the piece [10]
[2020-12-05T23:09:05.026448700]: Peer [1001] received the "have" message from [1008] for the piece [11]
[2020-12-05T23:09:05.026448700]: Peer [1001] received the "have" message from [1008] for the piece [9]
[2020-12-05T23:09:05.027446]: Peer [1001] received the "have" message from [1008] for the piece [13]
[2020-12-05T23:09:05.028443600]: Peer [1001] received the "have" message from [1008] for the piece [14]
[2020-12-05T23:09:05.029441100]: Peer [1001] received the "have" message from [1008] for the piece [16]
[2020-12-05T23:09:05.014481300]: Peer [1001] received the "have" message from [1009] for the piece [9]
[2020-12-05T23:09:05.039740400]: Peer [1001] received the "have" message from [1005] for the piece [2]
[2020-12-05T23:09:05.031268]: Peer [1001] received the "have" message from [1008] for the piece [17]
[2020-12-05T23:09:05.047356700]: Peer [1001] received the "have" message from [1008] for the piece [18]
[2020-12-05T23:09:05.048742900]: Peer [1001] received the "have" message from [1007] for the piece [2]
[2020-12-05T23:09:05.048742900]: Peer [1001] received the "have" message from [1008] for the piece [12]
[2020-12-05T23:09:05.051740400]: Peer [1001] received the "have" message from [1008] for the piece [15]
[2020-12-05T23:09:05.054732200]: Peer [1001] received the "have" message from [1008] for the piece [19]
[2020-12-05T23:09:05.037252900]: Peer [1001] received the "have" message from [1009] for the piece [11]
[2020-12-05T23:09:05.084760700]: Peer [1001] received the "have" message from [1003] for the piece [10]
[2020-12-05T23:09:05.082362600]: Peer [1001] received the "have" message from [1009] for the piece [10]
[2020-12-05T23:09:05.080244700]: Peer [1001] received the "have" message from [1008] for the piece [21]
[2020-12-05T23:09:05.109084900]: Peer [1001] received the "have" message from [1004] for the piece [1]
[2020-12-05T23:09:05.109616100]: Peer [1001] received the "have" message from [1009] for the piece [12]
[2020-12-05T23:09:05.114584400]: Peer [1001] received the "have" message from [1005] for the piece [3]
[2020-12-05T23:09:05.076582]: Peer [1001] received the "have" message from [1007] for the piece [3]
[2020-12-05T23:09:05.114584400]: Peer [1001] received the "have" message from [1008] for the piece [20]
[2020-12-05T23:09:05.118574100]: Peer [1001] received the "have" message from [1004] for the piece [2]
[2020-12-05T23:09:05.130917600]: Peer [1001] received the "have" message from [1004] for the piece [3]
[2020-12-05T23:09:05.105537600]: Peer [1001] received the "have" message from [1003] for the piece [14]
[2020-12-05T23:09:05.132972600]: Peer [1001] received the "have" message from [1009] for the piece [14]
[2020-12-05T23:09:05.154645400]: Peer [1001] received the "have" message from [1008] for the piece [22]
[2020-12-05T23:09:05.152651800]: Peer [1001] received the "have" message from [1009] for the piece [14]
[2020-12-05T23:09:05.159631900]: Peer [1001] received the "have" message from [1005] for the piece [4]
[2020-12-05T23:09:05.170618100]: Peer [1001] received the "have" message from [1009] for the piece [13]
[2020-12-05T23:09:05.169605300]: Peer [1001] received the "have" message from [1008] for the piece [23]
[2020-12-05T23:09:05.191479100]: Peer [1001] received the "have" message from [1009] for the piece [15]
[2020-12-05T23:09:05.174828400]: Peer [1001] received the "have" message from [1003] for the piece [15]
[2020-12-05T23:09:05.205730200]: Peer [1001] received the "have" message from [1009] for the piece [16]
[2020-12-05T23:09:05.206726900]: Peer [1001] received the "have" message from [1003] for the piece [15]
[2020-12-05T23:09:05.209718700]: Peer [1001] received the "have" message from [1007] for the piece [4]
[2020-12-05T23:09:05.198730400]: Peer [1001] received the "have" message from [1005] for the piece [5]
[2020-12-05T23:09:05.237668300]: Peer [1001] received the "have" message from [1007] for the piece [5]
[2020-12-05T23:09:05.208721800]: Peer [1001] received the "have" message from [1003] for the piece [16]
[2020-12-05T23:09:05.237668300]: Peer [1001] received the "have" message from [1009] for the piece [17]
[2020-12-05T23:09:05.234675900]: Peer [1001] received the "have" message from [1008] for the piece [24]
[2020-12-05T23:09:05.252739200]: Peer [1001] received the "have" message from [1008] for the piece [25]
[2020-12-05T23:09:05.248180900]: Peer [1001] received the "have" message from [1003] for the piece [19]
[2020-12-05T23:09:05.262272300]: Peer [1001] received the "have" message from [1003] for the piece [17]
[2020-12-05T23:09:05.263780600]: Peer [1001] received the "have" message from [1003] for the piece [20]
[2020-12-05T23:09:05.264778]: Peer [1001] received the "have" message from [1003] for the piece [18]
[2020-12-05T23:09:05.265776100]: Peer [1001] received the "have" message from [1003] for the piece [21]
[2020-12-05T23:09:05.277656500]: Peer [1001] received the "have" message from [1003] for the piece [22]
[2020-12-05T23:09:05.249036600]: Peer [1001] received the "have" message from [1009] for the piece [18]
[2020-12-05T23:09:05.279618]: Peer [1001] received the "have" message from [1003] for the piece [23]
[2020-12-05T23:09:05.298923100]: Peer [1001] received the "have" message from [1003] for the piece [24]
[2020-12-05T23:09:05.300512900]: Peer [1001] received the "have" message from [1004] for the piece [4]
[2020-12-05T23:09:05.296928500]: Peer [1001] received the "have" message from [1009] for the piece [19]
[2020-12-05T23:09:05.316321600]: Peer [1001] received the "have" message from [1003] for the piece [27]
[2020-12-05T23:09:05.314325900]: Peer [1001] received the "have" message from [1009] for the piece [20]
[2020-12-05T23:09:05.325296500]: Peer [1001] received the "have" message from [1009] for the piece [21]
[2020-12-05T23:09:05.328287600]: Peer [1001] received the "have" message from [1009] for the piece [22]
[2020-12-05T23:09:05.341252700]: Peer [1001] received the "have" message from [1003] for the piece [28]
[2020-12-05T23:09:05.347237700]: Peer [1001] received the "have" message from [1009] for the piece [24]
[2020-12-05T23:09:05.352080600]: Peer [1001] received the "have" message from [1009] for the piece [23]
[2020-12-05T23:09:05.355783500]: Peer [1001] received the "have" message from [1009] for the piece [26]
[2020-12-05T23:09:05.357576200]: Peer [1001] received the "have" message from [1004] for the piece [5]
[2020-12-05T23:09:05.359573]: Peer [1001] received the "have" message from [1009] for the piece [25]
[2020-12-05T23:09:05.378710100]: Peer [1001] received the "have" message from [1009] for the piece [27]
[2020-12-05T23:09:05.380746500]: Peer [1001] received the "have" message from [1009] for the piece [27]
[2020-12-05T23:09:05.388713700]: Peer [1001] received the "have" message from [1003] for the piece [25]
[2020-12-05T23:09:05.389712]: Peer [1001] received the "have" message from [1003] for the piece [26]
[2020-12-05T23:09:05.407662800]: Peer [1001] received the "have" message from [1004] for the piece [7]
[2020-12-05T23:09:05.410870800]: Peer [1001] received the "have" message from [1009] for the piece [28]
[2020-12-05T23:09:05.412901400]: Peer [1001] received the "have" message from [1009] for the piece [29]
[2020-12-05T23:09:05.423050100]: Peer [1001] received the "have" message from [1004] for the piece [8]
[2020-12-05T23:09:05.433039400]: Peer [1001] received the "have" message from [1004] for the piece [9]
[2020-12-05T23:09:05.436972600]: Peer [1001] received the "have" message from [1007] for the piece [7]
[2020-12-05T23:09:05.267769600]: Peer [1001] received the "have" message from [1005] for the piece [7]
[2020-12-05T23:09:05.256728200]: Peer [1001] received the "have" message from [1008] for the piece [26]
[2020-12-05T23:09:05.465911700]: Peer [1001] received the "have" message from [1009] for the piece [31]
[2020-12-05T23:09:05.467907500]: Peer [1001] received the "have" message from [1009] for the piece [32]
[2020-12-05T23:09:05.468904700]: Peer [1001] received the "have" message from [1009] for the piece [30]
[2020-12-05T23:09:05.471895800]: Peer [1001] received the "have" message from [1007] for the piece [8]
[2020-12-05T23:09:05.469901700]: Peer [1001] received the "have" message from [1008] for the piece [28]
[2020-12-05T23:09:05.475884500]: Peer [1001] received the "have" message from [1008] for the piece [27]
[2020-12-05T23:09:05.502657200]: Peer [1001] received the "have" message from [1009] for the piece [33]
[2020-12-05T23:09:05.512590600]: Peer [1001] received the "have" message from [1004] for the piece [6]
[2020-12-05T23:09:05.515863800]: Peer [1001] received the "have" message from [1003] for the piece [29]
[2020-12-05T23:09:05.516861100]: Peer [1001] received the "have" message from [1003] for the piece [30]
[2020-12-05T23:09:05.530822300]: Peer [1001] received the "have" message from [1003] for the piece [32]
[2020-12-05T23:09:05.511608900]: Peer [1001] received the "have" message from [1009] for the piece [34]
[2020-12-05T23:09:05.544204600]: Peer [1001] received the "have" message from [1009] for the piece [36]
[2020-12-05T23:09:05.487153]: Peer [1001] received the "have" message from [1005] for the piece [8]
[2020-12-05T23:09:05.547181300]: Peer [1001] received the "have" message from [1009] for the piece [35]
[2020-12-05T23:09:05.555303600]: Peer [1001] received the "have" message from [1009] for the piece [37]
[2020-12-05T23:09:05.556317400]: Peer [1001] received the "have" message from [1009] for the piece [38]
[2020-12-05T23:09:05.559291600]: Peer [1001] received the "have" message from [1003] for the piece [34]
[2020-12-05T23:09:05.501599300]: Peer [1001] received the "have" message from [1008] for the piece [29]
[2020-12-05T23:09:05.575226600]: Peer [1001] received the "have" message from [1009] for the piece [39]
[2020-12-05T23:09:05.578223300]: Peer [1001] received the "have" message from [1003] for the piece [35]
[2020-12-05T23:09:05.587646]: Peer [1001] received the "have" message from [1007] for the piece [6]
[2020-12-05T23:09:05.589639600]: Peer [1001] received the "have" message from [1003] for the piece [33]
[2020-12-05T23:09:05.591634200]: Peer [1001] received the "have" message from [1003] for the piece [36]
[2020-12-05T23:09:05.611923300]: Peer [1001] received the "have" message from [1003] for the piece [37]
[2020-12-05T23:09:05.626732600]: Peer [1001] received the "have" message from [1009] for the piece [42]
[2020-12-05T23:09:05.627662400]: Peer [1001] received the "have" message from [1009] for the piece [43]
[2020-12-05T23:09:05.634165100]: Peer [1001] received the "have" message from [1003] for the piece [39]
[2020-12-05T23:09:05.653648100]: Peer [1001] received the "have" message from [1009] for the piece [40]
[2020-12-05T23:09:05.654645400]: Peer [1001] received the "have" message from [1009] for the piece [44]
[2020-12-05T23:09:05.654645400]: Peer [1001] received the "have" message from [1009] for the piece [45]
[2020-12-05T23:09:05.657678200]: Peer [1001] received the "have" message from [1003] for the piece [41]
[2020-12-05T23:09:05.673934700]: Peer [1001] received the "have" message from [1009] for the piece [47]
[2020-12-05T23:09:05.562284500]: Peer [1001] received the "have" message from [1008] for the piece [30]
[2020-12-05T23:09:05.696898300]: Peer [1001] received the "have" message from [1009] for the piece [41]
[2020-12-05T23:09:05.698042600]: Peer [1001] received the "have" message from [1009] for the piece [46]
[2020-12-05T23:09:05.696898300]: Peer [1001] received the "have" message from [1008] for the piece [31]
[2020-12-05T23:09:05.629657200]: Peer [1001] received the "have" message from [1004] for the piece [10]
[2020-12-05T23:09:05.702888]: Peer [1001] received the "have" message from [1008] for the piece [33]
[2020-12-05T23:09:05.707210300]: Peer [1001] received the "have" message from [1004] for the piece [11]
[2020-12-05T23:09:05.713091700]: Peer [1001] received the "have" message from [1003] for the piece [42]
[2020-12-05T23:09:05.711097500]: Peer [1001] received the "have" message from [1009] for the piece [50]
[2020-12-05T23:09:05.711097500]: Peer [1001] received the "have" message from [1008] for the piece [34]
[2020-12-05T23:09:05.710192300]: Peer [1001] received the "have" message from [1004] for the piece [12]
[2020-12-05T23:09:05.721169900]: Peer [1001] received the "have" message from [1008] for the piece [32]
[2020-12-05T23:09:05.724163500]: Peer [1001] received the "have" message from [1004] for the piece [13]
[2020-12-05T23:09:05.725240600]: Peer [1001] received the "have" message from [1008] for the piece [37]
[2020-12-05T23:09:05.729790300]: Peer [1001] received the "have" message from [1008] for the piece [35]
[2020-12-05T23:09:05.729790300]: Peer [1001] received the "have" message from [1004] for the piece [14]
[2020-12-05T23:09:05.740373200]: Peer [1001] received the "have" message from [1007] for the piece [9]
[2020-12-05T23:09:05.751180200]: Peer [1001] received the "have" message from [1004] for the piece [15]
[2020-12-05T23:09:05.764284600]: Peer [1001] received the "have" message from [1004] for the piece [16]
[2020-12-05T23:09:05.768272200]: Peer [1001] received the "have" message from [1003] for the piece [38]
[2020-12-05T23:09:05.761292]: Peer [1001] received the "have" message from [1009] for the piece [49]
[2020-12-05T23:09:05.731781800]: Peer [1001] received the "have" message from [1008] for the piece [38]
[2020-12-05T23:09:05.777247800]: Peer [1001] received the "have" message from [1009] for the piece [51]
[2020-12-05T23:09:05.823957]: Peer [1001] received the "have" message from [1003] for the piece [40]
[2020-12-05T23:09:05.824802200]: Peer [1001] received the "have" message from [1003] for the piece [43]
[2020-12-05T23:09:05.806749200]: Peer [1001] received the "have" message from [1008] for the piece [40]
[2020-12-05T23:09:05.809325800]: Peer [1001] received the "have" message from [1009] for the piece [54]
[2020-12-05T23:09:05.809325800]: Peer [1001] received the "have" message from [1004] for the piece [17]
[2020-12-05T23:09:05.892125900]: Peer [1001] received the "have" message from [1004] for the piece [18]
[2020-12-05T23:09:05.898550700]: Peer [1001] received the "have" message from [1003] for the piece [44]
[2020-12-05T23:09:05.899515800]: Peer [1001] received the "have" message from [1003] for the piece [45]
[2020-12-05T23:09:05.855604900]: Peer [1001] received the "have" message from [1008] for the piece [36]
[2020-12-05T23:09:05.873323900]: Peer [1001] received the "have" message from [1009] for the piece [53]
[2020-12-05T23:09:05.911355300]: Peer [1001] received the "have" message from [1009] for the piece [55]
[2020-12-05T23:09:05.912353600]: Peer [1001] received the "have" message from [1009] for the piece [56]
[2020-12-05T23:09:05.913350100]: Peer [1001] received the "have" message from [1009] for the piece [48]
[2020-12-05T23:09:05.914346900]: Peer [1001] received the "have" message from [1009] for the piece [57]
[2020-12-05T23:09:05.914346900]: Peer [1001] received the "have" message from [1009] for the piece [59]
[2020-12-05T23:09:05.918336400]: Peer [1001] received the "have" message from [1003] for the piece [47]
[2020-12-05T23:09:05.921328600]: Peer [1001] received the "have" message from [1003] for the piece [46]
[2020-12-05T23:09:05.950365500]: Peer [1001] received the "have" message from [1005] for the piece [6]
[2020-12-05T23:09:05.968752900]: Peer [1001] received the "have" message from [1003] for the piece [48]
[2020-12-05T23:09:05.908368400]: Peer [1001] received the "have" message from [1008] for the piece [39]
[2020-12-05T23:09:05.973703800]: Peer [1001] received the "have" message from [1005] for the piece [9]
[2020-12-05T23:09:05.970718900]: Peer [1001] received the "have" message from [1003] for the piece [51]
[2020-12-05T23:09:05.948394800]: Peer [1001] received the "have" message from [1009] for the piece [60]
[2020-12-05T23:09:05.983232100]: Peer [1001] received the "have" message from [1003] for the piece [53]
[2020-12-05T23:09:05.993392100]: Peer [1001] received the "have" message from [1004] for the piece [19]
[2020-12-05T23:09:05.990401200]: Peer [1001] received the "have" message from [1009] for the piece [60]
[2020-12-05T23:09:06.002669900]: Peer [1001] received the "have" message from [1004] for the piece [20]
[2020-12-05T23:09:05.971672400]: Peer [1001] received the "have" message from [1008] for the piece [42]
[2020-12-05T23:09:06.015753400]: Peer [1001] received the "have" message from [1009] for the piece [52]
[2020-12-05T23:09:06.016923500]: Peer [1001] received the "have" message from [1009] for the piece [58]
[2020-12-05T23:09:06.011759800]: Peer [1001] received the "have" message from [1008] for the piece [43]
[2020-12-05T23:09:06.023318600]: Peer [1001] received the "have" message from [1008] for the piece [44]
[2020-12-05T23:09:06.026387600]: Peer [1001] received the "have" message from [1008] for the piece [46]
[2020-12-05T23:09:06.044957200]: Peer [1001] received the "have" message from [1009] for the piece [61]
[2020-12-05T23:09:06.048948200]: Peer [1001] received the "have" message from [1008] for the piece [41]
[2020-12-05T23:09:06.049943700]: Peer [1001] received the "have" message from [1008] for the piece [45]
[2020-12-05T23:09:06.041980300]: Peer [1001] received the "have" message from [1004] for the piece [21]
[2020-12-05T23:09:06.026387600]: Peer [1001] received the "have" message from [1003] for the piece [52]
[2020-12-05T23:09:06.050941700]: Peer [1001] received the "have" message from [1008] for the piece [47]
[2020-12-05T23:09:06.067896]: Peer [1001] received the "have" message from [1009] for the piece [62]
[2020-12-05T23:09:06.066898500]: Peer [1001] received the "have" message from [1008] for the piece [50]
[2020-12-05T23:09:06.078388100]: Peer [1001] received the "have" message from [1008] for the piece [49]
[2020-12-05T23:09:06.081809500]: Peer [1001] received the "have" message from [1008] for the piece [52]
[2020-12-05T23:09:06.094293200]: Peer [1001] received the "have" message from [1003] for the piece [31]
[2020-12-05T23:09:06.108759100]: Peer [1001] received the "have" message from [1003] for the piece [55]
[2020-12-05T23:09:06.112653]: Peer [1001] received the "have" message from [1003] for the piece [56]
[2020-12-05T23:09:06.114805300]: Peer [1001] received the "have" message from [1003] for the piece [57]
[2020-12-05T23:09:06.115650100]: Peer [1001] received the "have" message from [1003] for the piece [61]
[2020-12-05T23:09:06.085310800]: Peer [1001] received the "have" message from [1008] for the piece [54]
[2020-12-05T23:09:06.121151600]: Peer [1001] received the "have" message from [1003] for the piece [58]
[2020-12-05T23:09:06.118640600]: Peer [1001] received the "have" message from [1004] for the piece [22]
[2020-12-05T23:09:06.124444500]: Peer [1001] received the "have" message from [1003] for the piece [62]
[2020-12-05T23:09:06.125441400]: Peer [1001] received the "have" message from [1008] for the piece [53]
[2020-12-05T23:09:06.143518600]: Peer [1001] received the "have" message from [1003] for the piece [65]
[2020-12-05T23:09:06.165086800]: Peer [1001] received the "have" message from [1009] for the piece [63]
[2020-12-05T23:09:06.166097]: Peer [1001] received the "have" message from [1003] for the piece [66]
[2020-12-05T23:09:06.170074]: Peer [1001] received the "have" message from [1009] for the piece [65]
[2020-12-05T23:09:06.166097]: Peer [1001] received the "have" message from [1008] for the piece [48]
[2020-12-05T23:09:06.172584700]: Peer [1001] received the "have" message from [1003] for the piece [63]
[2020-12-05T23:09:06.172584700]: Peer [1001] received the "have" message from [1008] for the piece [56]
[2020-12-05T23:09:06.175576300]: Peer [1001] received the "have" message from [1008] for the piece [51]
[2020-12-05T23:09:06.182558]: Peer [1001] received the "have" message from [1008] for the piece [55]
[2020-12-05T23:09:06.188541500]: Peer [1001] received the "have" message from [1008] for the piece [55]
[2020-12-05T23:09:06.197872500]: Peer [1001] received the "have" message from [1005] for the piece [11]
[2020-12-05T23:09:06.206690500]: Peer [1001] received the "have" message from [1004] for the piece [23]
[2020-12-05T23:09:06.205692300]: Peer [1001] received the "have" message from [1009] for the piece [64]
[2020-12-05T23:09:06.195687300]: Peer [1001] received the "have" message from [1008] for the piece [58]
[2020-12-05T23:09:06.214200]: Peer [1001] received the "have" message from [1008] for the piece [57]
[2020-12-05T23:09:06.206690500]: Peer [1001] received the "have" message from [1003] for the piece [64]
[2020-12-05T23:09:06.217182900]: Peer [1001] received the "have" message from [1008] for the piece [60]
[2020-12-05T23:09:06.249746200]: Peer [1001] received the "have" message from [1004] for the piece [24]
[2020-12-05T23:09:06.253022300]: Peer [1001] received the "have" message from [1005] for the piece [12]
[2020-12-05T23:09:06.256721100]: Peer [1001] received the "have" message from [1008] for the piece [62]
[2020-12-05T23:09:06.276579700]: Peer [1001] received the "have" message from [1008] for the piece [63]
[2020-12-05T23:09:06.280151200]: Peer [1001] received the "have" message from [1008] for the piece [61]
[2020-12-05T23:09:06.281148200]: Peer [1001] received the "have" message from [1004] for the piece [25]
[2020-12-05T23:09:06.321042300]: Peer [1001] received the "have" message from [1005] for the piece [13]
[2020-12-05T23:09:06.297464400]: Peer [1001] received the "have" message from [1008] for the piece [65]
[2020-12-05T23:09:06.328011800]: Peer [1001] received the "have" message from [1008] for the piece [65]
[2020-12-05T23:09:06.338520700]: Peer [1001] received the "have" message from [1005] for the piece [10]
[2020-12-05T23:09:06.337522700]: Peer [1001] received the "have" message from [1008] for the piece [66]
[2020-12-05T23:09:06.341512100]: Peer [1001] received the "have" message from [1008] for the piece [66]
[2020-12-05T23:09:06.307372500]: Peer [1001] received the "have" message from [1004] for the piece [26]
[2020-12-05T23:09:06.354060]: Peer [1001] received the "have" message from [1009] for the piece [66]
[2020-12-05T23:09:06.348653800]: Peer [1001] received the "have" message from [1008] for the piece [64]
[2020-12-05T23:09:06.356213400]: Peer [1001] received the "have" message from [1004] for the piece [27]
[2020-12-05T23:09:06.366760900]: Peer [1001] received the "have" message from [1004] for the piece [28]
[2020-12-05T23:09:06.377777400]: Peer [1001] received the "have" message from [1005] for the piece [14]
[2020-12-05T23:09:06.388811600]: Peer [1001] received the "have" message from [1003] for the piece [50]
[2020-12-05T23:09:06.404732300]: Peer [1001] received the "have" message from [1003] for the piece [49]
[2020-12-05T23:09:06.405822500]: Peer [1001] received the "have" message from [1005] for the piece [15]
[2020-12-05T23:09:06.413305900]: Peer [1001] received the "have" message from [1003] for the piece [54]
[2020-12-05T23:09:06.367758300]: Peer [1001] received the "have" message from [1004] for the piece [29]
[2020-12-05T23:09:06.425628]: Peer [1001] received the "have" message from [1003] for the piece [60]
[2020-12-05T23:09:06.429129200]: Peer [1001] received the "have" message from [1007] for the piece [11]
[2020-12-05T23:09:06.425888100]: Peer [1001] received the "have" message from [1004] for the piece [30]
[2020-12-05T23:09:06.439814900]: Peer [1001] received the "have" message from [1004] for the piece [31]
[2020-12-05T23:09:06.451838600]: Peer [1001] received the "have" message from [1004] for the piece [32]
[2020-12-05T23:09:06.458205400]: Peer [1001] received the "have" message from [1005] for the piece [16]
[2020-12-05T23:09:06.461197500]: Peer [1001] received the "have" message from [1007] for the piece [12]
[2020-12-05T23:09:06.495291700]: Peer [1001] received the "have" message from [1003] for the piece [59]
[2020-12-05T23:09:06.501276600]: Peer [1001] received the "have" message from [1008] for the piece [59]
[2020-12-05T23:09:06.506605300]: Peer [1001] received the "have" message from [1004] for the piece [33]
[2020-12-05T23:09:06.521436200]: Peer [1001] received the "have" message from [1007] for the piece [13]
[2020-12-05T23:09:06.551941100]: Peer [1001] received the "have" message from [1007] for the piece [10]
[2020-12-05T23:09:06.563830400]: Peer [1001] received the "have" message from [1007] for the piece [14]
[2020-12-05T23:09:06.575907300]: Peer [1001] received the "have" message from [1004] for the piece [34]
[2020-12-05T23:09:06.581970100]: Peer [1001] received the "have" message from [1005] for the piece [19]
[2020-12-05T23:09:06.600156400]: Peer [1001] received the "have" message from [1005] for the piece [17]
[2020-12-05T23:09:06.618721200]: Peer [1001] received the "have" message from [1004] for the piece [35]
[2020-12-05T23:09:06.630562300]: Peer [1001] received the "have" message from [1004] for the piece [36]
[2020-12-05T23:09:06.641413800]: Peer [1001] received the "have" message from [1005] for the piece [20]
[2020-12-05T23:09:06.648687800]: Peer [1001] received the "have" message from [1004] for the piece [37]
[2020-12-05T23:09:06.662893200]: Peer [1001] received the "have" message from [1004] for the piece [38]
[2020-12-05T23:09:06.672440300]: Peer [1001] received the "have" message from [1005] for the piece [18]
[2020-12-05T23:09:06.677421300]: Peer [1001] received the "have" message from [1004] for the piece [39]
[2020-12-05T23:09:06.686772700]: Peer [1001] received the "have" message from [1004] for the piece [40]
[2020-12-05T23:09:06.706906900]: Peer [1001] received the "have" message from [1004] for the piece [41]
[2020-12-05T23:09:06.713887400]: Peer [1001] received the "have" message from [1005] for the piece [21]
[2020-12-05T23:09:06.719959900]: Peer [1001] received the "have" message from [1004] for the piece [42]
[2020-12-05T23:09:06.736751100]: Peer [1001] received the "have" message from [1005] for the piece [22]
[2020-12-05T23:09:06.738952800]: Peer [1001] received the "have" message from [1004] for the piece [43]
[2020-12-05T23:09:06.750647900]: Peer [1001] received the "have" message from [1004] for the piece [44]
[2020-12-05T23:09:06.768604200]: Peer [1001] received the "have" message from [1007] for the piece [15]
[2020-12-05T23:09:06.769646900]: Peer [1001] received the "have" message from [1005] for the piece [23]
[2020-12-05T23:09:06.773429]: Peer [1001] received the "have" message from [1004] for the piece [45]
[2020-12-05T23:09:06.788624]: Peer [1001] received the "have" message from [1004] for the piece [46]
[2020-12-05T23:09:06.800605600]: Peer [1001] received the "have" message from [1004] for the piece [47]
[2020-12-05T23:09:06.814453200]: Peer [1001] received the "have" message from [1007] for the piece [16]
[2020-12-05T23:09:06.816453200]: Peer [1001] received the "have" message from [1004] for the piece [61]
[2020-12-05T23:09:06.821439800]: Peer [1001] received the "have" message from [1004] for the piece [48]
[2020-12-05T23:09:06.827874700]: Peer [1001] received the "have" message from [1005] for the piece [24]
[2020-12-05T23:09:06.838670600]: Peer [1001] received the "have" message from [1007] for the piece [19]
[2020-12-05T23:09:06.841661100]: Peer [1001] received the "have" message from [1004] for the piece [49]
[2020-12-05T23:09:06.855318700]: Peer [1001] received the "have" message from [1004] for the piece [65]
[2020-12-05T23:09:06.858628300]: Peer [1001] received the "have" message from [1005] for the piece [27]
[2020-12-05T23:09:06.863871900]: Peer [1001] received the "have" message from [1007] for the piece [17]
[2020-12-05T23:09:06.867325400]: Peer [1001] received the "have" message from [1004] for the piece [50]
[2020-12-05T23:09:06.884002500]: Peer [1001] received the "have" message from [1004] for the piece [66]
[2020-12-05T23:09:06.887530600]: Peer [1001] received the "have" message from [1007] for the piece [20]
[2020-12-05T23:09:06.892499600]: Peer [1001] received the "have" message from [1004] for the piece [51]
[2020-12-05T23:09:06.899831600]: Peer [1001] received the "have" message from [1005] for the piece [28]
[2020-12-05T23:09:06.906911200]: Peer [1001] received the "have" message from [1007] for the piece [18]
[2020-12-05T23:09:06.912900]: Peer [1001] received the "have" message from [1004] for the piece [64]
[2020-12-05T23:09:06.925684100]: Peer [1001] received the "have" message from [1005] for the piece [25]
[2020-12-05T23:09:06.928189600]: Peer [1001] received the "have" message from [1004] for the piece [52]
[2020-12-05T23:09:06.938060300]: Peer [1001] received the "have" message from [1004] for the piece [59]
[2020-12-05T23:09:06.938060300]: Peer [1001] received the "have" message from [1007] for the piece [21]
[2020-12-05T23:09:06.950715900]: Peer [1001] received the "have" message from [1005] for the piece [26]
[2020-12-05T23:09:06.951325800]: Peer [1001] received the "have" message from [1004] for the piece [53]
[2020-12-05T23:09:06.967466]: Peer [1001] received the "have" message from [1004] for the piece [54]
[2020-12-05T23:09:06.973709700]: Peer [1001] received the "have" message from [1005] for the piece [29]
[2020-12-05T23:09:06.977397900]: Peer [1001] received the "have" message from [1007] for the piece [22]
[2020-12-05T23:09:06.987510300]: Peer [1001] received the "have" message from [1005] for the piece [30]
[2020-12-05T23:09:06.987510300]: Peer [1001] received the "have" message from [1004] for the piece [55]
[2020-12-05T23:09:06.999084300]: Peer [1001] received the "have" message from [1007] for the piece [23]
[2020-12-05T23:09:07.012360400]: Peer [1001] received the "have" message from [1005] for the piece [32]
[2020-12-05T23:09:07.010345100]: Peer [1001] received the "have" message from [1004] for the piece [56]
[2020-12-05T23:09:07.020383]: Peer [1001] received the "have" message from [1004] for the piece [58]
[2020-12-05T23:09:07.031714400]: Peer [1001] received the "have" message from [1004] for the piece [57]
[2020-12-05T23:09:07.044886700]: Peer [1001] received the "have" message from [1005] for the piece [34]
[2020-12-05T23:09:07.050992300]: Peer [1001] received the "have" message from [1004] for the piece [60]
[2020-12-05T23:09:07.052503900]: Peer [1001] received the "have" message from [1007] for the piece [24]
[2020-12-05T23:09:07.067316400]: Peer [1001] received the "have" message from [1005] for the piece [35]
[2020-12-05T23:09:07.073838900]: Peer [1001] received the "have" message from [1004] for the piece [62]
[2020-12-05T23:09:07.078689900]: Peer [1001] received the "have" message from [1007] for the piece [27]
[2020-12-05T23:09:07.085326300]: Peer [1001] received the "have" message from [1005] for the piece [33]
[2020-12-05T23:09:07.096973100]: Peer [1001] received the "have" message from [1007] for the piece [28]
[2020-12-05T23:09:07.099954400]: Peer [1001] received the "have" message from [1004] for the piece [63]
[2020-12-05T23:09:07.104941700]: Peer [1001] received the "have" message from [1005] for the piece [36]
[2020-12-05T23:09:07.119732800]: Peer [1001] received the "have" message from [1007] for the piece [25]
[2020-12-05T23:09:07.120729500]: Peer [1001] received the "have" message from [1005] for the piece [37]
[2020-12-05T23:09:07.134713600]: Peer [1001] received the "have" message from [1007] for the piece [26]
[2020-12-05T23:09:07.136825900]: Peer [1001] received the "have" message from [1005] for the piece [39]
[2020-12-05T23:09:07.145867200]: Peer [1001] received the "have" message from [1005] for the piece [41]
[2020-12-05T23:09:07.146869]: Peer [1001] received the "have" message from [1007] for the piece [30]
[2020-12-05T23:09:07.160268400]: Peer [1001] received the "have" message from [1005] for the piece [42]
[2020-12-05T23:09:07.162352600]: Peer [1001] received the "have" message from [1007] for the piece [29]
[2020-12-05T23:09:07.174989400]: Peer [1001] received the "have" message from [1005] for the piece [38]
[2020-12-05T23:09:07.178979500]: Peer [1001] received the "have" message from [1007] for the piece [32]
[2020-12-05T23:09:07.188928300]: Peer [1001] received the "have" message from [1005] for the piece [40]
[2020-12-05T23:09:07.192927200]: Peer [1001] received the "have" message from [1007] for the piece [34]
[2020-12-05T23:09:07.206392900]: Peer [1001] received the "have" message from [1005] for the piece [43]
[2020-12-05T23:09:07.205395100]: Peer [1001] received the "have" message from [1007] for the piece [35]
[2020-12-05T23:09:07.217052200]: Peer [1001] received the "have" message from [1007] for the piece [33]
[2020-12-05T23:09:07.219183500]: Peer [1001] received the "have" message from [1005] for the piece [44]
[2020-12-05T23:09:07.233773200]: Peer [1001] received the "have" message from [1007] for the piece [36]
[2020-12-05T23:09:07.235767500]: Peer [1001] received the "have" message from [1005] for the piece [45]
[2020-12-05T23:09:07.247721]: Peer [1001] received the "have" message from [1007] for the piece [37]
[2020-12-05T23:09:07.250197]: Peer [1001] received the "have" message from [1005] for the piece [47]
[2020-12-05T23:09:07.258276600]: Peer [1001] received the "have" message from [1007] for the piece [39]
[2020-12-05T23:09:07.258276600]: Peer [1001] received the "have" message from [1005] for the piece [46]
[2020-12-05T23:09:07.274236100]: Peer [1001] received the "have" message from [1005] for the piece [48]
[2020-12-05T23:09:07.279803600]: Peer [1001] received the "have" message from [1007] for the piece [41]
[2020-12-05T23:09:07.292116100]: Peer [1001] received the "have" message from [1007] for the piece [42]
[2020-12-05T23:09:07.292706100]: Peer [1001] received the "have" message from [1005] for the piece [51]
[2020-12-05T23:09:07.305670900]: Peer [1001] received the "have" message from [1007] for the piece [38]
[2020-12-05T23:09:07.309660800]: Peer [1001] received the "have" message from [1005] for the piece [53]
[2020-12-05T23:09:07.320631900]: Peer [1001] received the "have" message from [1007] for the piece [40]
[2020-12-05T23:09:07.320631900]: Peer [1001] received the "have" message from [1005] for the piece [52]
[2020-12-05T23:09:07.334641]: Peer [1001] received the "have" message from [1005] for the piece [31]
[2020-12-05T23:09:07.339581600]: Peer [1001] received the "have" message from [1007] for the piece [43]
[2020-12-05T23:09:07.348752600]: Peer [1001] received the "have" message from [1005] for the piece [55]
[2020-12-05T23:09:07.355538]: Peer [1001] received the "have" message from [1007] for the piece [44]
[2020-12-05T23:09:07.362520200]: Peer [1001] received the "have" message from [1005] for the piece [56]
[2020-12-05T23:09:07.368504600]: Peer [1001] received the "have" message from [1007] for the piece [45]
[2020-12-05T23:09:07.375486700]: Peer [1001] received the "have" message from [1005] for the piece [57]
[2020-12-05T23:09:07.399419300]: Peer [1001] received the "have" message from [1007] for the piece [47]
[2020-12-05T23:09:07.406832400]: Peer [1001] received the "have" message from [1005] for the piece [61]
[2020-12-05T23:09:07.422359100]: Peer [1001] received the "have" message from [1005] for the piece [58]
[2020-12-05T23:09:07.442306700]: Peer [1001] received the "have" message from [1005] for the piece [62]
[2020-12-05T23:09:07.448290300]: Peer [1001] received the "have" message from [1007] for the piece [46]
[2020-12-05T23:09:07.459262700]: Peer [1001] received the "have" message from [1007] for the piece [48]
[2020-12-05T23:09:07.474221600]: Peer [1001] received the "have" message from [1005] for the piece [65]
[2020-12-05T23:09:07.482206200]: Peer [1001] received the "have" message from [1007] for the piece [51]
[2020-12-05T23:09:07.500117800]: Peer [1001] received the "have" message from [1007] for the piece [53]
[2020-12-05T23:09:07.509150300]: Peer [1001] received the "have" message from [1007] for the piece [52]
[2020-12-05T23:09:07.512143]: Peer [1001] received the "have" message from [1005] for the piece [66]
[2020-12-05T23:09:07.525507600]: Peer [1001] received the "have" message from [1007] for the piece [31]
[2020-12-05T23:09:07.540417800]: Peer [1001] received the "have" message from [1005] for the piece [63]
[2020-12-05T23:09:07.546332600]: Peer [1001] received the "have" message from [1007] for the piece [55]
[2020-12-05T23:09:07.556401100]: Peer [1001] received the "have" message from [1005] for the piece [64]
[2020-12-05T23:09:07.562659600]: Peer [1001] received the "have" message from [1007] for the piece [56]
[2020-12-05T23:09:07.573661400]: Peer [1001] received the "have" message from [1005] for the piece [50]
[2020-12-05T23:09:07.579651400]: Peer [1001] received the "have" message from [1007] for the piece [57]
[2020-12-05T23:09:07.599524]: Peer [1001] received the "have" message from [1007] for the piece [61]
[2020-12-05T23:09:07.601082100]: Peer [1001] received the "have" message from [1005] for the piece [49]
[2020-12-05T23:09:07.624498600]: Peer [1001] received the "have" message from [1005] for the piece [54]
[2020-12-05T23:09:07.628491500]: Peer [1001] received the "have" message from [1007] for the piece [58]
[2020-12-05T23:09:07.645742100]: Peer [1001] received the "have" message from [1007] for the piece [62]
[2020-12-05T23:09:07.655941100]: Peer [1001] received the "have" message from [1005] for the piece [60]
[2020-12-05T23:09:07.663973600]: Peer [1001] received the "have" message from [1007] for the piece [65]
[2020-12-05T23:09:07.668070700]: Peer [1001] received the "have" message from [1005] for the piece [59]
[2020-12-05T23:09:07.673947500]: Peer [1001] received the "have" message from [1007] for the piece [66]
[2020-12-05T23:09:07.682923500]: Peer [1001] received the "have" message from [1007] for the piece [63]
[2020-12-05T23:09:07.694918800]: Peer [1001] received the "have" message from [1007] for the piece [64]
[2020-12-05T23:09:07.708449200]: Peer [1001] received the "have" message from [1007] for the piece [50]
[2020-12-05T23:09:07.721036400]: Peer [1001] received the "have" message from [1007] for the piece [49]
[2020-12-05T23:09:07.730967600]: Peer [1001] received the "have" message from [1007] for the piece [54]
[2020-12-05T23:09:07.744060800]: Peer [1001] received the "have" message from [1007] for the piece [60]
[2020-12-05T23:09:07.756028900]: Peer [1001] received the "have" message from [1007] for the piece [59]
[2020-12-05T23:09:09.650967600]: Peer [1001] has the preferred neighbors []
