[2020-12-05T23:09:00.259236400]: Peer [1005] makes a connection to Peer [1004]
[2020-12-05T23:09:00.259236400]: Peer [1005] has the preferred neighbors []
[2020-12-05T23:09:00.262229]: Peer [1005] makes a connection to Peer [1004]
[2020-12-05T23:09:00.263766700]: Peer [1005] received the "not interested" message from [1004]
[2020-12-05T23:09:00.266218700]: Peer [1005] received the "not interested" message from [1004]
[2020-12-05T23:09:00.280873]: Peer [1005] is connected from Peer [1006]
[2020-12-05T23:09:00.282872900]: Peer [1005] received the "not interested" message from [1006]
[2020-12-05T23:09:00.332739600]: Peer [1005] is connected from Peer [1007]
[2020-12-05T23:09:00.335737600]: Peer [1005] received the "not interested" message from [1007]
[2020-12-05T23:09:00.354680900]: Peer [1005] is connected from Peer [1008]
[2020-12-05T23:09:00.356675300]: Peer [1005] received the "not interested" message from [1008]
[2020-12-05T23:09:00.376622300]: Peer [1005] is connected from Peer [1009]
[2020-12-05T23:09:00.377637200]: Peer [1005] received the "not interested" message from [1009]
[2020-12-05T23:09:00.388145600]: Peer [1005] received the "have" message from [1002] for the piece [0]
[2020-12-05T23:09:00.399269600]: Peer [1005] received the "have" message from [1002] for the piece [0]
[2020-12-05T23:09:00.404102]: Peer [1005] received the "have" message from [1002] for the piece [0]
[2020-12-05T23:09:00.449979600]: Peer [1005] received the "have" message from [1002] for the piece [1]
[2020-12-05T23:09:00.455964200]: Peer [1005] received the "have" message from [1002] for the piece [1]
[2020-12-05T23:09:00.458955700]: Peer [1005] received the "have" message from [1002] for the piece [1]
[2020-12-05T23:09:00.500357300]: Peer [1005] received the "have" message from [1002] for the piece [2]
[2020-12-05T23:09:00.502351900]: Peer [1005] received the "have" message from [1002] for the piece [2]
[2020-12-05T23:09:00.505343]: Peer [1005] received the "have" message from [1002] for the piece [2]
[2020-12-05T23:09:00.520304]: Peer [1005] received the "have" message from [1002] for the piece [3]
[2020-12-05T23:09:00.524244400]: Peer [1005] received the "have" message from [1002] for the piece [3]
[2020-12-05T23:09:00.526238600]: Peer [1005] received the "have" message from [1002] for the piece [3]
[2020-12-05T23:09:00.538918]: Peer [1005] received the "have" message from [1002] for the piece [4]
[2020-12-05T23:09:00.539915200]: Peer [1005] received the "have" message from [1002] for the piece [4]
[2020-12-05T23:09:00.542273200]: Peer [1005] received the "have" message from [1002] for the piece [4]
[2020-12-05T23:09:00.560528800]: Peer [1005] received the "have" message from [1002] for the piece [5]
[2020-12-05T23:09:00.564590500]: Peer [1005] received the "have" message from [1002] for the piece [5]
[2020-12-05T23:09:00.572569400]: Peer [1005] received the "have" message from [1002] for the piece [5]
[2020-12-05T23:09:00.579550100]: Peer [1005] received the "have" message from [1002] for the piece [6]
[2020-12-05T23:09:00.580548200]: Peer [1005] received the "have" message from [1002] for the piece [6]
[2020-12-05T23:09:00.584573800]: Peer [1005] received the "have" message from [1002] for the piece [6]
[2020-12-05T23:09:00.596438400]: Peer [1005] received the "have" message from [1002] for the piece [7]
[2020-12-05T23:09:00.597435]: Peer [1005] received the "have" message from [1002] for the piece [7]
[2020-12-05T23:09:00.599552900]: Peer [1005] received the "have" message from [1002] for the piece [7]
[2020-12-05T23:09:00.610671]: Peer [1005] received the "have" message from [1002] for the piece [8]
[2020-12-05T23:09:00.611655300]: Peer [1005] received the "have" message from [1002] for the piece [8]
[2020-12-05T23:09:00.612652800]: Peer [1005] received the "have" message from [1002] for the piece [8]
[2020-12-05T23:09:00.624696300]: Peer [1005] received the "have" message from [1002] for the piece [9]
[2020-12-05T23:09:00.626691400]: Peer [1005] received the "have" message from [1002] for the piece [9]
[2020-12-05T23:09:00.628774100]: Peer [1005] received the "have" message from [1002] for the piece [9]
[2020-12-05T23:09:00.652887800]: Peer [1005] received the "have" message from [1002] for the piece [10]
[2020-12-05T23:09:00.655879300]: Peer [1005] received the "have" message from [1002] for the piece [10]
[2020-12-05T23:09:00.661864]: Peer [1005] received the "have" message from [1002] for the piece [10]
[2020-12-05T23:09:00.675861600]: Peer [1005] received the "have" message from [1002] for the piece [11]
[2020-12-05T23:09:00.677907200]: Peer [1005] received the "have" message from [1002] for the piece [11]
[2020-12-05T23:09:00.679868800]: Peer [1005] received the "have" message from [1002] for the piece [11]
[2020-12-05T23:09:00.692954900]: Peer [1005] received the "have" message from [1002] for the piece [12]
[2020-12-05T23:09:00.694949900]: Peer [1005] received the "have" message from [1002] for the piece [12]
[2020-12-05T23:09:00.697941700]: Peer [1005] received the "have" message from [1002] for the piece [12]
[2020-12-05T23:09:00.708989700]: Peer [1005] received the "have" message from [1002] for the piece [13]
[2020-12-05T23:09:00.713012700]: Peer [1005] received the "have" message from [1002] for the piece [13]
[2020-12-05T23:09:00.716001500]: Peer [1005] received the "have" message from [1002] for the piece [13]
[2020-12-05T23:09:00.727560]: Peer [1005] received the "have" message from [1002] for the piece [14]
[2020-12-05T23:09:00.729554400]: Peer [1005] received the "have" message from [1002] for the piece [14]
[2020-12-05T23:09:00.729554400]: Peer [1005] received the "have" message from [1002] for the piece [14]
[2020-12-05T23:09:00.743078500]: Peer [1005] received the "have" message from [1002] for the piece [15]
[2020-12-05T23:09:00.744883300]: Peer [1005] received the "have" message from [1002] for the piece [15]
[2020-12-05T23:09:00.747875200]: Peer [1005] received the "have" message from [1002] for the piece [15]
[2020-12-05T23:09:00.761602900]: Peer [1005] received the "have" message from [1002] for the piece [16]
[2020-12-05T23:09:00.763603300]: Peer [1005] received the "have" message from [1002] for the piece [16]
[2020-12-05T23:09:00.766248100]: Peer [1005] received the "have" message from [1002] for the piece [16]
[2020-12-05T23:09:00.779212800]: Peer [1005] received the "have" message from [1002] for the piece [17]
[2020-12-05T23:09:00.780211300]: Peer [1005] received the "have" message from [1002] for the piece [17]
[2020-12-05T23:09:00.783202900]: Peer [1005] received the "have" message from [1002] for the piece [17]
[2020-12-05T23:09:00.807056900]: Peer [1005] received the "have" message from [1002] for the piece [18]
[2020-12-05T23:09:00.808055500]: Peer [1005] received the "have" message from [1002] for the piece [18]
[2020-12-05T23:09:00.812346900]: Peer [1005] received the "have" message from [1002] for the piece [18]
[2020-12-05T23:09:00.830297300]: Peer [1005] received the "have" message from [1002] for the piece [19]
[2020-12-05T23:09:00.832250200]: Peer [1005] received the "have" message from [1002] for the piece [19]
[2020-12-05T23:09:00.836222600]: Peer [1005] received the "have" message from [1002] for the piece [19]
[2020-12-05T23:09:00.850409400]: Peer [1005] received the "have" message from [1002] for the piece [20]
[2020-12-05T23:09:00.852078600]: Peer [1005] received the "have" message from [1002] for the piece [20]
[2020-12-05T23:09:00.856052700]: Peer [1005] received the "have" message from [1002] for the piece [20]
[2020-12-05T23:09:00.866536500]: Peer [1005] received the "have" message from [1002] for the piece [21]
[2020-12-05T23:09:00.867534300]: Peer [1005] received the "have" message from [1002] for the piece [21]
[2020-12-05T23:09:00.869528200]: Peer [1005] received the "have" message from [1002] for the piece [21]
[2020-12-05T23:09:00.884740800]: Peer [1005] received the "have" message from [1002] for the piece [22]
[2020-12-05T23:09:00.886342]: Peer [1005] received the "have" message from [1002] for the piece [22]
[2020-12-05T23:09:00.888276400]: Peer [1005] received the "have" message from [1002] for the piece [22]
[2020-12-05T23:09:00.898230300]: Peer [1005] received the "have" message from [1002] for the piece [23]
[2020-12-05T23:09:00.900236600]: Peer [1005] received the "have" message from [1002] for the piece [23]
[2020-12-05T23:09:00.904462]: Peer [1005] received the "have" message from [1002] for the piece [23]
[2020-12-05T23:09:00.914369800]: Peer [1005] received the "have" message from [1002] for the piece [24]
[2020-12-05T23:09:00.916368500]: Peer [1005] received the "have" message from [1002] for the piece [24]
[2020-12-05T23:09:00.921651700]: Peer [1005] received the "have" message from [1002] for the piece [24]
[2020-12-05T23:09:00.936637200]: Peer [1005] received the "have" message from [1002] for the piece [25]
[2020-12-05T23:09:00.937642300]: Peer [1005] received the "have" message from [1002] for the piece [25]
[2020-12-05T23:09:00.939636200]: Peer [1005] received the "have" message from [1002] for the piece [25]
[2020-12-05T23:09:00.951011800]: Peer [1005] received the "have" message from [1002] for the piece [26]
[2020-12-05T23:09:00.953019700]: Peer [1005] received the "have" message from [1002] for the piece [26]
[2020-12-05T23:09:00.955392]: Peer [1005] received the "have" message from [1002] for the piece [26]
[2020-12-05T23:09:00.986041200]: Peer [1005] received the "have" message from [1002] for the piece [27]
[2020-12-05T23:09:00.988042200]: Peer [1005] received the "have" message from [1002] for the piece [27]
[2020-12-05T23:09:00.990969]: Peer [1005] received the "have" message from [1002] for the piece [27]
[2020-12-05T23:09:01.024967]: Peer [1005] received the "have" message from [1002] for the piece [28]
[2020-12-05T23:09:01.029129300]: Peer [1005] received the "have" message from [1002] for the piece [28]
[2020-12-05T23:09:01.033653200]: Peer [1005] received the "have" message from [1002] for the piece [28]
[2020-12-05T23:09:01.040575800]: Peer [1005] received the "have" message from [1002] for the piece [29]
[2020-12-05T23:09:01.053626100]: Peer [1005] received the "have" message from [1002] for the piece [29]
[2020-12-05T23:09:01.053735900]: Peer [1005] received the "have" message from [1002] for the piece [29]
[2020-12-05T23:09:01.054649100]: Peer [1005] received the "have" message from [1002] for the piece [30]
[2020-12-05T23:09:01.055901200]: Peer [1005] received the "have" message from [1002] for the piece [30]
[2020-12-05T23:09:01.056919400]: Peer [1005] received the "have" message from [1002] for the piece [30]
[2020-12-05T23:09:01.070206]: Peer [1005] received the "have" message from [1002] for the piece [31]
[2020-12-05T23:09:01.073198300]: Peer [1005] received the "have" message from [1002] for the piece [31]
[2020-12-05T23:09:01.075711400]: Peer [1005] received the "have" message from [1002] for the piece [31]
[2020-12-05T23:09:01.085691100]: Peer [1005] received the "have" message from [1002] for the piece [32]
[2020-12-05T23:09:01.090216900]: Peer [1005] received the "have" message from [1002] for the piece [32]
[2020-12-05T23:09:01.092744300]: Peer [1005] received the "have" message from [1002] for the piece [32]
[2020-12-05T23:09:01.118860600]: Peer [1005] received the "have" message from [1002] for the piece [33]
[2020-12-05T23:09:01.121155800]: Peer [1005] received the "have" message from [1002] for the piece [33]
[2020-12-05T23:09:01.123120100]: Peer [1005] received the "have" message from [1002] for the piece [33]
[2020-12-05T23:09:01.132972800]: Peer [1005] received the "have" message from [1002] for the piece [34]
[2020-12-05T23:09:01.134967900]: Peer [1005] received the "have" message from [1002] for the piece [34]
[2020-12-05T23:09:01.136385200]: Peer [1005] received the "have" message from [1002] for the piece [34]
[2020-12-05T23:09:01.145307400]: Peer [1005] received the "have" message from [1002] for the piece [35]
[2020-12-05T23:09:01.148194500]: Peer [1005] received the "have" message from [1002] for the piece [35]
[2020-12-05T23:09:01.151168600]: Peer [1005] received the "have" message from [1002] for the piece [35]
[2020-12-05T23:09:01.158979300]: Peer [1005] received the "have" message from [1002] for the piece [36]
[2020-12-05T23:09:01.160972100]: Peer [1005] received the "have" message from [1002] for the piece [36]
[2020-12-05T23:09:01.166957300]: Peer [1005] received the "have" message from [1002] for the piece [36]
[2020-12-05T23:09:01.172039500]: Peer [1005] received the "have" message from [1002] for the piece [37]
[2020-12-05T23:09:01.175382600]: Peer [1005] received the "have" message from [1002] for the piece [37]
[2020-12-05T23:09:01.180220500]: Peer [1005] received the "have" message from [1002] for the piece [37]
[2020-12-05T23:09:01.184925]: Peer [1005] received the "have" message from [1002] for the piece [38]
[2020-12-05T23:09:01.186094300]: Peer [1005] received the "have" message from [1002] for the piece [38]
[2020-12-05T23:09:01.187955300]: Peer [1005] received the "have" message from [1002] for the piece [38]
[2020-12-05T23:09:01.196915500]: Peer [1005] received the "have" message from [1002] for the piece [39]
[2020-12-05T23:09:01.199100400]: Peer [1005] received the "have" message from [1002] for the piece [39]
[2020-12-05T23:09:01.202091800]: Peer [1005] received the "have" message from [1002] for the piece [39]
[2020-12-05T23:09:01.209168400]: Peer [1005] received the "have" message from [1002] for the piece [40]
[2020-12-05T23:09:01.211162200]: Peer [1005] received the "have" message from [1002] for the piece [40]
[2020-12-05T23:09:01.212159700]: Peer [1005] received the "have" message from [1002] for the piece [40]
[2020-12-05T23:09:01.222375100]: Peer [1005] received the "have" message from [1002] for the piece [41]
[2020-12-05T23:09:01.225367800]: Peer [1005] received the "have" message from [1002] for the piece [41]
[2020-12-05T23:09:01.228431700]: Peer [1005] received the "have" message from [1002] for the piece [41]
[2020-12-05T23:09:01.245606800]: Peer [1005] received the "have" message from [1002] for the piece [42]
[2020-12-05T23:09:01.248124500]: Peer [1005] received the "have" message from [1002] for the piece [42]
[2020-12-05T23:09:01.249595500]: Peer [1005] received the "have" message from [1002] for the piece [42]
[2020-12-05T23:09:01.260592500]: Peer [1005] received the "have" message from [1002] for the piece [43]
[2020-12-05T23:09:01.262587800]: Peer [1005] received the "have" message from [1002] for the piece [43]
[2020-12-05T23:09:01.264654900]: Peer [1005] received the "have" message from [1002] for the piece [43]
[2020-12-05T23:09:01.277641100]: Peer [1005] received the "have" message from [1002] for the piece [44]
[2020-12-05T23:09:01.279988300]: Peer [1005] received the "have" message from [1002] for the piece [44]
[2020-12-05T23:09:01.283112100]: Peer [1005] received the "have" message from [1002] for the piece [44]
[2020-12-05T23:09:01.301302800]: Peer [1005] received the "have" message from [1002] for the piece [45]
[2020-12-05T23:09:01.303297100]: Peer [1005] received the "have" message from [1002] for the piece [45]
[2020-12-05T23:09:01.306888100]: Peer [1005] received the "have" message from [1002] for the piece [45]
[2020-12-05T23:09:01.319580300]: Peer [1005] received the "have" message from [1002] for the piece [46]
[2020-12-05T23:09:01.321988]: Peer [1005] received the "have" message from [1002] for the piece [46]
[2020-12-05T23:09:01.324719900]: Peer [1005] received the "have" message from [1002] for the piece [46]
[2020-12-05T23:09:01.335498800]: Peer [1005] received the "have" message from [1002] for the piece [47]
[2020-12-05T23:09:01.339396900]: Peer [1005] received the "have" message from [1002] for the piece [47]
[2020-12-05T23:09:01.342387400]: Peer [1005] received the "have" message from [1002] for the piece [47]
[2020-12-05T23:09:01.353358300]: Peer [1005] received the "have" message from [1002] for the piece [48]
[2020-12-05T23:09:01.355351300]: Peer [1005] received the "have" message from [1002] for the piece [48]
[2020-12-05T23:09:01.357348200]: Peer [1005] received the "have" message from [1002] for the piece [48]
[2020-12-05T23:09:01.368340400]: Peer [1005] received the "have" message from [1002] for the piece [49]
[2020-12-05T23:09:01.369435700]: Peer [1005] received the "have" message from [1002] for the piece [49]
[2020-12-05T23:09:01.371437500]: Peer [1005] received the "have" message from [1002] for the piece [49]
[2020-12-05T23:09:01.384418800]: Peer [1005] received the "have" message from [1002] for the piece [50]
[2020-12-05T23:09:01.386410600]: Peer [1005] received the "have" message from [1002] for the piece [50]
[2020-12-05T23:09:01.388698600]: Peer [1005] received the "have" message from [1002] for the piece [50]
[2020-12-05T23:09:01.398191500]: Peer [1005] received the "have" message from [1002] for the piece [51]
[2020-12-05T23:09:01.400191700]: Peer [1005] received the "have" message from [1002] for the piece [51]
[2020-12-05T23:09:01.403183900]: Peer [1005] received the "have" message from [1002] for the piece [51]
[2020-12-05T23:09:01.415239700]: Peer [1005] received the "have" message from [1002] for the piece [52]
[2020-12-05T23:09:01.418746600]: Peer [1005] received the "have" message from [1002] for the piece [52]
[2020-12-05T23:09:01.421259400]: Peer [1005] received the "have" message from [1002] for the piece [52]
[2020-12-05T23:09:01.432316600]: Peer [1005] received the "have" message from [1002] for the piece [53]
[2020-12-05T23:09:01.435072800]: Peer [1005] received the "have" message from [1002] for the piece [53]
[2020-12-05T23:09:01.437066900]: Peer [1005] received the "have" message from [1002] for the piece [53]
[2020-12-05T23:09:01.446031800]: Peer [1005] received the "have" message from [1002] for the piece [54]
[2020-12-05T23:09:01.447957900]: Peer [1005] received the "have" message from [1002] for the piece [54]
[2020-12-05T23:09:01.449712900]: Peer [1005] received the "have" message from [1002] for the piece [54]
[2020-12-05T23:09:01.460165300]: Peer [1005] received the "have" message from [1002] for the piece [55]
[2020-12-05T23:09:01.465101900]: Peer [1005] received the "have" message from [1002] for the piece [55]
[2020-12-05T23:09:01.468094800]: Peer [1005] received the "have" message from [1002] for the piece [55]
[2020-12-05T23:09:01.471941500]: Peer [1005] received the "have" message from [1002] for the piece [56]
[2020-12-05T23:09:01.474005300]: Peer [1005] received the "have" message from [1002] for the piece [56]
[2020-12-05T23:09:01.476159200]: Peer [1005] received the "have" message from [1002] for the piece [56]
[2020-12-05T23:09:01.486615600]: Peer [1005] received the "have" message from [1002] for the piece [57]
[2020-12-05T23:09:01.487613100]: Peer [1005] received the "have" message from [1002] for the piece [57]
[2020-12-05T23:09:01.490688900]: Peer [1005] received the "have" message from [1002] for the piece [57]
[2020-12-05T23:09:01.499285400]: Peer [1005] received the "have" message from [1002] for the piece [58]
[2020-12-05T23:09:01.501261800]: Peer [1005] received the "have" message from [1002] for the piece [58]
[2020-12-05T23:09:01.502781400]: Peer [1005] received the "have" message from [1002] for the piece [58]
[2020-12-05T23:09:01.511323700]: Peer [1005] received the "have" message from [1002] for the piece [59]
[2020-12-05T23:09:01.512843400]: Peer [1005] received the "have" message from [1002] for the piece [59]
[2020-12-05T23:09:01.514837200]: Peer [1005] received the "have" message from [1002] for the piece [59]
[2020-12-05T23:09:01.522438300]: Peer [1005] received the "have" message from [1002] for the piece [60]
[2020-12-05T23:09:01.524431600]: Peer [1005] received the "have" message from [1002] for the piece [60]
[2020-12-05T23:09:01.526516100]: Peer [1005] received the "have" message from [1002] for the piece [60]
[2020-12-05T23:09:01.536730900]: Peer [1005] received the "have" message from [1002] for the piece [61]
[2020-12-05T23:09:01.538726200]: Peer [1005] received the "have" message from [1002] for the piece [61]
[2020-12-05T23:09:01.540828500]: Peer [1005] received the "have" message from [1002] for the piece [61]
[2020-12-05T23:09:01.548929400]: Peer [1005] received the "have" message from [1002] for the piece [62]
[2020-12-05T23:09:01.551417500]: Peer [1005] received the "have" message from [1002] for the piece [62]
[2020-12-05T23:09:01.552965100]: Peer [1005] received the "have" message from [1002] for the piece [62]
[2020-12-05T23:09:01.562957400]: Peer [1005] received the "have" message from [1002] for the piece [63]
[2020-12-05T23:09:01.563954500]: Peer [1005] received the "have" message from [1002] for the piece [63]
[2020-12-05T23:09:01.565951100]: Peer [1005] received the "have" message from [1002] for the piece [63]
[2020-12-05T23:09:01.576443]: Peer [1005] received the "have" message from [1002] for the piece [64]
[2020-12-05T23:09:01.578438300]: Peer [1005] received the "have" message from [1002] for the piece [64]
[2020-12-05T23:09:01.579435200]: Peer [1005] received the "have" message from [1002] for the piece [64]
[2020-12-05T23:09:01.588367]: Peer [1005] received the "have" message from [1002] for the piece [65]
[2020-12-05T23:09:01.590281800]: Peer [1005] received the "have" message from [1002] for the piece [65]
[2020-12-05T23:09:01.597236800]: Peer [1005] received the "have" message from [1002] for the piece [65]
[2020-12-05T23:09:01.622397]: Peer [1005] received the "have" message from [1002] for the piece [66]
[2020-12-05T23:09:01.623721]: Peer [1005] received the "have" message from [1002] for the piece [66]
[2020-12-05T23:09:01.626293500]: Peer [1005] received the "have" message from [1002] for the piece [66]
[2020-12-05T23:09:04.680493900]: Peer [1005] received the "have" message from [1003] for the piece [0]
[2020-12-05T23:09:04.680493900]: Peer [1005] received the "have" message from [1008] for the piece [0]
[2020-12-05T23:09:04.681609200]: Peer [1005] received the "have" message from [1009] for the piece [0]
[2020-12-05T23:09:04.686621500]: Peer [1005] received the "have" message from [1003] for the piece [0]
[2020-12-05T23:09:04.689900100]: Peer [1005] received the "have" message from [1003] for the piece [0]
[2020-12-05T23:09:04.708659400]: Peer [1005] received the "have" message from [1009] for the piece [1]
[2020-12-05T23:09:04.715692]: Peer [1005] received the "have" message from [1008] for the piece [1]
[2020-12-05T23:09:04.716689200]: Peer [1005] received the "have" message from [1003] for the piece [1]
[2020-12-05T23:09:04.720200500]: Peer [1005] received the "have" message from [1003] for the piece [1]
[2020-12-05T23:09:04.722195700]: Peer [1005] received the "have" message from [1003] for the piece [1]
[2020-12-05T23:09:04.724253400]: Peer [1005] received the "have" message from [1009] for the piece [2]
[2020-12-05T23:09:04.732917400]: Peer [1005] received the "have" message from [1008] for the piece [2]
[2020-12-05T23:09:04.743888700]: Peer [1005] received the "have" message from [1009] for the piece [3]
[2020-12-05T23:09:04.752864600]: Peer [1005] received the "have" message from [1003] for the piece [2]
[2020-12-05T23:09:04.764833]: Peer [1005] received the "have" message from [1003] for the piece [2]
[2020-12-05T23:09:04.767824800]: Peer [1005] received the "have" message from [1003] for the piece [2]
[2020-12-05T23:09:04.768948900]: Peer [1005] is unchoked by [1003]
[2020-12-05T23:09:04.771821400]: Peer [1005] is unchoked by [1003]
[2020-12-05T23:09:04.790259]: Peer [1005] received the "have" message from [1008] for the piece [3]
[2020-12-05T23:09:04.811415300]: Peer [1005] received the "have" message from [1009] for the piece [4]
[2020-12-05T23:09:04.813412800]: Peer [1005] received the "have" message from [1008] for the piece [4]
[2020-12-05T23:09:04.828370900]: Peer [1005] received the "have" message from [1007] for the piece [0]
[2020-12-05T23:09:04.829368700]: Peer [1005] received the "have" message from [1008] for the piece [6]
[2020-12-05T23:09:04.794247100]: Peer [1005] has downloaded the piece [0] from [1003]. Now the number of pieces it has is [1]
[2020-12-05T23:09:04.840039600]: Peer [1005] received the "have" message from [1009] for the piece [5]
[2020-12-05T23:09:04.849015900]: Peer [1005] received the "interested" message from [1004]
[2020-12-05T23:09:04.854002700]: Peer [1005] received the "have" message from [1008] for the piece [5]
[2020-12-05T23:09:04.890174500]: Peer [1005] received the "have" message from [1004] for the piece [0]
[2020-12-05T23:09:04.891171]: Peer [1005] received the "have" message from [1004] for the piece [0]
[2020-12-05T23:09:04.892167800]: Peer [1005] received the "have" message from [1004] for the piece [0]
[2020-12-05T23:09:04.912964700]: Peer [1005] has downloaded the piece [0] from [1003]. Now the number of pieces it has is [1]
[2020-12-05T23:09:04.921706500]: Peer [1005] received the "have" message from [1009] for the piece [6]
[2020-12-05T23:09:04.921706500]: Peer [1005] received the "have" message from [1003] for the piece [3]
[2020-12-05T23:09:04.922727]: Peer [1005] received the "have" message from [1009] for the piece [7]
[2020-12-05T23:09:04.937730700]: Peer [1005] received the "have" message from [1009] for the piece [6]
[2020-12-05T23:09:04.936445700]: Peer [1005] received the "have" message from [1003] for the piece [3]
[2020-12-05T23:09:04.940617900]: Peer [1005] received the "have" message from [1003] for the piece [3]
[2020-12-05T23:09:04.941517700]: Peer [1005] received the "have" message from [1003] for the piece [4]
[2020-12-05T23:09:04.943511800]: Peer [1005] received the "have" message from [1003] for the piece [4]
[2020-12-05T23:09:04.944193]: Peer [1005] received the "have" message from [1003] for the piece [4]
[2020-12-05T23:09:04.946503200]: Peer [1005] received the "have" message from [1009] for the piece [8]
[2020-12-05T23:09:04.949232100]: Peer [1005] received the "have" message from [1009] for the piece [9]
[2020-12-05T23:09:04.946503200]: Peer [1005] received the "have" message from [1003] for the piece [5]
[2020-12-05T23:09:04.951757200]: Peer [1005] received the "have" message from [1003] for the piece [5]
[2020-12-05T23:09:04.953894300]: Peer [1005] received the "have" message from [1003] for the piece [5]
[2020-12-05T23:09:04.968969400]: Peer [1005] has downloaded the piece [1] from [1003]. Now the number of pieces it has is [2]
[2020-12-05T23:09:04.865366700]: Peer [1005] received the "have" message from [1008] for the piece [7]
[2020-12-05T23:09:04.974164300]: Peer [1005] received the "have" message from [1003] for the piece [7]
[2020-12-05T23:09:04.975658400]: Peer [1005] received the "interested" message from [1007]
[2020-12-05T23:09:04.975658400]: Peer [1005] received the "interested" message from [1004]
[2020-12-05T23:09:04.973354900]: Peer [1005] received the "have" message from [1008] for the piece [8]
[2020-12-05T23:09:04.979243700]: Peer [1005] received the "interested" message from [1007]
[2020-12-05T23:09:04.976159700]: Peer [1005] received the "have" message from [1003] for the piece [7]
[2020-12-05T23:09:04.981883]: Peer [1005] received the "interested" message from [1007]
[2020-12-05T23:09:04.981883]: Peer [1005] received the "have" message from [1008] for the piece [10]
[2020-12-05T23:09:04.992363900]: Peer [1005] received the "have" message from [1008] for the piece [11]
[2020-12-05T23:09:04.993162900]: Peer [1005] received the "have" message from [1008] for the piece [9]
[2020-12-05T23:09:04.995158100]: Peer [1005] received the "have" message from [1008] for the piece [13]
[2020-12-05T23:09:04.996271800]: Peer [1005] received the "have" message from [1003] for the piece [7]
[2020-12-05T23:09:04.997152500]: Peer [1005] received the "have" message from [1008] for the piece [14]
[2020-12-05T23:09:04.998150600]: Peer [1005] received the "have" message from [1003] for the piece [8]
[2020-12-05T23:09:04.998887]: Peer [1005] received the "have" message from [1003] for the piece [8]
[2020-12-05T23:09:05.000591100]: Peer [1005] received the "have" message from [1007] for the piece [1]
[2020-12-05T23:09:04.999889700]: Peer [1005] received the "have" message from [1008] for the piece [16]
[2020-12-05T23:09:05.003715700]: Peer [1005] received the "have" message from [1003] for the piece [8]
[2020-12-05T23:09:05.004198300]: Peer [1005] received the "have" message from [1008] for the piece [17]
[2020-12-05T23:09:05.011490200]: Peer [1005] received the "have" message from [1008] for the piece [18]
[2020-12-05T23:09:05.024454200]: Peer [1005] has downloaded the piece [2] from [1003]. Now the number of pieces it has is [3]
[2020-12-05T23:09:05.031268]: Peer [1005] received the "have" message from [1008] for the piece [12]
[2020-12-05T23:09:05.037252900]: Peer [1005] received the "have" message from [1009] for the piece [11]
[2020-12-05T23:09:05.040263600]: Peer [1005] received the "interested" message from [1007]
[2020-12-05T23:09:05.043242700]: Peer [1005] received the "interested" message from [1004]
[2020-12-05T23:09:05.045238100]: Peer [1005] received the "interested" message from [1007]
[2020-12-05T23:09:05.046246700]: Peer [1005] received the "interested" message from [1007]
[2020-12-05T23:09:05.048229100]: Peer [1005] received the "have" message from [1007] for the piece [2]
[2020-12-05T23:09:05.050743100]: Peer [1005] received the "have" message from [1008] for the piece [15]
[2020-12-05T23:09:05.051740400]: Peer [1005] received the "have" message from [1008] for the piece [19]
[2020-12-05T23:09:05.081768600]: Peer [1005] received the "have" message from [1009] for the piece [10]
[2020-12-05T23:09:05.079758400]: Peer [1005] received the "have" message from [1008] for the piece [21]
[2020-12-05T23:09:05.070152400]: Peer [1005] has downloaded the piece [3] from [1003]. Now the number of pieces it has is [4]
[2020-12-05T23:09:05.109084900]: Peer [1005] received the "have" message from [1004] for the piece [1]
[2020-12-05T23:09:05.087751800]: Peer [1005] received the "have" message from [1009] for the piece [12]
[2020-12-05T23:09:05.110595]: Peer [1005] received the "have" message from [1004] for the piece [1]
[2020-12-05T23:09:05.113078200]: Peer [1005] received the "have" message from [1004] for the piece [1]
[2020-12-05T23:09:05.075642600]: Peer [1005] received the "have" message from [1007] for the piece [3]
[2020-12-05T23:09:05.114584400]: Peer [1005] received the "have" message from [1008] for the piece [20]
[2020-12-05T23:09:05.117576500]: Peer [1005] received the "have" message from [1004] for the piece [2]
[2020-12-05T23:09:05.120421200]: Peer [1005] received the "have" message from [1004] for the piece [2]
[2020-12-05T23:09:05.121423500]: Peer [1005] received the "have" message from [1004] for the piece [2]
[2020-12-05T23:09:05.121955600]: Peer [1005] received the "interested" message from [1004]
[2020-12-05T23:09:05.129919500]: Peer [1005] received the "have" message from [1004] for the piece [3]
[2020-12-05T23:09:05.130917600]: Peer [1005] received the "have" message from [1004] for the piece [3]
[2020-12-05T23:09:05.131914100]: Peer [1005] received the "have" message from [1009] for the piece [14]
[2020-12-05T23:09:05.137898900]: Peer [1005] received the "have" message from [1009] for the piece [14]
[2020-12-05T23:09:05.136900900]: Peer [1005] received the "have" message from [1004] for the piece [3]
[2020-12-05T23:09:05.153648600]: Peer [1005] received the "have" message from [1008] for the piece [22]
[2020-12-05T23:09:05.150670900]: Peer [1005] has downloaded the piece [4] from [1003]. Now the number of pieces it has is [5]
[2020-12-05T23:09:05.159631900]: Peer [1005] received the "interested" message from [1004]
[2020-12-05T23:09:05.168607900]: Peer [1005] received the "have" message from [1009] for the piece [13]
[2020-12-05T23:09:05.169605300]: Peer [1005] received the "have" message from [1009] for the piece [15]
[2020-12-05T23:09:05.171599900]: Peer [1005] received the "interested" message from [1007]
[2020-12-05T23:09:05.169605300]: Peer [1005] received the "have" message from [1008] for the piece [23]
[2020-12-05T23:09:05.181633700]: Peer [1005] has downloaded the piece [5] from [1003]. Now the number of pieces it has is [6]
[2020-12-05T23:09:05.198730400]: Peer [1005] received the "have" message from [1003] for the piece [6]
[2020-12-05T23:09:05.203735200]: Peer [1005] received the "have" message from [1003] for the piece [9]
[2020-12-05T23:09:05.199727500]: Peer [1005] received the "interested" message from [1004]
[2020-12-05T23:09:05.204732500]: Peer [1005] received the "have" message from [1003] for the piece [6]
[2020-12-05T23:09:05.195736900]: Peer [1005] received the "interested" message from [1007]
[2020-12-05T23:09:05.206726900]: Peer [1005] received the "have" message from [1003] for the piece [9]
[2020-12-05T23:09:05.207724500]: Peer [1005] received the "have" message from [1003] for the piece [6]
[2020-12-05T23:09:05.207724500]: Peer [1005] received the "have" message from [1007] for the piece [4]
[2020-12-05T23:09:05.208721800]: Peer [1005] received the "have" message from [1003] for the piece [9]
[2020-12-05T23:09:05.205730200]: Peer [1005] received the "have" message from [1009] for the piece [16]
[2020-12-05T23:09:05.234675900]: Peer [1005] received the "have" message from [1008] for the piece [24]
[2020-12-05T23:09:05.237237300]: Peer [1005] received the "have" message from [1009] for the piece [17]
[2020-12-05T23:09:05.235673800]: Peer [1005] received the "have" message from [1007] for the piece [5]
[2020-12-05T23:09:05.260766600]: Peer [1005] received the "have" message from [1008] for the piece [25]
[2020-12-05T23:09:05.231852900]: Peer [1005] has downloaded the piece [7] from [1003]. Now the number of pieces it has is [7]
[2020-12-05T23:09:05.267769600]: Peer [1005] received the "interested" message from [1004]
[2020-12-05T23:09:05.262798600]: Peer [1005] received the "have" message from [1008] for the piece [26]
[2020-12-05T23:09:05.272153300]: Peer [1005] has the preferred neighbors [,,]
[2020-12-05T23:09:05.272655500]: Peer [1005] received the "have" message from [1008] for the piece [28]
[2020-12-05T23:09:05.267769600]: Peer [1005] received the "have" message from [1003] for the piece [11]
[2020-12-05T23:09:05.298923100]: Peer [1005] received the "have" message from [1004] for the piece [4]
[2020-12-05T23:09:05.302371600]: Peer [1005] received the "have" message from [1004] for the piece [4]
[2020-12-05T23:09:05.256728200]: Peer [1005] received the "have" message from [1009] for the piece [18]
[2020-12-05T23:09:05.302371600]: Peer [1005] received the "have" message from [1003] for the piece [11]
[2020-12-05T23:09:05.303354700]: Peer [1005] received the "have" message from [1004] for the piece [4]
[2020-12-05T23:09:05.303354700]: Peer [1005] received the "have" message from [1003] for the piece [11]
[2020-12-05T23:09:05.334272500]: Peer [1005] received the "have" message from [1008] for the piece [27]
[2020-12-05T23:09:05.351229]: Peer [1005] received the "have" message from [1003] for the piece [12]
[2020-12-05T23:09:05.356580600]: Peer [1005] received the "have" message from [1004] for the piece [5]
[2020-12-05T23:09:05.356580600]: Peer [1005] received the "have" message from [1004] for the piece [5]
[2020-12-05T23:09:05.357576200]: Peer [1005] received the "have" message from [1004] for the piece [5]
[2020-12-05T23:09:05.355783500]: Peer [1005] received the "have" message from [1003] for the piece [12]
[2020-12-05T23:09:05.361687900]: Peer [1005] received the "have" message from [1003] for the piece [12]
[2020-12-05T23:09:05.386719]: Peer [1005] received the "have" message from [1008] for the piece [29]
[2020-12-05T23:09:05.350229300]: Peer [1005] received the "have" message from [1009] for the piece [19]
[2020-12-05T23:09:05.406664500]: Peer [1005] received the "have" message from [1004] for the piece [7]
[2020-12-05T23:09:05.408659600]: Peer [1005] received the "have" message from [1004] for the piece [7]
[2020-12-05T23:09:05.408659600]: Peer [1005] received the "have" message from [1004] for the piece [7]
[2020-12-05T23:09:05.406142300]: Peer [1005] received the "have" message from [1009] for the piece [20]
[2020-12-05T23:09:05.413902500]: Peer [1005] received the "have" message from [1008] for the piece [30]
[2020-12-05T23:09:05.415909400]: Peer [1005] received the "have" message from [1009] for the piece [22]
[2020-12-05T23:09:05.415909400]: Peer [1005] has downloaded the piece [8] from [1003]. Now the number of pieces it has is [8]
[2020-12-05T23:09:05.421050700]: Peer [1005] received the "have" message from [1009] for the piece [21]
[2020-12-05T23:09:05.422062900]: Peer [1005] received the "have" message from [1004] for the piece [8]
[2020-12-05T23:09:05.423050100]: Peer [1005] received the "have" message from [1004] for the piece [8]
[2020-12-05T23:09:05.423050100]: Peer [1005] received the "have" message from [1003] for the piece [13]
[2020-12-05T23:09:05.427038400]: Peer [1005] received the "have" message from [1004] for the piece [8]
[2020-12-05T23:09:05.428035700]: Peer [1005] received the "have" message from [1009] for the piece [24]
[2020-12-05T23:09:05.429059100]: Peer [1005] received the "have" message from [1003] for the piece [13]
[2020-12-05T23:09:05.432042300]: Peer [1005] received the "have" message from [1004] for the piece [9]
[2020-12-05T23:09:05.434977200]: Peer [1005] received the "have" message from [1004] for the piece [9]
[2020-12-05T23:09:05.436087100]: Peer [1005] received the "have" message from [1007] for the piece [7]
[2020-12-05T23:09:05.431050]: Peer [1005] received the "have" message from [1009] for the piece [23]
[2020-12-05T23:09:05.433039400]: Peer [1005] received the "have" message from [1008] for the piece [31]
[2020-12-05T23:09:05.436087100]: Peer [1005] received the "have" message from [1003] for the piece [13]
[2020-12-05T23:09:05.488150600]: Peer [1005] received the "have" message from [1008] for the piece [33]
[2020-12-05T23:09:05.477888900]: Peer [1005] received the "have" message from [1009] for the piece [26]
[2020-12-05T23:09:05.476881700]: Peer [1005] received the "have" message from [1003] for the piece [10]
[2020-12-05T23:09:05.500149100]: Peer [1005] received the "have" message from [1009] for the piece [25]
[2020-12-05T23:09:05.436087100]: Peer [1005] received the "have" message from [1004] for the piece [9]
[2020-12-05T23:09:05.526093500]: Peer [1005] received the "have" message from [1004] for the piece [6]
[2020-12-05T23:09:05.528828500]: Peer [1005] received the "have" message from [1004] for the piece [6]
[2020-12-05T23:09:05.528828500]: Peer [1005] received the "have" message from [1004] for the piece [6]
[2020-12-05T23:09:05.469901700]: Peer [1005] received the "have" message from [1007] for the piece [8]
[2020-12-05T23:09:05.505254200]: Peer [1005] received the "have" message from [1003] for the piece [14]
[2020-12-05T23:09:05.543189300]: Peer [1005] received the "have" message from [1003] for the piece [10]
[2020-12-05T23:09:05.545186900]: Peer [1005] received the "have" message from [1003] for the piece [14]
[2020-12-05T23:09:05.546184700]: Peer [1005] received the "have" message from [1003] for the piece [10]
[2020-12-05T23:09:05.551220200]: Peer [1005] received the "have" message from [1003] for the piece [14]
[2020-12-05T23:09:05.552168300]: Peer [1005] received the "have" message from [1003] for the piece [15]
[2020-12-05T23:09:05.554325200]: Peer [1005] received the "have" message from [1003] for the piece [15]
[2020-12-05T23:09:05.555827800]: Peer [1005] received the "have" message from [1003] for the piece [15]
[2020-12-05T23:09:05.557327300]: Peer [1005] received the "have" message from [1003] for the piece [15]
[2020-12-05T23:09:05.558419]: Peer [1005] received the "have" message from [1003] for the piece [16]
[2020-12-05T23:09:05.560289100]: Peer [1005] received the "have" message from [1008] for the piece [34]
[2020-12-05T23:09:05.559670600]: Peer [1005] received the "have" message from [1003] for the piece [16]
[2020-12-05T23:09:05.562284500]: Peer [1005] received the "have" message from [1003] for the piece [16]
[2020-12-05T23:09:05.586647300]: Peer [1005] received the "have" message from [1007] for the piece [6]
[2020-12-05T23:09:05.597680100]: Peer [1005] received the "have" message from [1008] for the piece [32]
[2020-12-05T23:09:05.540277]: Peer [1005] received the "have" message from [1009] for the piece [27]
[2020-12-05T23:09:05.625150600]: Peer [1005] received the "have" message from [1009] for the piece [27]
[2020-12-05T23:09:05.629657200]: Peer [1005] received the "have" message from [1004] for the piece [10]
[2020-12-05T23:09:05.626732600]: Peer [1005] received the "have" message from [1009] for the piece [28]
[2020-12-05T23:09:05.630716200]: Peer [1005] received the "have" message from [1004] for the piece [10]
[2020-12-05T23:09:05.631771300]: Peer [1005] received the "have" message from [1009] for the piece [29]
[2020-12-05T23:09:05.632649800]: Peer [1005] received the "have" message from [1004] for the piece [10]
[2020-12-05T23:09:05.633191200]: Peer [1005] received the "have" message from [1009] for the piece [31]
[2020-12-05T23:09:05.634165100]: Peer [1005] received the "have" message from [1009] for the piece [30]
[2020-12-05T23:09:05.635462200]: Peer [1005] received the "have" message from [1009] for the piece [32]
[2020-12-05T23:09:05.635462200]: Peer [1005] received the "have" message from [1009] for the piece [33]
[2020-12-05T23:09:05.650732100]: Peer [1005] received the "have" message from [1009] for the piece [33]
[2020-12-05T23:09:05.562785500]: Peer [1005] received the "have" message from [1003] for the piece [19]
[2020-12-05T23:09:05.651652500]: Peer [1005] received the "have" message from [1004] for the piece [11]
[2020-12-05T23:09:05.698898700]: Peer [1005] received the "have" message from [1008] for the piece [37]
[2020-12-05T23:09:05.676817400]: Peer [1005] received the "have" message from [1003] for the piece [19]
[2020-12-05T23:09:05.703884400]: Peer [1005] received the "have" message from [1004] for the piece [11]
[2020-12-05T23:09:05.651905700]: Peer [1005] received the "have" message from [1009] for the piece [34]
[2020-12-05T23:09:05.724163500]: Peer [1005] received the "have" message from [1008] for the piece [35]
[2020-12-05T23:09:05.726242700]: Peer [1005] received the "have" message from [1008] for the piece [38]
[2020-12-05T23:09:05.727241300]: Peer [1005] received the "have" message from [1008] for the piece [40]
[2020-12-05T23:09:05.725240600]: Peer [1005] received the "have" message from [1009] for the piece [34]
[2020-12-05T23:09:05.717470500]: Peer [1005] received the "have" message from [1003] for the piece [19]
[2020-12-05T23:09:05.730317200]: Peer [1005] received the "have" message from [1004] for the piece [11]
[2020-12-05T23:09:05.729790300]: Peer [1005] received the "have" message from [1009] for the piece [36]
[2020-12-05T23:09:05.738377600]: Peer [1005] received the "have" message from [1007] for the piece [9]
[2020-12-05T23:09:05.739376]: Peer [1005] received the "have" message from [1004] for the piece [12]
[2020-12-05T23:09:05.739376]: Peer [1005] received the "have" message from [1003] for the piece [17]
[2020-12-05T23:09:05.739376]: Peer [1005] received the "have" message from [1009] for the piece [35]
[2020-12-05T23:09:05.744467500]: Peer [1005] received the "have" message from [1008] for the piece [36]
[2020-12-05T23:09:05.743365600]: Peer [1005] received the "have" message from [1004] for the piece [12]
[2020-12-05T23:09:05.745361]: Peer [1005] received the "have" message from [1003] for the piece [17]
[2020-12-05T23:09:05.745894900]: Peer [1005] received the "have" message from [1009] for the piece [37]
[2020-12-05T23:09:05.745894900]: Peer [1005] received the "have" message from [1004] for the piece [12]
[2020-12-05T23:09:05.748183700]: Peer [1005] received the "have" message from [1009] for the piece [38]
[2020-12-05T23:09:05.753173900]: Peer [1005] received the "have" message from [1004] for the piece [13]
[2020-12-05T23:09:05.754171600]: Peer [1005] received the "have" message from [1009] for the piece [39]
[2020-12-05T23:09:05.756300400]: Peer [1005] received the "have" message from [1009] for the piece [42]
[2020-12-05T23:09:05.756300400]: Peer [1005] received the "have" message from [1004] for the piece [13]
[2020-12-05T23:09:05.757402400]: Peer [1005] received the "have" message from [1009] for the piece [43]
[2020-12-05T23:09:05.758298800]: Peer [1005] received the "have" message from [1004] for the piece [13]
[2020-12-05T23:09:05.758298800]: Peer [1005] received the "have" message from [1009] for the piece [40]
[2020-12-05T23:09:05.761292]: Peer [1005] received the "have" message from [1004] for the piece [14]
[2020-12-05T23:09:05.762289400]: Peer [1005] received the "have" message from [1004] for the piece [14]
[2020-12-05T23:09:05.766279]: Peer [1005] received the "have" message from [1004] for the piece [14]
[2020-12-05T23:09:05.768272200]: Peer [1005] received the "have" message from [1004] for the piece [15]
[2020-12-05T23:09:05.761292]: Peer [1005] received the "have" message from [1009] for the piece [40]
[2020-12-05T23:09:05.769269400]: Peer [1005] received the "have" message from [1004] for the piece [15]
[2020-12-05T23:09:05.770266800]: Peer [1005] received the "have" message from [1009] for the piece [44]
[2020-12-05T23:09:05.771263600]: Peer [1005] received the "have" message from [1004] for the piece [15]
[2020-12-05T23:09:05.772261700]: Peer [1005] received the "have" message from [1009] for the piece [44]
[2020-12-05T23:09:05.773258800]: Peer [1005] received the "have" message from [1004] for the piece [15]
[2020-12-05T23:09:05.773258800]: Peer [1005] received the "have" message from [1009] for the piece [45]
[2020-12-05T23:09:05.774256600]: Peer [1005] received the "have" message from [1004] for the piece [16]
[2020-12-05T23:09:05.775254100]: Peer [1005] received the "have" message from [1009] for the piece [45]
[2020-12-05T23:09:05.775254100]: Peer [1005] received the "have" message from [1004] for the piece [16]
[2020-12-05T23:09:05.784289400]: Peer [1005] received the "have" message from [1004] for the piece [16]
[2020-12-05T23:09:05.776250600]: Peer [1005] received the "have" message from [1009] for the piece [47]
[2020-12-05T23:09:05.748183700]: Peer [1005] received the "have" message from [1003] for the piece [17]
[2020-12-05T23:09:05.785287600]: Peer [1005] received the "have" message from [1009] for the piece [41]
[2020-12-05T23:09:05.806749200]: Peer [1005] received the "have" message from [1009] for the piece [46]
[2020-12-05T23:09:05.808345500]: Peer [1005] received the "have" message from [1004] for the piece [17]
[2020-12-05T23:09:05.806749200]: Peer [1005] received the "have" message from [1003] for the piece [20]
[2020-12-05T23:09:05.818817500]: Peer [1005] received the "have" message from [1004] for the piece [17]
[2020-12-05T23:09:05.843381200]: Peer [1005] received the "have" message from [1004] for the piece [17]
[2020-12-05T23:09:05.813336200]: Peer [1005] received the "have" message from [1009] for the piece [50]
[2020-12-05T23:09:05.809325800]: Peer [1005] received the "have" message from [1008] for the piece [39]
[2020-12-05T23:09:05.853271400]: Peer [1005] received the "have" message from [1009] for the piece [49]
[2020-12-05T23:09:05.860626100]: Peer [1005] received the "have" message from [1009] for the piece [51]
[2020-12-05T23:09:05.858258600]: Peer [1005] received the "have" message from [1008] for the piece [42]
[2020-12-05T23:09:05.863617800]: Peer [1005] received the "have" message from [1009] for the piece [54]
[2020-12-05T23:09:05.865612500]: Peer [1005] received the "have" message from [1008] for the piece [43]
[2020-12-05T23:09:05.865612500]: Peer [1005] received the "have" message from [1009] for the piece [53]
[2020-12-05T23:09:05.848292400]: Peer [1005] received the "have" message from [1003] for the piece [20]
[2020-12-05T23:09:05.867793800]: Peer [1005] received the "have" message from [1008] for the piece [44]
[2020-12-05T23:09:05.874301200]: Peer [1005] received the "have" message from [1003] for the piece [20]
[2020-12-05T23:09:05.870391]: Peer [1005] received the "have" message from [1009] for the piece [55]
[2020-12-05T23:09:05.874301200]: Peer [1005] received the "have" message from [1008] for the piece [46]
[2020-12-05T23:09:05.888473900]: Peer [1005] received the "have" message from [1009] for the piece [56]
[2020-12-05T23:09:05.892125900]: Peer [1005] received the "have" message from [1004] for the piece [18]
[2020-12-05T23:09:05.892125900]: Peer [1005] received the "have" message from [1004] for the piece [18]
[2020-12-05T23:09:05.893162100]: Peer [1005] received the "have" message from [1004] for the piece [18]
[2020-12-05T23:09:05.895119600]: Peer [1005] received the "have" message from [1009] for the piece [48]
[2020-12-05T23:09:05.896143300]: Peer [1005] received the "have" message from [1009] for the piece [57]
[2020-12-05T23:09:05.897114300]: Peer [1005] received the "have" message from [1009] for the piece [59]
[2020-12-05T23:09:05.876296100]: Peer [1005] received the "have" message from [1003] for the piece [18]
[2020-12-05T23:09:05.902359100]: Peer [1005] received the "have" message from [1003] for the piece [18]
[2020-12-05T23:09:05.915344300]: Peer [1005] received the "have" message from [1003] for the piece [18]
[2020-12-05T23:09:05.925317800]: Peer [1005] received the "have" message from [1008] for the piece [41]
[2020-12-05T23:09:05.926314800]: Peer [1005] received the "have" message from [1008] for the piece [45]
[2020-12-05T23:09:05.937425500]: Peer [1005] has downloaded the piece [6] from [1003]. Now the number of pieces it has is [9]
[2020-12-05T23:09:05.947191700]: Peer [1005] received the "have" message from [1008] for the piece [47]
[2020-12-05T23:09:05.948394800]: Peer [1005] received the "have" message from [1008] for the piece [50]
[2020-12-05T23:09:05.965728900]: Peer [1005] has downloaded the piece [9] from [1003]. Now the number of pieces it has is [10]
[2020-12-05T23:09:05.945880400]: Peer [1005] received the "have" message from [1009] for the piece [60]
[2020-12-05T23:09:05.973703800]: Peer [1005] received the "have" message from [1003] for the piece [21]
[2020-12-05T23:09:05.975663800]: Peer [1005] received the "have" message from [1008] for the piece [49]
[2020-12-05T23:09:05.976661]: Peer [1005] received the "have" message from [1003] for the piece [21]
[2020-12-05T23:09:05.977719]: Peer [1005] received the "have" message from [1003] for the piece [21]
[2020-12-05T23:09:05.978869300]: Peer [1005] received the "have" message from [1003] for the piece [22]
[2020-12-05T23:09:05.979967]: Peer [1005] received the "have" message from [1003] for the piece [22]
[2020-12-05T23:09:05.982233400]: Peer [1005] received the "have" message from [1003] for the piece [23]
[2020-12-05T23:09:05.993392100]: Peer [1005] received the "have" message from [1004] for the piece [19]
[2020-12-05T23:09:05.994566900]: Peer [1005] received the "have" message from [1004] for the piece [19]
[2020-12-05T23:09:05.995491100]: Peer [1005] received the "have" message from [1004] for the piece [19]
[2020-12-05T23:09:05.983232100]: Peer [1005] received the "have" message from [1003] for the piece [23]
[2020-12-05T23:09:06.002669900]: Peer [1005] received the "have" message from [1004] for the piece [20]
[2020-12-05T23:09:06.003662200]: Peer [1005] received the "have" message from [1004] for the piece [20]
[2020-12-05T23:09:06.004727400]: Peer [1005] received the "have" message from [1004] for the piece [20]
[2020-12-05T23:09:06.009801100]: Peer [1005] received the "have" message from [1008] for the piece [52]
[2020-12-05T23:09:05.990401200]: Peer [1005] received the "have" message from [1009] for the piece [60]
[2020-12-05T23:09:06.000893500]: Peer [1005] received the "have" message from [1003] for the piece [22]
[2020-12-05T23:09:06.021002]: Peer [1005] received the "have" message from [1003] for the piece [22]
[2020-12-05T23:09:06.022297]: Peer [1005] received the "have" message from [1003] for the piece [23]
[2020-12-05T23:09:06.015753400]: Peer [1005] received the "have" message from [1009] for the piece [52]
[2020-12-05T23:09:06.024297100]: Peer [1005] received the "have" message from [1003] for the piece [23]
[2020-12-05T23:09:06.037773700]: Peer [1005] received the "have" message from [1008] for the piece [54]
[2020-12-05T23:09:06.029283500]: Peer [1005] received the "have" message from [1003] for the piece [22]
[2020-12-05T23:09:06.044627300]: Peer [1005] received the "have" message from [1009] for the piece [58]
[2020-12-05T23:09:06.043960400]: Peer [1005] received the "have" message from [1003] for the piece [23]
[2020-12-05T23:09:06.045953900]: Peer [1005] received the "have" message from [1009] for the piece [61]
[2020-12-05T23:09:06.067896]: Peer [1005] received the "have" message from [1009] for the piece [62]
[2020-12-05T23:09:06.041980300]: Peer [1005] received the "have" message from [1004] for the piece [21]
[2020-12-05T23:09:06.065170]: Peer [1005] received the "have" message from [1008] for the piece [53]
[2020-12-05T23:09:06.049943700]: Peer [1005] received the "have" message from [1003] for the piece [22]
[2020-12-05T23:09:06.077390300]: Peer [1005] received the "have" message from [1004] for the piece [21]
[2020-12-05T23:09:06.102770200]: Peer [1005] received the "have" message from [1003] for the piece [24]
[2020-12-05T23:09:06.107012700]: Peer [1005] received the "have" message from [1003] for the piece [24]
[2020-12-05T23:09:06.109756300]: Peer [1005] received the "have" message from [1003] for the piece [24]
[2020-12-05T23:09:06.110275600]: Peer [1005] received the "have" message from [1003] for the piece [27]
[2020-12-05T23:09:06.111461700]: Peer [1005] received the "have" message from [1003] for the piece [27]
[2020-12-05T23:09:06.103772900]: Peer [1005] received the "have" message from [1004] for the piece [21]
[2020-12-05T23:09:06.118369600]: Peer [1005] received the "have" message from [1004] for the piece [22]
[2020-12-05T23:09:06.120171400]: Peer [1005] received the "have" message from [1004] for the piece [22]
[2020-12-05T23:09:06.121151600]: Peer [1005] received the "have" message from [1004] for the piece [22]
[2020-12-05T23:09:06.113655300]: Peer [1005] received the "have" message from [1003] for the piece [27]
[2020-12-05T23:09:06.161669500]: Peer [1005] received the "have" message from [1003] for the piece [28]
[2020-12-05T23:09:06.164089600]: Peer [1005] received the "have" message from [1009] for the piece [63]
[2020-12-05T23:09:06.167082]: Peer [1005] received the "have" message from [1003] for the piece [28]
[2020-12-05T23:09:06.167082]: Peer [1005] received the "have" message from [1009] for the piece [65]
[2020-12-05T23:09:06.168305600]: Peer [1005] received the "have" message from [1003] for the piece [28]
[2020-12-05T23:09:06.079385100]: Peer [1005] received the "have" message from [1008] for the piece [48]
[2020-12-05T23:09:06.180562700]: Peer [1005] has downloaded the piece [11] from [1003]. Now the number of pieces it has is [11]
[2020-12-05T23:09:06.202696800]: Peer [1005] received the "have" message from [1004] for the piece [23]
[2020-12-05T23:09:06.209682600]: Peer [1005] received the "have" message from [1004] for the piece [23]
[2020-12-05T23:09:06.214200]: Peer [1005] received the "have" message from [1004] for the piece [23]
[2020-12-05T23:09:06.175576300]: Peer [1005] received the "have" message from [1008] for the piece [56]
[2020-12-05T23:09:06.219915500]: Peer [1005] received the "have" message from [1008] for the piece [51]
[2020-12-05T23:09:06.220499800]: Peer [1005] received the "have" message from [1008] for the piece [55]
[2020-12-05T23:09:06.227539300]: Peer [1005] received the "have" message from [1008] for the piece [58]
[2020-12-05T23:09:06.228534800]: Peer [1005] received the "have" message from [1008] for the piece [57]
[2020-12-05T23:09:06.229532200]: Peer [1005] received the "have" message from [1008] for the piece [60]
[2020-12-05T23:09:06.234708600]: Peer [1005] received the "have" message from [1008] for the piece [62]
[2020-12-05T23:09:06.243762100]: Peer [1005] received the "have" message from [1008] for the piece [63]
[2020-12-05T23:09:06.208683800]: Peer [1005] has downloaded the piece [12] from [1003]. Now the number of pieces it has is [12]
[2020-12-05T23:09:06.249169300]: Peer [1005] received the "have" message from [1004] for the piece [24]
[2020-12-05T23:09:06.249746200]: Peer [1005] received the "have" message from [1004] for the piece [24]
[2020-12-05T23:09:06.250743700]: Peer [1005] received the "have" message from [1004] for the piece [24]
[2020-12-05T23:09:06.253022300]: Peer [1005] received the "have" message from [1003] for the piece [25]
[2020-12-05T23:09:06.205107600]: Peer [1005] received the "have" message from [1009] for the piece [64]
[2020-12-05T23:09:06.254840700]: Peer [1005] received the "have" message from [1003] for the piece [26]
[2020-12-05T23:09:06.273438100]: Peer [1005] received the "have" message from [1008] for the piece [61]
[2020-12-05T23:09:06.273624500]: Peer [1005] received the "have" message from [1003] for the piece [25]
[2020-12-05T23:09:06.281148200]: Peer [1005] received the "have" message from [1004] for the piece [25]
[2020-12-05T23:09:06.276161600]: Peer [1005] received the "have" message from [1003] for the piece [26]
[2020-12-05T23:09:06.291949400]: Peer [1005] received the "have" message from [1003] for the piece [25]
[2020-12-05T23:09:06.294645700]: Peer [1005] received the "have" message from [1003] for the piece [26]
[2020-12-05T23:09:06.274215700]: Peer [1005] received the "have" message from [1008] for the piece [65]
[2020-12-05T23:09:06.289456200]: Peer [1005] received the "have" message from [1004] for the piece [25]
[2020-12-05T23:09:06.311362200]: Peer [1005] has downloaded the piece [13] from [1003]. Now the number of pieces it has is [13]
[2020-12-05T23:09:06.303968900]: Peer [1005] received the "have" message from [1004] for the piece [25]
[2020-12-05T23:09:06.327142200]: Peer [1005] received the "have" message from [1004] for the piece [26]
[2020-12-05T23:09:06.334531400]: Peer [1005] has downloaded the piece [10] from [1003]. Now the number of pieces it has is [14]
[2020-12-05T23:09:06.336525800]: Peer [1005] received the "have" message from [1004] for the piece [26]
[2020-12-05T23:09:06.338520700]: Peer [1005] received the "have" message from [1003] for the piece [29]
[2020-12-05T23:09:06.343976100]: Peer [1005] received the "have" message from [1003] for the piece [30]
[2020-12-05T23:09:06.297464400]: Peer [1005] received the "have" message from [1008] for the piece [66]
[2020-12-05T23:09:06.342980]: Peer [1005] received the "have" message from [1004] for the piece [26]
[2020-12-05T23:09:06.347487900]: Peer [1005] received the "have" message from [1003] for the piece [29]
[2020-12-05T23:09:06.351511900]: Peer [1005] received the "have" message from [1003] for the piece [30]
[2020-12-05T23:09:06.349482400]: Peer [1005] received the "have" message from [1008] for the piece [64]
[2020-12-05T23:09:06.355053200]: Peer [1005] received the "have" message from [1003] for the piece [29]
[2020-12-05T23:09:06.359047900]: Peer [1005] received the "have" message from [1003] for the piece [30]
[2020-12-05T23:09:06.362931500]: Peer [1005] received the "have" message from [1003] for the piece [32]
[2020-12-05T23:09:06.364781400]: Peer [1005] received the "have" message from [1003] for the piece [32]
[2020-12-05T23:09:06.365765100]: Peer [1005] received the "have" message from [1003] for the piece [32]
[2020-12-05T23:09:06.353050]: Peer [1005] received the "have" message from [1009] for the piece [66]
[2020-12-05T23:09:06.349972900]: Peer [1005] received the "have" message from [1004] for the piece [27]
[2020-12-05T23:09:06.375055800]: Peer [1005] has downloaded the piece [14] from [1003]. Now the number of pieces it has is [15]
[2020-12-05T23:09:06.401065300]: Peer [1005] has downloaded the piece [15] from [1003]. Now the number of pieces it has is [16]
[2020-12-05T23:09:06.406767500]: Peer [1005] received the "have" message from [1003] for the piece [34]
[2020-12-05T23:09:06.408726500]: Peer [1005] received the "have" message from [1004] for the piece [27]
[2020-12-05T23:09:06.409724100]: Peer [1005] received the "have" message from [1004] for the piece [27]
[2020-12-05T23:09:06.411718500]: Peer [1005] received the "have" message from [1004] for the piece [28]
[2020-12-05T23:09:06.417587100]: Peer [1005] received the "have" message from [1003] for the piece [34]
[2020-12-05T23:09:06.413067900]: Peer [1005] received the "have" message from [1004] for the piece [28]
[2020-12-05T23:09:06.425888100]: Peer [1005] received the "have" message from [1004] for the piece [28]
[2020-12-05T23:09:06.433150400]: Peer [1005] received the "have" message from [1004] for the piece [29]
[2020-12-05T23:09:06.428625]: Peer [1005] received the "have" message from [1007] for the piece [11]
[2020-12-05T23:09:06.419580900]: Peer [1005] received the "have" message from [1003] for the piece [34]
[2020-12-05T23:09:06.437820]: Peer [1005] received the "have" message from [1004] for the piece [29]
[2020-12-05T23:09:06.456404200]: Peer [1005] has downloaded the piece [16] from [1003]. Now the number of pieces it has is [17]
[2020-12-05T23:09:06.458205400]: Peer [1005] received the "have" message from [1003] for the piece [35]
[2020-12-05T23:09:06.460200100]: Peer [1005] received the "have" message from [1007] for the piece [12]
[2020-12-05T23:09:06.448079100]: Peer [1005] received the "have" message from [1004] for the piece [29]
[2020-12-05T23:09:06.472264300]: Peer [1005] received the "have" message from [1004] for the piece [30]
[2020-12-05T23:09:06.461197500]: Peer [1005] received the "have" message from [1003] for the piece [35]
[2020-12-05T23:09:06.475429700]: Peer [1005] received the "have" message from [1004] for the piece [30]
[2020-12-05T23:09:06.478420600]: Peer [1005] received the "have" message from [1004] for the piece [30]
[2020-12-05T23:09:06.477423600]: Peer [1005] received the "have" message from [1003] for the piece [35]
[2020-12-05T23:09:06.483407800]: Peer [1005] received the "have" message from [1004] for the piece [31]
[2020-12-05T23:09:06.483407800]: Peer [1005] received the "have" message from [1003] for the piece [33]
[2020-12-05T23:09:06.496289500]: Peer [1005] received the "have" message from [1003] for the piece [33]
[2020-12-05T23:09:06.497287100]: Peer [1005] received the "have" message from [1004] for the piece [31]
[2020-12-05T23:09:06.501276600]: Peer [1005] received the "have" message from [1008] for the piece [59]
[2020-12-05T23:09:06.502274100]: Peer [1005] received the "have" message from [1003] for the piece [33]
[2020-12-05T23:09:06.514481900]: Peer [1005] received the "have" message from [1007] for the piece [13]
[2020-12-05T23:09:06.513726800]: Peer [1005] received the "have" message from [1004] for the piece [31]
[2020-12-05T23:09:06.516475400]: Peer [1005] received the "have" message from [1004] for the piece [32]
[2020-12-05T23:09:06.507602100]: Peer [1005] received the "have" message from [1003] for the piece [36]
[2020-12-05T23:09:06.518347600]: Peer [1005] received the "have" message from [1004] for the piece [32]
[2020-12-05T23:09:06.520342300]: Peer [1005] received the "have" message from [1004] for the piece [32]
[2020-12-05T23:09:06.521436200]: Peer [1005] received the "have" message from [1004] for the piece [33]
[2020-12-05T23:09:06.523333800]: Peer [1005] received the "have" message from [1004] for the piece [33]
[2020-12-05T23:09:06.525585300]: Peer [1005] received the "have" message from [1004] for the piece [33]
[2020-12-05T23:09:06.517400500]: Peer [1005] received the "have" message from [1003] for the piece [36]
[2020-12-05T23:09:06.536393600]: Peer [1005] received the "have" message from [1003] for the piece [36]
[2020-12-05T23:09:06.538388300]: Peer [1005] received the "have" message from [1003] for the piece [37]
[2020-12-05T23:09:06.540382600]: Peer [1005] received the "have" message from [1003] for the piece [37]
[2020-12-05T23:09:06.543728200]: Peer [1005] received the "have" message from [1003] for the piece [37]
[2020-12-05T23:09:06.546821900]: Peer [1005] received the "have" message from [1003] for the piece [39]
[2020-12-05T23:09:06.551201800]: Peer [1005] received the "have" message from [1007] for the piece [10]
[2020-12-05T23:09:06.548876300]: Peer [1005] received the "have" message from [1003] for the piece [39]
[2020-12-05T23:09:06.554104500]: Peer [1005] received the "have" message from [1003] for the piece [39]
[2020-12-05T23:09:06.555322900]: Peer [1005] received the "have" message from [1003] for the piece [41]
[2020-12-05T23:09:06.555845]: Peer [1005] received the "have" message from [1003] for the piece [41]
[2020-12-05T23:09:06.557839400]: Peer [1005] received the "have" message from [1003] for the piece [41]
[2020-12-05T23:09:06.561817500]: Peer [1005] received the "have" message from [1007] for the piece [14]
[2020-12-05T23:09:06.572324200]: Peer [1005] has downloaded the piece [19] from [1003]. Now the number of pieces it has is [18]
[2020-12-05T23:09:06.575099300]: Peer [1005] received the "have" message from [1004] for the piece [34]
[2020-12-05T23:09:06.575907300]: Peer [1005] received the "have" message from [1004] for the piece [34]
[2020-12-05T23:09:06.577901600]: Peer [1005] received the "have" message from [1004] for the piece [34]
[2020-12-05T23:09:06.582887800]: Peer [1005] received the "have" message from [1003] for the piece [42]
[2020-12-05T23:09:06.585822600]: Peer [1005] received the "have" message from [1003] for the piece [42]
[2020-12-05T23:09:06.588801500]: Peer [1005] received the "have" message from [1003] for the piece [42]
[2020-12-05T23:09:06.598450600]: Peer [1005] has downloaded the piece [17] from [1003]. Now the number of pieces it has is [19]
[2020-12-05T23:09:06.600156400]: Peer [1005] received the "have" message from [1003] for the piece [38]
[2020-12-05T23:09:06.603299300]: Peer [1005] received the "have" message from [1003] for the piece [38]
[2020-12-05T23:09:06.604929]: Peer [1005] received the "have" message from [1003] for the piece [38]
[2020-12-05T23:09:06.606227900]: Peer [1005] received the "have" message from [1003] for the piece [40]
[2020-12-05T23:09:06.608227]: Peer [1005] received the "have" message from [1003] for the piece [40]
[2020-12-05T23:09:06.609224500]: Peer [1005] received the "have" message from [1003] for the piece [43]
[2020-12-05T23:09:06.611300800]: Peer [1005] received the "have" message from [1003] for the piece [43]
[2020-12-05T23:09:06.612285700]: Peer [1005] received the "have" message from [1003] for the piece [40]
[2020-12-05T23:09:06.613865700]: Peer [1005] received the "have" message from [1003] for the piece [40]
[2020-12-05T23:09:06.614849500]: Peer [1005] received the "have" message from [1003] for the piece [43]
[2020-12-05T23:09:06.614849500]: Peer [1005] received the "have" message from [1003] for the piece [43]
[2020-12-05T23:09:06.615729]: Peer [1005] received the "have" message from [1003] for the piece [40]
[2020-12-05T23:09:06.616812200]: Peer [1005] received the "have" message from [1003] for the piece [40]
[2020-12-05T23:09:06.618721200]: Peer [1005] received the "have" message from [1004] for the piece [35]
[2020-12-05T23:09:06.619718300]: Peer [1005] received the "have" message from [1004] for the piece [35]
[2020-12-05T23:09:06.620716300]: Peer [1005] received the "have" message from [1004] for the piece [35]
[2020-12-05T23:09:06.617736400]: Peer [1005] received the "have" message from [1003] for the piece [43]
[2020-12-05T23:09:06.624812800]: Peer [1005] received the "have" message from [1003] for the piece [43]
[2020-12-05T23:09:06.629779300]: Peer [1005] received the "have" message from [1004] for the piece [36]
[2020-12-05T23:09:06.631559400]: Peer [1005] received the "have" message from [1004] for the piece [36]
[2020-12-05T23:09:06.632556300]: Peer [1005] received the "have" message from [1004] for the piece [36]
[2020-12-05T23:09:06.638478300]: Peer [1005] has downloaded the piece [20] from [1003]. Now the number of pieces it has is [20]
[2020-12-05T23:09:06.641413800]: Peer [1005] received the "have" message from [1003] for the piece [44]
[2020-12-05T23:09:06.644609900]: Peer [1005] received the "have" message from [1003] for the piece [45]
[2020-12-05T23:09:06.648687800]: Peer [1005] received the "have" message from [1004] for the piece [37]
[2020-12-05T23:09:06.649662800]: Peer [1005] received the "have" message from [1004] for the piece [37]
[2020-12-05T23:09:06.650696500]: Peer [1005] received the "have" message from [1004] for the piece [37]
[2020-12-05T23:09:06.653680600]: Peer [1005] received the "have" message from [1003] for the piece [44]
[2020-12-05T23:09:06.654720600]: Peer [1005] received the "have" message from [1003] for the piece [45]
[2020-12-05T23:09:06.655679400]: Peer [1005] received the "have" message from [1003] for the piece [44]
[2020-12-05T23:09:06.655907800]: Peer [1005] received the "have" message from [1003] for the piece [45]
[2020-12-05T23:09:06.662893200]: Peer [1005] received the "have" message from [1004] for the piece [38]
[2020-12-05T23:09:06.665036800]: Peer [1005] received the "have" message from [1004] for the piece [38]
[2020-12-05T23:09:06.665982400]: Peer [1005] received the "have" message from [1004] for the piece [38]
[2020-12-05T23:09:06.670177]: Peer [1005] has downloaded the piece [18] from [1003]. Now the number of pieces it has is [21]
[2020-12-05T23:09:06.672440300]: Peer [1005] received the "have" message from [1003] for the piece [47]
[2020-12-05T23:09:06.674787600]: Peer [1005] received the "have" message from [1003] for the piece [47]
[2020-12-05T23:09:06.677421300]: Peer [1005] received the "have" message from [1004] for the piece [39]
[2020-12-05T23:09:06.679211300]: Peer [1005] received the "have" message from [1004] for the piece [39]
[2020-12-05T23:09:06.676186100]: Peer [1005] received the "have" message from [1003] for the piece [47]
[2020-12-05T23:09:06.680366600]: Peer [1005] received the "have" message from [1004] for the piece [39]
[2020-12-05T23:09:06.681177400]: Peer [1005] received the "have" message from [1003] for the piece [46]
[2020-12-05T23:09:06.683797100]: Peer [1005] received the "have" message from [1003] for the piece [46]
[2020-12-05T23:09:06.684821700]: Peer [1005] received the "have" message from [1003] for the piece [46]
[2020-12-05T23:09:06.686772700]: Peer [1005] received the "have" message from [1004] for the piece [40]
[2020-12-05T23:09:06.688795800]: Peer [1005] received the "have" message from [1004] for the piece [40]
[2020-12-05T23:09:06.687854500]: Peer [1005] received the "have" message from [1003] for the piece [48]
[2020-12-05T23:09:06.689763800]: Peer [1005] received the "have" message from [1004] for the piece [40]
[2020-12-05T23:09:06.690782400]: Peer [1005] received the "have" message from [1003] for the piece [51]
[2020-12-05T23:09:06.692757700]: Peer [1005] received the "have" message from [1003] for the piece [48]
[2020-12-05T23:09:06.694108400]: Peer [1005] received the "have" message from [1003] for the piece [51]
[2020-12-05T23:09:06.695012600]: Peer [1005] received the "have" message from [1003] for the piece [48]
[2020-12-05T23:09:06.695860300]: Peer [1005] received the "have" message from [1003] for the piece [51]
[2020-12-05T23:09:06.705908500]: Peer [1005] received the "have" message from [1004] for the piece [41]
[2020-12-05T23:09:06.706906900]: Peer [1005] received the "have" message from [1004] for the piece [41]
[2020-12-05T23:09:06.707903300]: Peer [1005] received the "have" message from [1004] for the piece [41]
[2020-12-05T23:09:06.711893100]: Peer [1005] has downloaded the piece [21] from [1003]. Now the number of pieces it has is [22]
[2020-12-05T23:09:06.715106200]: Peer [1005] received the "have" message from [1003] for the piece [53]
[2020-12-05T23:09:06.715966400]: Peer [1005] received the "have" message from [1003] for the piece [53]
[2020-12-05T23:09:06.717965]: Peer [1005] received the "have" message from [1003] for the piece [53]
[2020-12-05T23:09:06.718963100]: Peer [1005] received the "have" message from [1004] for the piece [42]
[2020-12-05T23:09:06.719959900]: Peer [1005] received the "have" message from [1004] for the piece [42]
[2020-12-05T23:09:06.720957200]: Peer [1005] received the "have" message from [1004] for the piece [42]
[2020-12-05T23:09:06.733893900]: Peer [1005] has downloaded the piece [22] from [1003]. Now the number of pieces it has is [23]
[2020-12-05T23:09:06.738952800]: Peer [1005] received the "have" message from [1004] for the piece [43]
[2020-12-05T23:09:06.740704300]: Peer [1005] received the "have" message from [1004] for the piece [43]
[2020-12-05T23:09:06.741716700]: Peer [1005] received the "have" message from [1004] for the piece [43]
[2020-12-05T23:09:06.749650]: Peer [1005] received the "have" message from [1004] for the piece [44]
[2020-12-05T23:09:06.751747500]: Peer [1005] received the "have" message from [1004] for the piece [44]
[2020-12-05T23:09:06.752641500]: Peer [1005] received the "have" message from [1004] for the piece [44]
[2020-12-05T23:09:06.765608300]: Peer [1005] has downloaded the piece [23] from [1003]. Now the number of pieces it has is [24]
[2020-12-05T23:09:06.766609300]: Peer [1005] received the "have" message from [1004] for the piece [45]
[2020-12-05T23:09:06.772179600]: Peer [1005] received the "have" message from [1004] for the piece [45]
[2020-12-05T23:09:06.768604200]: Peer [1005] received the "have" message from [1003] for the piece [52]
[2020-12-05T23:09:06.768604200]: Peer [1005] received the "have" message from [1007] for the piece [15]
[2020-12-05T23:09:06.777404700]: Peer [1005] received the "have" message from [1003] for the piece [52]
[2020-12-05T23:09:06.778144600]: Peer [1005] received the "have" message from [1004] for the piece [45]
[2020-12-05T23:09:06.782390]: Peer [1005] received the "have" message from [1003] for the piece [52]
[2020-12-05T23:09:06.784919300]: Peer [1005] received the "have" message from [1003] for the piece [31]
[2020-12-05T23:09:06.788422900]: Peer [1005] received the "have" message from [1004] for the piece [46]
[2020-12-05T23:09:06.787425200]: Peer [1005] received the "have" message from [1003] for the piece [55]
[2020-12-05T23:09:06.789745500]: Peer [1005] received the "have" message from [1004] for the piece [46]
[2020-12-05T23:09:06.791426]: Peer [1005] received the "have" message from [1004] for the piece [46]
[2020-12-05T23:09:06.791426]: Peer [1005] received the "have" message from [1003] for the piece [56]
[2020-12-05T23:09:06.793627700]: Peer [1005] received the "have" message from [1003] for the piece [31]
[2020-12-05T23:09:06.795410400]: Peer [1005] received the "have" message from [1003] for the piece [55]
[2020-12-05T23:09:06.796516800]: Peer [1005] received the "have" message from [1003] for the piece [56]
[2020-12-05T23:09:06.797494700]: Peer [1005] received the "have" message from [1003] for the piece [31]
[2020-12-05T23:09:06.798380400]: Peer [1005] received the "have" message from [1003] for the piece [55]
[2020-12-05T23:09:06.798380400]: Peer [1005] received the "have" message from [1003] for the piece [56]
[2020-12-05T23:09:06.799377400]: Peer [1005] received the "have" message from [1003] for the piece [57]
[2020-12-05T23:09:06.800605600]: Peer [1005] received the "have" message from [1004] for the piece [47]
[2020-12-05T23:09:06.801507200]: Peer [1005] received the "have" message from [1004] for the piece [47]
[2020-12-05T23:09:06.802523800]: Peer [1005] received the "have" message from [1004] for the piece [47]
[2020-12-05T23:09:06.804266]: Peer [1005] received the "have" message from [1003] for the piece [57]
[2020-12-05T23:09:06.805578900]: Peer [1005] received the "have" message from [1003] for the piece [57]
[2020-12-05T23:09:06.807006500]: Peer [1005] received the "have" message from [1003] for the piece [61]
[2020-12-05T23:09:06.807852900]: Peer [1005] received the "have" message from [1003] for the piece [61]
[2020-12-05T23:09:06.808701800]: Peer [1005] received the "have" message from [1003] for the piece [61]
[2020-12-05T23:09:06.812543500]: Peer [1005] received the "have" message from [1007] for the piece [16]
[2020-12-05T23:09:06.815455600]: Peer [1005] received the "have" message from [1004] for the piece [61]
[2020-12-05T23:09:06.817449500]: Peer [1005] received the "have" message from [1004] for the piece [61]
[2020-12-05T23:09:06.818447700]: Peer [1005] received the "have" message from [1004] for the piece [61]
[2020-12-05T23:09:06.821439800]: Peer [1005] received the "have" message from [1004] for the piece [48]
[2020-12-05T23:09:06.822437]: Peer [1005] received the "have" message from [1004] for the piece [48]
[2020-12-05T23:09:06.823382200]: Peer [1005] received the "have" message from [1004] for the piece [48]
[2020-12-05T23:09:06.824365200]: Peer [1005] has downloaded the piece [24] from [1003]. Now the number of pieces it has is [25]
[2020-12-05T23:09:06.827874700]: Peer [1005] received the "have" message from [1003] for the piece [58]
[2020-12-05T23:09:06.829870]: Peer [1005] received the "have" message from [1003] for the piece [58]
[2020-12-05T23:09:06.833668]: Peer [1005] received the "have" message from [1003] for the piece [58]
[2020-12-05T23:09:06.837672100]: Peer [1005] received the "have" message from [1007] for the piece [19]
[2020-12-05T23:09:06.840664600]: Peer [1005] received the "have" message from [1004] for the piece [49]
[2020-12-05T23:09:06.842659300]: Peer [1005] received the "have" message from [1004] for the piece [49]
[2020-12-05T23:09:06.843685600]: Peer [1005] received the "have" message from [1004] for the piece [49]
[2020-12-05T23:09:06.853725100]: Peer [1005] received the "have" message from [1004] for the piece [65]
[2020-12-05T23:09:06.852912900]: Peer [1005] has downloaded the piece [27] from [1003]. Now the number of pieces it has is [26]
[2020-12-05T23:09:06.855318700]: Peer [1005] received the "have" message from [1004] for the piece [65]
[2020-12-05T23:09:06.856905300]: Peer [1005] received the "have" message from [1004] for the piece [65]
[2020-12-05T23:09:06.858628300]: Peer [1005] received the "have" message from [1003] for the piece [62]
[2020-12-05T23:09:06.859850300]: Peer [1005] received the "have" message from [1003] for the piece [62]
[2020-12-05T23:09:06.860815700]: Peer [1005] received the "have" message from [1003] for the piece [62]
[2020-12-05T23:09:06.861813200]: Peer [1005] received the "have" message from [1003] for the piece [65]
[2020-12-05T23:09:06.861813200]: Peer [1005] received the "have" message from [1007] for the piece [17]
[2020-12-05T23:09:06.862810600]: Peer [1005] received the "have" message from [1003] for the piece [65]
[2020-12-05T23:09:06.862810600]: Peer [1005] received the "have" message from [1003] for the piece [65]
[2020-12-05T23:09:06.864873900]: Peer [1005] received the "have" message from [1003] for the piece [66]
[2020-12-05T23:09:06.866309800]: Peer [1005] received the "have" message from [1004] for the piece [50]
[2020-12-05T23:09:06.867325400]: Peer [1005] received the "have" message from [1004] for the piece [50]
[2020-12-05T23:09:06.869651400]: Peer [1005] received the "have" message from [1004] for the piece [50]
[2020-12-05T23:09:06.865871300]: Peer [1005] received the "have" message from [1003] for the piece [66]
[2020-12-05T23:09:06.872381700]: Peer [1005] received the "have" message from [1003] for the piece [66]
[2020-12-05T23:09:06.882113300]: Peer [1005] received the "have" message from [1004] for the piece [66]
[2020-12-05T23:09:06.884002500]: Peer [1005] received the "have" message from [1004] for the piece [66]
[2020-12-05T23:09:06.884002500]: Peer [1005] received the "have" message from [1004] for the piece [66]
[2020-12-05T23:09:06.886511800]: Peer [1005] received the "have" message from [1007] for the piece [20]
[2020-12-05T23:09:06.892499600]: Peer [1005] received the "have" message from [1004] for the piece [51]
[2020-12-05T23:09:06.893819100]: Peer [1005] received the "have" message from [1004] for the piece [51]
[2020-12-05T23:09:06.895534100]: Peer [1005] received the "have" message from [1004] for the piece [51]
[2020-12-05T23:09:06.896835200]: Peer [1005] has downloaded the piece [28] from [1003]. Now the number of pieces it has is [27]
[2020-12-05T23:09:06.900169800]: Peer [1005] received the "have" message from [1003] for the piece [63]
[2020-12-05T23:09:06.902823400]: Peer [1005] received the "have" message from [1003] for the piece [63]
[2020-12-05T23:09:06.903894]: Peer [1005] received the "have" message from [1003] for the piece [63]
[2020-12-05T23:09:06.904449300]: Peer [1005] received the "have" message from [1003] for the piece [64]
[2020-12-05T23:09:06.905472700]: Peer [1005] received the "have" message from [1003] for the piece [64]
[2020-12-05T23:09:06.905472700]: Peer [1005] received the "have" message from [1003] for the piece [64]
[2020-12-05T23:09:06.906398900]: Peer [1005] received the "have" message from [1007] for the piece [18]
[2020-12-05T23:09:06.912011]: Peer [1005] received the "have" message from [1004] for the piece [64]
[2020-12-05T23:09:06.914262700]: Peer [1005] received the "have" message from [1004] for the piece [64]
[2020-12-05T23:09:06.915239500]: Peer [1005] received the "have" message from [1004] for the piece [64]
[2020-12-05T23:09:06.921223700]: Peer [1005] has downloaded the piece [25] from [1003]. Now the number of pieces it has is [28]
[2020-12-05T23:09:06.927192600]: Peer [1005] received the "have" message from [1004] for the piece [52]
[2020-12-05T23:09:06.928189600]: Peer [1005] received the "have" message from [1004] for the piece [52]
[2020-12-05T23:09:06.929433700]: Peer [1005] received the "have" message from [1004] for the piece [52]
[2020-12-05T23:09:06.937228500]: Peer [1005] received the "have" message from [1007] for the piece [21]
[2020-12-05T23:09:06.937228500]: Peer [1005] received the "have" message from [1004] for the piece [59]
[2020-12-05T23:09:06.940091400]: Peer [1005] received the "have" message from [1004] for the piece [59]
[2020-12-05T23:09:06.943046300]: Peer [1005] received the "have" message from [1004] for the piece [59]
[2020-12-05T23:09:06.947332800]: Peer [1005] has downloaded the piece [26] from [1003]. Now the number of pieces it has is [29]
[2020-12-05T23:09:06.949994300]: Peer [1005] received the "have" message from [1004] for the piece [53]
[2020-12-05T23:09:06.952323500]: Peer [1005] received the "have" message from [1004] for the piece [53]
[2020-12-05T23:09:06.953607400]: Peer [1005] received the "have" message from [1004] for the piece [53]
[2020-12-05T23:09:06.967466]: Peer [1005] received the "have" message from [1004] for the piece [54]
[2020-12-05T23:09:06.968745]: Peer [1005] received the "have" message from [1004] for the piece [54]
[2020-12-05T23:09:06.970437]: Peer [1005] received the "have" message from [1004] for the piece [54]
[2020-12-05T23:09:06.967466]: Peer [1005] has downloaded the piece [29] from [1003]. Now the number of pieces it has is [30]
[2020-12-05T23:09:06.977397900]: Peer [1005] received the "have" message from [1007] for the piece [22]
[2020-12-05T23:09:06.984363100]: Peer [1005] has downloaded the piece [30] from [1003]. Now the number of pieces it has is [31]
[2020-12-05T23:09:06.986562100]: Peer [1005] received the "have" message from [1004] for the piece [55]
[2020-12-05T23:09:06.996541300]: Peer [1005] received the "have" message from [1004] for the piece [55]
[2020-12-05T23:09:06.996541300]: Peer [1005] received the "have" message from [1007] for the piece [23]
[2020-12-05T23:09:06.996541300]: Peer [1005] received the "have" message from [1004] for the piece [55]
[2020-12-05T23:09:07.006842600]: Peer [1005] has downloaded the piece [32] from [1003]. Now the number of pieces it has is [32]
[2020-12-05T23:09:07.009348500]: Peer [1005] received the "have" message from [1004] for the piece [56]
[2020-12-05T23:09:07.012360400]: Peer [1005] received the "have" message from [1004] for the piece [56]
[2020-12-05T23:09:07.013444800]: Peer [1005] received the "have" message from [1003] for the piece [50]
[2020-12-05T23:09:07.014405900]: Peer [1005] received the "have" message from [1003] for the piece [50]
[2020-12-05T23:09:07.016186100]: Peer [1005] received the "have" message from [1004] for the piece [56]
[2020-12-05T23:09:07.017406]: Peer [1005] received the "have" message from [1003] for the piece [50]
[2020-12-05T23:09:07.017758500]: Peer [1005] received the "have" message from [1003] for the piece [49]
[2020-12-05T23:09:07.019587500]: Peer [1005] received the "have" message from [1004] for the piece [58]
[2020-12-05T23:09:07.020588800]: Peer [1005] received the "have" message from [1004] for the piece [58]
[2020-12-05T23:09:07.019587500]: Peer [1005] received the "have" message from [1003] for the piece [49]
[2020-12-05T23:09:07.023425900]: Peer [1005] received the "have" message from [1003] for the piece [49]
[2020-12-05T23:09:07.023425900]: Peer [1005] received the "have" message from [1004] for the piece [58]
[2020-12-05T23:09:07.024531900]: Peer [1005] received the "have" message from [1003] for the piece [54]
[2020-12-05T23:09:07.025369100]: Peer [1005] received the "have" message from [1003] for the piece [54]
[2020-12-05T23:09:07.025663200]: Peer [1005] received the "have" message from [1003] for the piece [54]
[2020-12-05T23:09:07.030341900]: Peer [1005] received the "have" message from [1004] for the piece [57]
[2020-12-05T23:09:07.033669100]: Peer [1005] received the "have" message from [1004] for the piece [57]
[2020-12-05T23:09:07.034718200]: Peer [1005] received the "have" message from [1004] for the piece [57]
[2020-12-05T23:09:07.042891200]: Peer [1005] has downloaded the piece [34] from [1003]. Now the number of pieces it has is [33]
[2020-12-05T23:09:07.044886700]: Peer [1005] received the "have" message from [1003] for the piece [60]
[2020-12-05T23:09:07.046725300]: Peer [1005] received the "have" message from [1003] for the piece [60]
[2020-12-05T23:09:07.048112400]: Peer [1005] received the "have" message from [1003] for the piece [60]
[2020-12-05T23:09:07.050335800]: Peer [1005] received the "have" message from [1007] for the piece [24]
[2020-12-05T23:09:07.050992300]: Peer [1005] received the "have" message from [1004] for the piece [60]
[2020-12-05T23:09:07.052988]: Peer [1005] received the "have" message from [1004] for the piece [60]
[2020-12-05T23:09:07.055024100]: Peer [1005] received the "have" message from [1004] for the piece [60]
[2020-12-05T23:09:07.064067300]: Peer [1005] has downloaded the piece [35] from [1003]. Now the number of pieces it has is [34]
[2020-12-05T23:09:07.068314200]: Peer [1005] received the "have" message from [1003] for the piece [59]
[2020-12-05T23:09:07.068847600]: Peer [1005] received the "have" message from [1003] for the piece [59]
[2020-12-05T23:09:07.070188100]: Peer [1005] received the "have" message from [1003] for the piece [59]
[2020-12-05T23:09:07.073838900]: Peer [1005] received the "have" message from [1004] for the piece [62]
[2020-12-05T23:09:07.075837]: Peer [1005] received the "have" message from [1004] for the piece [62]
[2020-12-05T23:09:07.077594800]: Peer [1005] received the "have" message from [1007] for the piece [27]
[2020-12-05T23:09:07.076652800]: Peer [1005] received the "have" message from [1004] for the piece [62]
[2020-12-05T23:09:07.083575400]: Peer [1005] has downloaded the piece [33] from [1003]. Now the number of pieces it has is [35]
[2020-12-05T23:09:07.095916900]: Peer [1005] received the "have" message from [1007] for the piece [28]
[2020-12-05T23:09:07.099954400]: Peer [1005] received the "have" message from [1004] for the piece [63]
[2020-12-05T23:09:07.099954400]: Peer [1005] has downloaded the piece [36] from [1003]. Now the number of pieces it has is [36]
[2020-12-05T23:09:07.101949700]: Peer [1005] received the "have" message from [1004] for the piece [63]
[2020-12-05T23:09:07.103944900]: Peer [1005] received the "have" message from [1004] for the piece [63]
[2020-12-05T23:09:07.117893500]: Peer [1005] has downloaded the piece [37] from [1003]. Now the number of pieces it has is [37]
[2020-12-05T23:09:07.119732800]: Peer [1005] received the "have" message from [1007] for the piece [25]
[2020-12-05T23:09:07.132718600]: Peer [1005] has downloaded the piece [39] from [1003]. Now the number of pieces it has is [38]
[2020-12-05T23:09:07.134013]: Peer [1005] received the "have" message from [1007] for the piece [26]
[2020-12-05T23:09:07.143871900]: Peer [1005] has downloaded the piece [41] from [1003]. Now the number of pieces it has is [39]
[2020-12-05T23:09:07.145110500]: Peer [1005] received the "have" message from [1007] for the piece [30]
[2020-12-05T23:09:07.158909400]: Peer [1005] has downloaded the piece [42] from [1003]. Now the number of pieces it has is [40]
[2020-12-05T23:09:07.161905500]: Peer [1005] received the "have" message from [1007] for the piece [29]
[2020-12-05T23:09:07.172994800]: Peer [1005] has downloaded the piece [38] from [1003]. Now the number of pieces it has is [41]
[2020-12-05T23:09:07.178007300]: Peer [1005] received the "have" message from [1007] for the piece [32]
[2020-12-05T23:09:07.186958100]: Peer [1005] has downloaded the piece [40] from [1003]. Now the number of pieces it has is [42]
[2020-12-05T23:09:07.191831700]: Peer [1005] received the "have" message from [1007] for the piece [34]
[2020-12-05T23:09:07.203398300]: Peer [1005] has downloaded the piece [43] from [1003]. Now the number of pieces it has is [43]
[2020-12-05T23:09:07.205395100]: Peer [1005] received the "have" message from [1007] for the piece [35]
[2020-12-05T23:09:07.216202800]: Peer [1005] received the "have" message from [1007] for the piece [33]
[2020-12-05T23:09:07.217052200]: Peer [1005] has downloaded the piece [44] from [1003]. Now the number of pieces it has is [44]
[2020-12-05T23:09:07.229778200]: Peer [1005] has downloaded the piece [45] from [1003]. Now the number of pieces it has is [45]
[2020-12-05T23:09:07.231779800]: Peer [1005] received the "have" message from [1007] for the piece [36]
[2020-12-05T23:09:07.246722400]: Peer [1005] received the "have" message from [1007] for the piece [37]
[2020-12-05T23:09:07.246722400]: Peer [1005] has downloaded the piece [47] from [1003]. Now the number of pieces it has is [46]
[2020-12-05T23:09:07.256450300]: Peer [1005] has downloaded the piece [46] from [1003]. Now the number of pieces it has is [47]
[2020-12-05T23:09:07.257447400]: Peer [1005] received the "have" message from [1007] for the piece [39]
[2020-12-05T23:09:07.271243100]: Peer [1005] has downloaded the piece [48] from [1003]. Now the number of pieces it has is [48]
[2020-12-05T23:09:07.278870900]: Peer [1005] received the "have" message from [1007] for the piece [41]
[2020-12-05T23:09:07.289715100]: Peer [1005] has downloaded the piece [51] from [1003]. Now the number of pieces it has is [49]
[2020-12-05T23:09:07.291708600]: Peer [1005] received the "have" message from [1007] for the piece [42]
[2020-12-05T23:09:07.305670900]: Peer [1005] received the "have" message from [1007] for the piece [38]
[2020-12-05T23:09:07.307830500]: Peer [1005] has downloaded the piece [53] from [1003]. Now the number of pieces it has is [50]
[2020-12-05T23:09:07.318638700]: Peer [1005] has downloaded the piece [52] from [1003]. Now the number of pieces it has is [51]
[2020-12-05T23:09:07.319634700]: Peer [1005] received the "have" message from [1007] for the piece [40]
[2020-12-05T23:09:07.332598900]: Peer [1005] has downloaded the piece [31] from [1003]. Now the number of pieces it has is [52]
[2020-12-05T23:09:07.338586800]: Peer [1005] received the "have" message from [1007] for the piece [43]
[2020-12-05T23:09:07.346563]: Peer [1005] has downloaded the piece [55] from [1003]. Now the number of pieces it has is [53]
[2020-12-05T23:09:07.354872700]: Peer [1005] received the "have" message from [1007] for the piece [44]
[2020-12-05T23:09:07.360524400]: Peer [1005] has downloaded the piece [56] from [1003]. Now the number of pieces it has is [54]
[2020-12-05T23:09:07.368504600]: Peer [1005] received the "have" message from [1007] for the piece [45]
[2020-12-05T23:09:07.372493200]: Peer [1005] has downloaded the piece [57] from [1003]. Now the number of pieces it has is [55]
[2020-12-05T23:09:07.390502900]: Peer [1005] has downloaded the piece [61] from [1003]. Now the number of pieces it has is [56]
[2020-12-05T23:09:07.393437400]: Peer [1005] received the "have" message from [1007] for the piece [47]
[2020-12-05T23:09:07.419368300]: Peer [1005] has downloaded the piece [58] from [1003]. Now the number of pieces it has is [57]
[2020-12-05T23:09:07.433331400]: Peer [1005] has downloaded the piece [62] from [1003]. Now the number of pieces it has is [58]
[2020-12-05T23:09:07.447382]: Peer [1005] received the "have" message from [1007] for the piece [46]
[2020-12-05T23:09:07.459262700]: Peer [1005] received the "have" message from [1007] for the piece [48]
[2020-12-05T23:09:07.471245500]: Peer [1005] has downloaded the piece [65] from [1003]. Now the number of pieces it has is [59]
[2020-12-05T23:09:07.481205200]: Peer [1005] received the "have" message from [1007] for the piece [51]
[2020-12-05T23:09:07.499315300]: Peer [1005] received the "have" message from [1007] for the piece [53]
[2020-12-05T23:09:07.496231600]: Peer [1005] has downloaded the piece [66] from [1003]. Now the number of pieces it has is [60]
[2020-12-05T23:09:07.508250900]: Peer [1005] received the "have" message from [1007] for the piece [52]
[2020-12-05T23:09:07.525507600]: Peer [1005] received the "have" message from [1007] for the piece [31]
[2020-12-05T23:09:07.536505900]: Peer [1005] has downloaded the piece [63] from [1003]. Now the number of pieces it has is [61]
[2020-12-05T23:09:07.546332600]: Peer [1005] received the "have" message from [1007] for the piece [55]
[2020-12-05T23:09:07.554406300]: Peer [1005] has downloaded the piece [64] from [1003]. Now the number of pieces it has is [62]
[2020-12-05T23:09:07.560661900]: Peer [1005] received the "have" message from [1007] for the piece [56]
[2020-12-05T23:09:07.570633800]: Peer [1005] has downloaded the piece [50] from [1003]. Now the number of pieces it has is [63]
[2020-12-05T23:09:07.578683900]: Peer [1005] received the "have" message from [1007] for the piece [57]
[2020-12-05T23:09:07.591553]: Peer [1005] has downloaded the piece [49] from [1003]. Now the number of pieces it has is [64]
[2020-12-05T23:09:07.597537200]: Peer [1005] received the "have" message from [1007] for the piece [61]
[2020-12-05T23:09:07.618587200]: Peer [1005] has downloaded the piece [54] from [1003]. Now the number of pieces it has is [65]
[2020-12-05T23:09:07.627699700]: Peer [1005] received the "have" message from [1007] for the piece [58]
[2020-12-05T23:09:07.644744200]: Peer [1005] received the "have" message from [1007] for the piece [62]
[2020-12-05T23:09:07.654067700]: Peer [1005] has downloaded the piece [60] from [1003]. Now the number of pieces it has is [66]
[2020-12-05T23:09:07.663973600]: Peer [1005] received the "have" message from [1007] for the piece [65]
[2020-12-05T23:09:07.665969500]: Peer [1005] has downloaded the piece [59] from [1003]. Now the number of pieces it has is [67]
[2020-12-05T23:09:07.668070700]: Peer [1005] has downloaded the complete file.
[2020-12-05T23:09:07.671952700]: Peer [1005] received the "have" message from [1007] for the piece [66]
[2020-12-05T23:09:07.682224100]: Peer [1005] received the "have" message from [1007] for the piece [63]
[2020-12-05T23:09:07.694918800]: Peer [1005] received the "have" message from [1007] for the piece [64]
[2020-12-05T23:09:07.706958100]: Peer [1005] received the "have" message from [1007] for the piece [50]
[2020-12-05T23:09:07.720034400]: Peer [1005] received the "have" message from [1007] for the piece [49]
[2020-12-05T23:09:07.729972200]: Peer [1005] received the "have" message from [1007] for the piece [54]
[2020-12-05T23:09:07.744060800]: Peer [1005] received the "have" message from [1007] for the piece [60]
[2020-12-05T23:09:07.756028900]: Peer [1005] received the "have" message from [1007] for the piece [59]
