[2020-12-02T19:28:50.562559200]: Peer [1003] makes a connection to Peer [1001]
[2020-12-02T19:28:50.574527300]: Peer [1003] has the preferred neighbors []
[2020-12-02T19:28:50.573527800]: Peer [1003] makes a connection to Peer [1002]
[2020-12-02T19:28:50.578514300]: Peer [1003] makes a connection to Peer [1002]
[2020-12-02T19:28:50.578514300]: Peer [1003] makes a connection to Peer [1001]
[2020-12-02T19:28:50.610430800]: Peer [1003] is connected from Peer [1004]
[2020-12-02T19:28:50.624391400]: Peer [1003] is connected from Peer [1005]
[2020-12-02T19:28:50.626386700]: Peer [1003] received the "not interested" message from [1005]
[2020-12-02T19:28:51.120065600]: Peer [1003] is connected from Peer [1006]
[2020-12-02T19:28:51.124054100]: Peer [1003] received the "not interested" message from [1006]
[2020-12-02T19:28:51.137020200]: Peer [1003] is connected from Peer [1007]
[2020-12-02T19:28:51.140011300]: Peer [1003] received the "not interested" message from [1007]
[2020-12-02T19:28:51.157964700]: Peer [1003] is connected from Peer [1008]
[2020-12-02T19:28:51.165943]: Peer [1003] received the "not interested" message from [1008]
[2020-12-02T19:28:51.189879800]: Peer [1003] is connected from Peer [1009]
[2020-12-02T19:28:51.191873100]: Peer [1003] received the "not interested" message from [1009]
[2020-12-02T19:28:51.234758]: Peer [1003] received the "have" message from [1002] for the piece [0]
[2020-12-02T19:28:51.237752600]: Peer [1003] received the "have" message from [1002] for the piece [0]
[2020-12-02T19:28:51.246727500]: Peer [1003] received the "have" message from [1002] for the piece [0]
[2020-12-02T19:28:51.276647]: Peer [1003] received the "have" message from [1002] for the piece [1]
[2020-12-02T19:28:51.285622200]: Peer [1003] received the "have" message from [1002] for the piece [1]
[2020-12-02T19:28:51.290608900]: Peer [1003] received the "have" message from [1002] for the piece [1]
[2020-12-02T19:28:51.384357100]: Peer [1003] received the "have" message from [1002] for the piece [2]
[2020-12-02T19:28:51.387349600]: Peer [1003] received the "have" message from [1002] for the piece [2]
[2020-12-02T19:28:51.389344400]: Peer [1003] received the "have" message from [1002] for the piece [2]
[2020-12-02T19:28:51.391340600]: Peer [1003] received the "have" message from [1002] for the piece [3]
[2020-12-02T19:28:51.407296300]: Peer [1003] received the "have" message from [1002] for the piece [3]
[2020-12-02T19:28:51.435221800]: Peer [1003] received the "have" message from [1002] for the piece [3]
[2020-12-02T19:28:51.438215200]: Peer [1003] received the "have" message from [1002] for the piece [4]
[2020-12-02T19:28:51.446194600]: Peer [1003] received the "have" message from [1002] for the piece [4]
[2020-12-02T19:28:51.453174600]: Peer [1003] received the "have" message from [1002] for the piece [4]
[2020-12-02T19:28:51.470130200]: Peer [1003] received the "have" message from [1002] for the piece [5]
[2020-12-02T19:28:51.484092700]: Peer [1003] received the "have" message from [1002] for the piece [5]
[2020-12-02T19:28:51.503041]: Peer [1003] received the "have" message from [1002] for the piece [5]
[2020-12-02T19:28:51.545926500]: Peer [1003] received the "have" message from [1002] for the piece [6]
[2020-12-02T19:28:51.549914300]: Peer [1003] received the "have" message from [1002] for the piece [6]
[2020-12-02T19:28:51.563878900]: Peer [1003] received the "have" message from [1002] for the piece [6]
[2020-12-02T19:28:51.572852400]: Peer [1003] received the "have" message from [1002] for the piece [7]
[2020-12-02T19:28:51.591802800]: Peer [1003] received the "have" message from [1002] for the piece [7]
[2020-12-02T19:28:51.602774600]: Peer [1003] received the "have" message from [1002] for the piece [7]
[2020-12-02T19:28:51.610751500]: Peer [1003] received the "have" message from [1002] for the piece [8]
[2020-12-02T19:28:51.612746500]: Peer [1003] received the "have" message from [1002] for the piece [8]
[2020-12-02T19:28:51.623717700]: Peer [1003] received the "have" message from [1002] for the piece [8]
[2020-12-02T19:28:51.625713800]: Peer [1003] received the "have" message from [1002] for the piece [9]
[2020-12-02T19:28:51.629702900]: Peer [1003] received the "have" message from [1002] for the piece [9]
[2020-12-02T19:28:51.654659100]: Peer [1003] received the "have" message from [1002] for the piece [9]
[2020-12-02T19:28:51.655633500]: Peer [1003] received the "have" message from [1002] for the piece [10]
[2020-12-02T19:28:51.656633100]: Peer [1003] received the "have" message from [1002] for the piece [10]
[2020-12-02T19:28:51.657627600]: Peer [1003] received the "have" message from [1002] for the piece [10]
[2020-12-02T19:28:51.658624700]: Peer [1003] received the "have" message from [1002] for the piece [11]
[2020-12-02T19:28:51.661617200]: Peer [1003] received the "have" message from [1002] for the piece [11]
[2020-12-02T19:28:51.661617200]: Peer [1003] received the "have" message from [1002] for the piece [11]
[2020-12-02T19:28:51.668597200]: Peer [1003] received the "have" message from [1002] for the piece [12]
[2020-12-02T19:28:51.669595]: Peer [1003] received the "have" message from [1002] for the piece [12]
[2020-12-02T19:28:51.670593100]: Peer [1003] received the "have" message from [1002] for the piece [12]
[2020-12-02T19:28:51.676576900]: Peer [1003] received the "have" message from [1002] for the piece [13]
[2020-12-02T19:28:51.679568300]: Peer [1003] received the "have" message from [1002] for the piece [13]
[2020-12-02T19:28:51.681564100]: Peer [1003] received the "have" message from [1002] for the piece [13]
[2020-12-02T19:28:51.682562200]: Peer [1003] received the "have" message from [1002] for the piece [14]
[2020-12-02T19:28:51.682562200]: Peer [1003] received the "have" message from [1002] for the piece [14]
[2020-12-02T19:28:51.683557800]: Peer [1003] received the "have" message from [1002] for the piece [14]
[2020-12-02T19:28:51.683557800]: Peer [1003] received the "have" message from [1002] for the piece [15]
[2020-12-02T19:28:51.684554900]: Peer [1003] received the "have" message from [1002] for the piece [15]
[2020-12-02T19:28:51.685551800]: Peer [1003] received the "have" message from [1002] for the piece [15]
[2020-12-02T19:28:51.685551800]: Peer [1003] received the "have" message from [1002] for the piece [16]
[2020-12-02T19:28:51.686549400]: Peer [1003] received the "have" message from [1002] for the piece [16]
[2020-12-02T19:28:51.686549400]: Peer [1003] received the "have" message from [1002] for the piece [16]
[2020-12-02T19:28:51.687548900]: Peer [1003] received the "have" message from [1002] for the piece [17]
[2020-12-02T19:28:51.688544400]: Peer [1003] received the "have" message from [1002] for the piece [17]
[2020-12-02T19:28:51.689545500]: Peer [1003] received the "have" message from [1002] for the piece [17]
[2020-12-02T19:28:51.691536400]: Peer [1003] received the "have" message from [1002] for the piece [18]
[2020-12-02T19:28:51.694528100]: Peer [1003] received the "have" message from [1002] for the piece [18]
[2020-12-02T19:28:51.695524700]: Peer [1003] received the "have" message from [1002] for the piece [18]
[2020-12-02T19:28:51.715474]: Peer [1003] received the "have" message from [1002] for the piece [19]
[2020-12-02T19:28:51.717468200]: Peer [1003] received the "have" message from [1002] for the piece [19]
[2020-12-02T19:28:51.719461500]: Peer [1003] received the "have" message from [1002] for the piece [19]
[2020-12-02T19:28:51.726443100]: Peer [1003] received the "have" message from [1002] for the piece [20]
[2020-12-02T19:28:51.728438300]: Peer [1003] received the "have" message from [1002] for the piece [20]
[2020-12-02T19:28:51.729436200]: Peer [1003] received the "have" message from [1002] for the piece [20]
[2020-12-02T19:28:51.733423400]: Peer [1003] received the "have" message from [1002] for the piece [21]
[2020-12-02T19:28:51.755365600]: Peer [1003] received the "have" message from [1002] for the piece [21]
[2020-12-02T19:28:51.756365200]: Peer [1003] received the "have" message from [1002] for the piece [21]
[2020-12-02T19:28:51.757361200]: Peer [1003] received the "have" message from [1002] for the piece [22]
[2020-12-02T19:28:51.758359100]: Peer [1003] received the "have" message from [1002] for the piece [22]
[2020-12-02T19:28:51.759355800]: Peer [1003] received the "have" message from [1002] for the piece [22]
[2020-12-02T19:28:51.759355800]: Peer [1003] received the "have" message from [1002] for the piece [23]
[2020-12-02T19:28:51.761350]: Peer [1003] received the "have" message from [1002] for the piece [23]
[2020-12-02T19:28:51.761350]: Peer [1003] received the "have" message from [1002] for the piece [23]
[2020-12-02T19:28:51.780298600]: Peer [1003] received the "have" message from [1002] for the piece [24]
[2020-12-02T19:28:51.782293800]: Peer [1003] received the "have" message from [1002] for the piece [24]
[2020-12-02T19:28:51.784288800]: Peer [1003] received the "have" message from [1002] for the piece [24]
[2020-12-02T19:28:51.790272400]: Peer [1003] received the "have" message from [1002] for the piece [25]
[2020-12-02T19:28:51.793264400]: Peer [1003] received the "have" message from [1002] for the piece [25]
[2020-12-02T19:28:51.796256500]: Peer [1003] received the "have" message from [1002] for the piece [25]
[2020-12-02T19:28:51.803237600]: Peer [1003] received the "have" message from [1002] for the piece [26]
[2020-12-02T19:28:51.804235300]: Peer [1003] received the "have" message from [1002] for the piece [26]
[2020-12-02T19:28:51.805232400]: Peer [1003] received the "have" message from [1002] for the piece [26]
[2020-12-02T19:28:51.821190200]: Peer [1003] received the "have" message from [1002] for the piece [27]
[2020-12-02T19:28:51.822186]: Peer [1003] received the "have" message from [1002] for the piece [27]
[2020-12-02T19:28:51.823184700]: Peer [1003] received the "have" message from [1002] for the piece [27]
[2020-12-02T19:28:51.892002300]: Peer [1003] received the "have" message from [1002] for the piece [28]
[2020-12-02T19:28:51.894993400]: Peer [1003] received the "have" message from [1002] for the piece [28]
[2020-12-02T19:28:51.896988600]: Peer [1003] received the "have" message from [1002] for the piece [28]
[2020-12-02T19:28:51.903970600]: Peer [1003] received the "have" message from [1002] for the piece [29]
[2020-12-02T19:28:51.904965100]: Peer [1003] received the "have" message from [1002] for the piece [29]
[2020-12-02T19:28:51.905963]: Peer [1003] received the "have" message from [1002] for the piece [29]
[2020-12-02T19:28:51.913944300]: Peer [1003] received the "have" message from [1002] for the piece [30]
[2020-12-02T19:28:51.914938600]: Peer [1003] received the "have" message from [1002] for the piece [30]
[2020-12-02T19:28:51.915937]: Peer [1003] received the "have" message from [1002] for the piece [30]
[2020-12-02T19:28:51.931895600]: Peer [1003] received the "have" message from [1002] for the piece [31]
[2020-12-02T19:28:51.932890800]: Peer [1003] received the "have" message from [1002] for the piece [31]
[2020-12-02T19:28:51.933890300]: Peer [1003] received the "have" message from [1002] for the piece [31]
[2020-12-02T19:28:51.939873900]: Peer [1003] received the "have" message from [1002] for the piece [32]
[2020-12-02T19:28:51.942864200]: Peer [1003] received the "have" message from [1002] for the piece [32]
[2020-12-02T19:28:51.953834300]: Peer [1003] received the "have" message from [1002] for the piece [32]
[2020-12-02T19:28:51.991733300]: Peer [1003] received the "have" message from [1002] for the piece [33]
[2020-12-02T19:28:51.992731500]: Peer [1003] received the "have" message from [1002] for the piece [33]
[2020-12-02T19:28:51.992731500]: Peer [1003] received the "have" message from [1002] for the piece [33]
[2020-12-02T19:28:51.998715300]: Peer [1003] received the "have" message from [1002] for the piece [34]
[2020-12-02T19:28:51.999713200]: Peer [1003] received the "have" message from [1002] for the piece [34]
[2020-12-02T19:28:52.000708900]: Peer [1003] received the "have" message from [1002] for the piece [34]
[2020-12-02T19:28:52.094459100]: Peer [1003] received the "have" message from [1002] for the piece [35]
[2020-12-02T19:28:52.115404400]: Peer [1003] received the "have" message from [1002] for the piece [35]
[2020-12-02T19:28:52.117396900]: Peer [1003] received the "have" message from [1002] for the piece [35]
[2020-12-02T19:28:52.118393700]: Peer [1003] received the "have" message from [1002] for the piece [36]
[2020-12-02T19:28:52.119391900]: Peer [1003] received the "have" message from [1002] for the piece [36]
[2020-12-02T19:28:52.119391900]: Peer [1003] received the "have" message from [1002] for the piece [36]
[2020-12-02T19:28:52.120388600]: Peer [1003] received the "have" message from [1002] for the piece [37]
[2020-12-02T19:28:52.121387900]: Peer [1003] received the "have" message from [1002] for the piece [37]
[2020-12-02T19:28:52.125377100]: Peer [1003] received the "have" message from [1002] for the piece [37]
[2020-12-02T19:28:52.140338]: Peer [1003] received the "have" message from [1002] for the piece [38]
[2020-12-02T19:28:52.145323600]: Peer [1003] received the "have" message from [1002] for the piece [38]
[2020-12-02T19:28:52.147318500]: Peer [1003] received the "have" message from [1002] for the piece [38]
[2020-12-02T19:28:52.155297100]: Peer [1003] received the "have" message from [1002] for the piece [39]
[2020-12-02T19:28:52.156293900]: Peer [1003] received the "have" message from [1002] for the piece [39]
[2020-12-02T19:28:52.157291500]: Peer [1003] received the "have" message from [1002] for the piece [39]
[2020-12-02T19:28:52.167263900]: Peer [1003] received the "have" message from [1002] for the piece [40]
[2020-12-02T19:28:52.168261500]: Peer [1003] received the "have" message from [1002] for the piece [40]
[2020-12-02T19:28:52.171254800]: Peer [1003] received the "have" message from [1002] for the piece [40]
[2020-12-02T19:28:52.178234600]: Peer [1003] received the "have" message from [1002] for the piece [41]
[2020-12-02T19:28:52.180229300]: Peer [1003] received the "have" message from [1002] for the piece [41]
[2020-12-02T19:28:52.181227]: Peer [1003] received the "have" message from [1002] for the piece [41]
[2020-12-02T19:28:52.194191200]: Peer [1003] received the "have" message from [1002] for the piece [42]
[2020-12-02T19:28:52.204163900]: Peer [1003] received the "have" message from [1002] for the piece [42]
[2020-12-02T19:28:52.206160400]: Peer [1003] received the "have" message from [1002] for the piece [42]
[2020-12-02T19:28:52.210148100]: Peer [1003] received the "have" message from [1002] for the piece [43]
[2020-12-02T19:28:52.213141700]: Peer [1003] received the "have" message from [1002] for the piece [43]
[2020-12-02T19:28:52.215136900]: Peer [1003] received the "have" message from [1002] for the piece [43]
[2020-12-02T19:28:52.221119200]: Peer [1003] received the "have" message from [1002] for the piece [44]
[2020-12-02T19:28:52.223113800]: Peer [1003] received the "have" message from [1002] for the piece [44]
[2020-12-02T19:28:52.225108900]: Peer [1003] received the "have" message from [1002] for the piece [44]
[2020-12-02T19:28:52.233088200]: Peer [1003] received the "have" message from [1002] for the piece [45]
[2020-12-02T19:28:52.234084700]: Peer [1003] received the "have" message from [1002] for the piece [45]
[2020-12-02T19:28:52.235081200]: Peer [1003] received the "have" message from [1002] for the piece [45]
[2020-12-02T19:28:52.241067400]: Peer [1003] received the "have" message from [1002] for the piece [46]
[2020-12-02T19:28:52.243060400]: Peer [1003] received the "have" message from [1002] for the piece [46]
[2020-12-02T19:28:52.245055600]: Peer [1003] received the "have" message from [1002] for the piece [46]
[2020-12-02T19:28:52.252038200]: Peer [1003] received the "have" message from [1002] for the piece [47]
[2020-12-02T19:28:52.254031400]: Peer [1003] received the "have" message from [1002] for the piece [47]
[2020-12-02T19:28:52.265002200]: Peer [1003] received the "have" message from [1002] for the piece [47]
[2020-12-02T19:28:52.271983700]: Peer [1003] received the "have" message from [1002] for the piece [48]
[2020-12-02T19:28:52.271983700]: Peer [1003] received the "have" message from [1002] for the piece [48]
[2020-12-02T19:28:52.273977300]: Peer [1003] received the "have" message from [1002] for the piece [48]
[2020-12-02T19:28:52.291930600]: Peer [1003] received the "have" message from [1002] for the piece [49]
[2020-12-02T19:28:52.292929100]: Peer [1003] received the "have" message from [1002] for the piece [49]
[2020-12-02T19:28:52.293923900]: Peer [1003] received the "have" message from [1002] for the piece [49]
[2020-12-02T19:28:52.300907200]: Peer [1003] received the "have" message from [1002] for the piece [50]
[2020-12-02T19:28:52.302901900]: Peer [1003] received the "have" message from [1002] for the piece [50]
[2020-12-02T19:28:52.307888100]: Peer [1003] received the "have" message from [1002] for the piece [50]
[2020-12-02T19:28:52.317861400]: Peer [1003] received the "have" message from [1002] for the piece [51]
[2020-12-02T19:28:52.320854100]: Peer [1003] received the "have" message from [1002] for the piece [51]
[2020-12-02T19:28:52.321851800]: Peer [1003] received the "have" message from [1002] for the piece [51]
[2020-12-02T19:28:52.331824700]: Peer [1003] received the "have" message from [1002] for the piece [52]
[2020-12-02T19:28:52.335814500]: Peer [1003] received the "have" message from [1002] for the piece [52]
[2020-12-02T19:28:52.347781900]: Peer [1003] received the "have" message from [1002] for the piece [52]
[2020-12-02T19:28:52.355760800]: Peer [1003] received the "have" message from [1002] for the piece [53]
[2020-12-02T19:28:52.363738800]: Peer [1003] received the "have" message from [1002] for the piece [53]
[2020-12-02T19:28:52.371717200]: Peer [1003] received the "have" message from [1002] for the piece [53]
[2020-12-02T19:28:52.384682700]: Peer [1003] received the "have" message from [1002] for the piece [54]
[2020-12-02T19:28:52.385681400]: Peer [1003] received the "have" message from [1002] for the piece [54]
[2020-12-02T19:28:52.389670]: Peer [1003] received the "have" message from [1002] for the piece [54]
[2020-12-02T19:28:52.394656100]: Peer [1003] received the "have" message from [1002] for the piece [55]
[2020-12-02T19:28:52.396649900]: Peer [1003] received the "have" message from [1002] for the piece [55]
[2020-12-02T19:28:52.408618200]: Peer [1003] received the "have" message from [1002] for the piece [55]
[2020-12-02T19:28:52.411610700]: Peer [1003] received the "have" message from [1002] for the piece [56]
[2020-12-02T19:28:52.412609700]: Peer [1003] received the "have" message from [1002] for the piece [56]
[2020-12-02T19:28:52.412609700]: Peer [1003] received the "have" message from [1002] for the piece [56]
[2020-12-02T19:28:52.417595100]: Peer [1003] received the "have" message from [1002] for the piece [57]
[2020-12-02T19:28:52.420586500]: Peer [1003] received the "have" message from [1002] for the piece [57]
[2020-12-02T19:28:52.421583500]: Peer [1003] received the "have" message from [1002] for the piece [57]
[2020-12-02T19:28:52.428566100]: Peer [1003] received the "have" message from [1002] for the piece [58]
[2020-12-02T19:28:52.430559900]: Peer [1003] received the "have" message from [1002] for the piece [58]
[2020-12-02T19:28:52.463470400]: Peer [1003] received the "have" message from [1002] for the piece [58]
[2020-12-02T19:28:52.467460]: Peer [1003] received the "have" message from [1002] for the piece [59]
[2020-12-02T19:28:52.470452100]: Peer [1003] received the "have" message from [1002] for the piece [59]
[2020-12-02T19:28:52.471449900]: Peer [1003] received the "have" message from [1002] for the piece [59]
[2020-12-02T19:28:52.473445]: Peer [1003] received the "have" message from [1002] for the piece [60]
[2020-12-02T19:28:52.478431100]: Peer [1003] received the "have" message from [1002] for the piece [60]
[2020-12-02T19:28:52.492393500]: Peer [1003] received the "have" message from [1002] for the piece [60]
[2020-12-02T19:28:52.495384800]: Peer [1003] received the "have" message from [1002] for the piece [61]
[2020-12-02T19:28:52.500372800]: Peer [1003] received the "have" message from [1002] for the piece [61]
[2020-12-02T19:28:52.511344800]: Peer [1003] received the "have" message from [1002] for the piece [61]
[2020-12-02T19:28:52.514335300]: Peer [1003] received the "have" message from [1002] for the piece [62]
[2020-12-02T19:28:52.515333300]: Peer [1003] received the "have" message from [1002] for the piece [62]
[2020-12-02T19:28:52.518322900]: Peer [1003] received the "have" message from [1002] for the piece [62]
[2020-12-02T19:28:52.534280900]: Peer [1003] received the "have" message from [1002] for the piece [63]
[2020-12-02T19:28:52.546251800]: Peer [1003] received the "have" message from [1002] for the piece [63]
[2020-12-02T19:28:52.546251800]: Peer [1003] received the "have" message from [1002] for the piece [63]
[2020-12-02T19:28:52.547249400]: Peer [1003] received the "have" message from [1002] for the piece [64]
[2020-12-02T19:28:52.548245200]: Peer [1003] received the "have" message from [1002] for the piece [64]
[2020-12-02T19:28:52.549240900]: Peer [1003] received the "have" message from [1002] for the piece [64]
[2020-12-02T19:28:52.550239800]: Peer [1003] received the "have" message from [1002] for the piece [65]
[2020-12-02T19:28:52.551236800]: Peer [1003] received the "have" message from [1002] for the piece [65]
[2020-12-02T19:28:52.552233700]: Peer [1003] received the "have" message from [1002] for the piece [65]
[2020-12-02T19:28:52.553230300]: Peer [1003] received the "have" message from [1002] for the piece [66]
[2020-12-02T19:28:52.553230300]: Peer [1003] received the "have" message from [1002] for the piece [66]
[2020-12-02T19:28:52.554228900]: Peer [1003] received the "have" message from [1002] for the piece [66]
[2020-12-02T19:28:55.375831800]: Peer [1003] is unchoked by [1001]
[2020-12-02T19:28:55.377828800]: Peer [1003] is unchoked by [1001]
[2020-12-02T19:28:55.410739700]: Peer [1003] has downloaded the piece [0] from [1001]. Now the number of pieces it has is [1]
[2020-12-02T19:28:55.419716700]: Peer [1003] received the "have" message from [1009] for the piece [0]
[2020-12-02T19:28:55.422707900]: Peer [1003] received the "interested" message from [1005]
[2020-12-02T19:28:55.425700200]: Peer [1003] received the "interested" message from [1005]
[2020-12-02T19:28:55.422707900]: Peer [1003] received the "interested" message from [1004]
[2020-12-02T19:28:55.426696800]: Peer [1003] received the "interested" message from [1005]
[2020-12-02T19:28:55.427693600]: Peer [1003] received the "interested" message from [1004]
[2020-12-02T19:28:55.427693600]: Peer [1003] received the "interested" message from [1004]
[2020-12-02T19:28:55.427693600]: Peer [1003] has downloaded the piece [0] from [1001]. Now the number of pieces it has is [1]
[2020-12-02T19:28:55.422707900]: Peer [1003] received the "have" message from [1008] for the piece [0]
[2020-12-02T19:28:55.444651200]: Peer [1003] received the "have" message from [1009] for the piece [1]
[2020-12-02T19:28:55.445648300]: Peer [1003] has downloaded the piece [1] from [1001]. Now the number of pieces it has is [2]
[2020-12-02T19:28:55.449639500]: Peer [1003] received the "interested" message from [1005]
[2020-12-02T19:28:55.450634500]: Peer [1003] received the "interested" message from [1004]
[2020-12-02T19:28:55.450634500]: Peer [1003] received the "interested" message from [1005]
[2020-12-02T19:28:55.451631500]: Peer [1003] received the "interested" message from [1005]
[2020-12-02T19:28:55.452629700]: Peer [1003] received the "have" message from [1009] for the piece [2]
[2020-12-02T19:28:55.453626800]: Peer [1003] received the "interested" message from [1004]
[2020-12-02T19:28:55.454623300]: Peer [1003] received the "interested" message from [1004]
[2020-12-02T19:28:55.460606500]: Peer [1003] received the "interested" message from [1007]
[2020-12-02T19:28:55.460606500]: Peer [1003] received the "interested" message from [1007]
[2020-12-02T19:28:55.461603800]: Peer [1003] received the "interested" message from [1007]
[2020-12-02T19:28:55.461603800]: Peer [1003] received the "interested" message from [1007]
[2020-12-02T19:28:55.461603800]: Peer [1003] received the "have" message from [1008] for the piece [1]
[2020-12-02T19:28:55.468585200]: Peer [1003] received the "have" message from [1009] for the piece [3]
[2020-12-02T19:28:55.468585200]: Peer [1003] received the "have" message from [1008] for the piece [2]
[2020-12-02T19:28:55.472574300]: Peer [1003] received the "interested" message from [1007]
[2020-12-02T19:28:55.473572200]: Peer [1003] received the "interested" message from [1007]
[2020-12-02T19:28:55.476564500]: Peer [1003] has downloaded the piece [2] from [1001]. Now the number of pieces it has is [3]
[2020-12-02T19:28:55.478558700]: Peer [1003] received the "interested" message from [1005]
[2020-12-02T19:28:55.478558700]: Peer [1003] received the "interested" message from [1004]
[2020-12-02T19:28:55.479555700]: Peer [1003] received the "interested" message from [1004]
[2020-12-02T19:28:55.480553300]: Peer [1003] received the "interested" message from [1004]
[2020-12-02T19:28:55.482549500]: Peer [1003] received the "have" message from [1009] for the piece [4]
[2020-12-02T19:28:55.490526700]: Peer [1003] received the "have" message from [1008] for the piece [3]
[2020-12-02T19:28:55.494517100]: Peer [1003] received the "have" message from [1009] for the piece [5]
[2020-12-02T19:28:55.479555700]: Peer [1003] received the "interested" message from [1005]
[2020-12-02T19:28:55.496511100]: Peer [1003] received the "interested" message from [1005]
[2020-12-02T19:28:55.497509200]: Peer [1003] received the "interested" message from [1007]
[2020-12-02T19:28:55.499503400]: Peer [1003] received the "have" message from [1008] for the piece [4]
[2020-12-02T19:28:55.506484]: Peer [1003] received the "have" message from [1008] for the piece [5]
[2020-12-02T19:28:55.523439700]: Peer [1003] received the "have" message from [1008] for the piece [6]
[2020-12-02T19:28:55.527429200]: Peer [1003] received the "interested" message from [1007]
[2020-12-02T19:28:55.527429200]: Peer [1003] received the "interested" message from [1007]
[2020-12-02T19:28:55.485540500]: Peer [1003] has downloaded the piece [3] from [1001]. Now the number of pieces it has is [4]
[2020-12-02T19:28:55.532414900]: Peer [1003] received the "interested" message from [1004]
[2020-12-02T19:28:55.533411300]: Peer [1003] received the "interested" message from [1007]
[2020-12-02T19:28:55.533411300]: Peer [1003] received the "interested" message from [1005]
[2020-12-02T19:28:55.534408900]: Peer [1003] received the "interested" message from [1005]
[2020-12-02T19:28:55.534408900]: Peer [1003] received the "interested" message from [1007]
[2020-12-02T19:28:55.534408900]: Peer [1003] received the "interested" message from [1005]
[2020-12-02T19:28:55.535405900]: Peer [1003] received the "interested" message from [1007]
[2020-12-02T19:28:55.536403500]: Peer [1003] received the "have" message from [1008] for the piece [7]
[2020-12-02T19:28:55.537400900]: Peer [1003] received the "interested" message from [1004]
[2020-12-02T19:28:55.539395100]: Peer [1003] received the "interested" message from [1004]
[2020-12-02T19:28:55.546376800]: Peer [1003] has downloaded the piece [4] from [1001]. Now the number of pieces it has is [5]
[2020-12-02T19:28:55.548372100]: Peer [1003] received the "interested" message from [1007]
[2020-12-02T19:28:55.548372100]: Peer [1003] received the "interested" message from [1005]
[2020-12-02T19:28:55.548372100]: Peer [1003] received the "interested" message from [1004]
[2020-12-02T19:28:55.550365900]: Peer [1003] received the "interested" message from [1004]
[2020-12-02T19:28:55.550365900]: Peer [1003] received the "interested" message from [1005]
[2020-12-02T19:28:55.553359300]: Peer [1003] is unchoked by [1002]
[2020-12-02T19:28:55.553359300]: Peer [1003] received the "interested" message from [1005]
[2020-12-02T19:28:55.553359300]: Peer [1003] received the "interested" message from [1004]
[2020-12-02T19:28:55.554356400]: Peer [1003] is unchoked by [1002]
[2020-12-02T19:28:55.559342600]: Peer [1003] received the "interested" message from [1007]
[2020-12-02T19:28:55.560338600]: Peer [1003] received the "interested" message from [1007]
[2020-12-02T19:28:55.567320200]: Peer [1003] has downloaded the piece [5] from [1002]. Now the number of pieces it has is [6]
[2020-12-02T19:28:55.572307300]: Peer [1003] received the "interested" message from [1004]
[2020-12-02T19:28:55.575298700]: Peer [1003] received the "interested" message from [1005]
[2020-12-02T19:28:55.576296500]: Peer [1003] received the "interested" message from [1005]
[2020-12-02T19:28:55.529422500]: Peer [1003] received the "have" message from [1009] for the piece [6]
[2020-12-02T19:28:55.579288700]: Peer [1003] has downloaded the piece [5] from [1002]. Now the number of pieces it has is [6]
[2020-12-02T19:28:55.579288700]: Peer [1003] received the "interested" message from [1005]
[2020-12-02T19:28:55.582281700]: Peer [1003] has downloaded the piece [5] from [1001]. Now the number of pieces it has is [6]
[2020-12-02T19:28:55.570312500]: Peer [1003] received the "interested" message from [1007]
[2020-12-02T19:28:55.587267700]: Peer [1003] received the "interested" message from [1004]
[2020-12-02T19:28:55.587267700]: Peer [1003] received the "interested" message from [1004]
[2020-12-02T19:28:55.579288700]: Peer [1003] received the "have" message from [1009] for the piece [7]
[2020-12-02T19:28:55.598237300]: Peer [1003] received the "have" message from [1009] for the piece [8]
[2020-12-02T19:28:55.599236200]: Peer [1003] received the "have" message from [1009] for the piece [9]
[2020-12-02T19:28:55.599236200]: Peer [1003] received the "have" message from [1009] for the piece [10]
[2020-12-02T19:28:55.601230300]: Peer [1003] received the "have" message from [1009] for the piece [11]
[2020-12-02T19:28:55.605219500]: Peer [1003] has downloaded the piece [6] from [1001]. Now the number of pieces it has is [7]
[2020-12-02T19:28:55.606217800]: Peer [1003] received the "interested" message from [1005]
[2020-12-02T19:28:55.607214]: Peer [1003] received the "interested" message from [1005]
[2020-12-02T19:28:55.609209800]: Peer [1003] received the "interested" message from [1004]
[2020-12-02T19:28:55.609209800]: Peer [1003] received the "interested" message from [1005]
[2020-12-02T19:28:55.609209800]: Peer [1003] received the "interested" message from [1004]
[2020-12-02T19:28:55.610207800]: Peer [1003] received the "interested" message from [1004]
[2020-12-02T19:28:55.569316800]: Peer [1003] received the "have" message from [1008] for the piece [8]
[2020-12-02T19:28:55.612202500]: Peer [1003] received the "have" message from [1008] for the piece [9]
[2020-12-02T19:28:55.614196600]: Peer [1003] received the "have" message from [1009] for the piece [12]
[2020-12-02T19:28:55.620181600]: Peer [1003] received the "interested" message from [1007]
[2020-12-02T19:28:55.621180900]: Peer [1003] received the "interested" message from [1007]
[2020-12-02T19:28:55.621180900]: Peer [1003] received the "interested" message from [1007]
[2020-12-02T19:28:55.621180900]: Peer [1003] has the preferred neighbors [,,,]
[2020-12-02T19:28:55.622177100]: Peer [1003] received the "interested" message from [1007]
[2020-12-02T19:28:55.624170700]: Peer [1003] has downloaded the piece [6] from [1002]. Now the number of pieces it has is [7]
[2020-12-02T19:28:55.623173800]: Peer [1003] received the "interested" message from [1007]
[2020-12-02T19:28:55.637133700]: Peer [1003] received the "have" message from [1005] for the piece [0]
[2020-12-02T19:28:55.637133700]: Peer [1003] has downloaded the piece [7] from [1002]. Now the number of pieces it has is [8]
[2020-12-02T19:28:55.642121100]: Peer [1003] received the "have" message from [1008] for the piece [10]
[2020-12-02T19:28:55.643120200]: Peer [1003] received the "interested" message from [1007]
[2020-12-02T19:28:55.645112600]: Peer [1003] received the "interested" message from [1007]
[2020-12-02T19:28:55.651097200]: Peer [1003] has downloaded the piece [10] from [1002]. Now the number of pieces it has is [9]
[2020-12-02T19:28:55.653093400]: Peer [1003] received the "have" message from [1009] for the piece [14]
[2020-12-02T19:28:55.656083700]: Peer [1003] has downloaded the piece [8] from [1001]. Now the number of pieces it has is [10]
[2020-12-02T19:28:55.666056400]: Peer [1003] received the "have" message from [1008] for the piece [11]
[2020-12-02T19:28:55.666056400]: Peer [1003] received the "interested" message from [1007]
[2020-12-02T19:28:55.669048300]: Peer [1003] has downloaded the piece [11] from [1002]. Now the number of pieces it has is [11]
[2020-12-02T19:28:55.671044700]: Peer [1003] received the "interested" message from [1007]
[2020-12-02T19:28:55.673037600]: Peer [1003] received the "interested" message from [1007]
[2020-12-02T19:28:55.677026500]: Peer [1003] received the "have" message from [1009] for the piece [16]
[2020-12-02T19:28:55.686999900]: Peer [1003] has downloaded the piece [12] from [1002]. Now the number of pieces it has is [13]
[2020-12-02T19:28:55.690989600]: Peer [1003] received the "have" message from [1009] for the piece [13]
[2020-12-02T19:28:55.691988100]: Peer [1003] received the "have" message from [1009] for the piece [17]
[2020-12-02T19:28:55.639130]: Peer [1003] received the "have" message from [1004] for the piece [0]
[2020-12-02T19:28:55.669048300]: Peer [1003] received the "have" message from [1008] for the piece [12]
[2020-12-02T19:28:55.690989600]: Peer [1003] received the "interested" message from [1007]
[2020-12-02T19:28:55.707945500]: Peer [1003] received the "have" message from [1005] for the piece [1]
[2020-12-02T19:28:55.707945500]: Peer [1003] received the "have" message from [1009] for the piece [18]
[2020-12-02T19:28:55.720910800]: Peer [1003] received the "have" message from [1005] for the piece [2]
[2020-12-02T19:28:55.722904100]: Peer [1003] received the "have" message from [1009] for the piece [15]
[2020-12-02T19:28:55.704952600]: Peer [1003] received the "have" message from [1008] for the piece [13]
[2020-12-02T19:28:55.724898900]: Peer [1003] received the "have" message from [1008] for the piece [14]
[2020-12-02T19:28:55.725896]: Peer [1003] received the "have" message from [1008] for the piece [16]
[2020-12-02T19:28:55.726893400]: Peer [1003] received the "have" message from [1008] for the piece [17]
[2020-12-02T19:28:55.728887500]: Peer [1003] received the "have" message from [1005] for the piece [3]
[2020-12-02T19:28:55.737866100]: Peer [1003] received the "have" message from [1005] for the piece [4]
[2020-12-02T19:28:55.704952600]: Peer [1003] has downloaded the piece [14] from [1002]. Now the number of pieces it has is [14]
[2020-12-02T19:28:55.746840400]: Peer [1003] received the "have" message from [1008] for the piece [15]
[2020-12-02T19:28:55.676029800]: Peer [1003] has downloaded the piece [9] from [1001]. Now the number of pieces it has is [12]
[2020-12-02T19:28:55.753820800]: Peer [1003] has downloaded the piece [15] from [1002]. Now the number of pieces it has is [15]
[2020-12-02T19:28:55.757811100]: Peer [1003] received the "interested" message from [1007]
[2020-12-02T19:28:55.759806500]: Peer [1003] received the "interested" message from [1007]
[2020-12-02T19:28:55.761801100]: Peer [1003] received the "have" message from [1005] for the piece [5]
[2020-12-02T19:28:55.762797400]: Peer [1003] received the "interested" message from [1007]
[2020-12-02T19:28:55.780751300]: Peer [1003] received the "have" message from [1005] for the piece [6]
[2020-12-02T19:28:55.768781500]: Peer [1003] has downloaded the piece [16] from [1002]. Now the number of pieces it has is [16]
[2020-12-02T19:28:55.722904100]: Peer [1003] received the "have" message from [1009] for the piece [19]
[2020-12-02T19:28:55.794711900]: Peer [1003] has downloaded the piece [18] from [1002]. Now the number of pieces it has is [18]
[2020-12-02T19:28:55.791721200]: Peer [1003] received the "have" message from [1008] for the piece [18]
[2020-12-02T19:28:55.794711900]: Peer [1003] received the "interested" message from [1007]
[2020-12-02T19:28:55.785736600]: Peer [1003] has downloaded the piece [13] from [1001]. Now the number of pieces it has is [17]
[2020-12-02T19:28:55.791721200]: Peer [1003] received the "have" message from [1009] for the piece [20]
[2020-12-02T19:28:55.823635]: Peer [1003] has downloaded the piece [19] from [1002]. Now the number of pieces it has is [19]
[2020-12-02T19:28:55.825630200]: Peer [1003] received the "have" message from [1009] for the piece [22]
[2020-12-02T19:28:55.830618]: Peer [1003] received the "have" message from [1009] for the piece [21]
[2020-12-02T19:28:55.809672900]: Peer [1003] received the "have" message from [1005] for the piece [7]
[2020-12-02T19:28:55.832612700]: Peer [1003] received the "have" message from [1009] for the piece [23]
[2020-12-02T19:28:55.811666300]: Peer [1003] received the "interested" message from [1007]
[2020-12-02T19:28:55.842588200]: Peer [1003] received the "interested" message from [1007]
[2020-12-02T19:28:55.837597100]: Peer [1003] has downloaded the piece [17] from [1001]. Now the number of pieces it has is [20]
[2020-12-02T19:28:55.840591100]: Peer [1003] has downloaded the piece [20] from [1002]. Now the number of pieces it has is [21]
[2020-12-02T19:28:55.833608800]: Peer [1003] received the "have" message from [1009] for the piece [25]
[2020-12-02T19:28:55.845575700]: Peer [1003] received the "have" message from [1009] for the piece [24]
[2020-12-02T19:28:55.846575500]: Peer [1003] received the "interested" message from [1007]
[2020-12-02T19:28:55.847571100]: Peer [1003] received the "interested" message from [1007]
[2020-12-02T19:28:55.811666300]: Peer [1003] received the "have" message from [1008] for the piece [20]
[2020-12-02T19:28:55.853554600]: Peer [1003] has downloaded the piece [22] from [1002]. Now the number of pieces it has is [22]
[2020-12-02T19:28:55.860535500]: Peer [1003] received the "have" message from [1005] for the piece [8]
[2020-12-02T19:28:55.863529300]: Peer [1003] has downloaded the piece [21] from [1001]. Now the number of pieces it has is [23]
[2020-12-02T19:28:55.862530800]: Peer [1003] received the "have" message from [1009] for the piece [27]
[2020-12-02T19:28:55.875497]: Peer [1003] has downloaded the piece [24] from [1002]. Now the number of pieces it has is [24]
[2020-12-02T19:28:55.876494]: Peer [1003] received the "have" message from [1009] for the piece [29]
[2020-12-02T19:28:55.877490800]: Peer [1003] received the "have" message from [1005] for the piece [10]
[2020-12-02T19:28:55.884472100]: Peer [1003] has downloaded the piece [25] from [1002]. Now the number of pieces it has is [25]
[2020-12-02T19:28:55.893448400]: Peer [1003] received the "have" message from [1005] for the piece [11]
[2020-12-02T19:28:55.862530800]: Peer [1003] received the "have" message from [1008] for the piece [19]
[2020-12-02T19:28:55.898434100]: Peer [1003] received the "have" message from [1008] for the piece [21]
[2020-12-02T19:28:55.906413200]: Peer [1003] has downloaded the piece [23] from [1001]. Now the number of pieces it has is [26]
[2020-12-02T19:28:55.913394400]: Peer [1003] has downloaded the piece [27] from [1002]. Now the number of pieces it has is [27]
[2020-12-02T19:28:55.901427]: Peer [1003] received the "have" message from [1008] for the piece [22]
[2020-12-02T19:28:55.926359500]: Peer [1003] has downloaded the piece [28] from [1002]. Now the number of pieces it has is [28]
[2020-12-02T19:28:55.927356700]: Peer [1003] has downloaded the piece [26] from [1001]. Now the number of pieces it has is [29]
[2020-12-02T19:28:55.927356700]: Peer [1003] received the "have" message from [1008] for the piece [24]
[2020-12-02T19:28:55.928354500]: Peer [1003] received the "have" message from [1008] for the piece [23]
[2020-12-02T19:28:55.928354500]: Peer [1003] received the "have" message from [1008] for the piece [26]
[2020-12-02T19:28:55.929351600]: Peer [1003] received the "interested" message from [1008]
[2020-12-02T19:28:55.929351600]: Peer [1003] received the "interested" message from [1008]
[2020-12-02T19:28:55.931348200]: Peer [1003] received the "interested" message from [1008]
[2020-12-02T19:28:55.934339400]: Peer [1003] received the "have" message from [1009] for the piece [26]
[2020-12-02T19:28:55.943314700]: Peer [1003] has downloaded the piece [30] from [1002]. Now the number of pieces it has is [30]
[2020-12-02T19:28:55.932345500]: Peer [1003] received the "have" message from [1008] for the piece [25]
[2020-12-02T19:28:55.958275800]: Peer [1003] received the "have" message from [1009] for the piece [28]
[2020-12-02T19:28:55.959272500]: Peer [1003] received the "have" message from [1009] for the piece [30]
[2020-12-02T19:28:55.848568300]: Peer [1003] received the "interested" message from [1007]
[2020-12-02T19:28:55.959272500]: Peer [1003] has downloaded the piece [29] from [1001]. Now the number of pieces it has is [31]
[2020-12-02T19:28:55.960269700]: Peer [1003] received the "interested" message from [1007]
[2020-12-02T19:28:55.962264800]: Peer [1003] received the "interested" message from [1007]
[2020-12-02T19:28:55.960269700]: Peer [1003] received the "interested" message from [1008]
[2020-12-02T19:28:55.963263800]: Peer [1003] received the "interested" message from [1007]
[2020-12-02T19:28:55.963263800]: Peer [1003] received the "interested" message from [1008]
[2020-12-02T19:28:55.964259]: Peer [1003] received the "interested" message from [1007]
[2020-12-02T19:28:55.964259]: Peer [1003] received the "interested" message from [1008]
[2020-12-02T19:28:55.975228500]: Peer [1003] has downloaded the piece [32] from [1002]. Now the number of pieces it has is [32]
[2020-12-02T19:28:55.980215800]: Peer [1003] received the "have" message from [1009] for the piece [31]
[2020-12-02T19:28:55.979218900]: Peer [1003] received the "have" message from [1008] for the piece [27]
[2020-12-02T19:28:55.981212700]: Peer [1003] received the "have" message from [1008] for the piece [28]
[2020-12-02T19:28:55.982210300]: Peer [1003] received the "have" message from [1008] for the piece [29]
[2020-12-02T19:28:55.983207400]: Peer [1003] received the "have" message from [1008] for the piece [31]
[2020-12-02T19:28:55.986199400]: Peer [1003] received the "interested" message from [1008]
[2020-12-02T19:28:55.987197100]: Peer [1003] received the "have" message from [1009] for the piece [32]
[2020-12-02T19:28:55.987197100]: Peer [1003] received the "have" message from [1008] for the piece [33]
[2020-12-02T19:28:55.988194]: Peer [1003] received the "interested" message from [1008]
[2020-12-02T19:28:55.988194]: Peer [1003] received the "interested" message from [1008]
[2020-12-02T19:28:56.001160400]: Peer [1003] has downloaded the piece [31] from [1001]. Now the number of pieces it has is [33]
[2020-12-02T19:28:56.003154900]: Peer [1003] received the "have" message from [1009] for the piece [34]
[2020-12-02T19:28:56.003154900]: Peer [1003] received the "have" message from [1008] for the piece [30]
[2020-12-02T19:28:56.004154500]: Peer [1003] received the "have" message from [1008] for the piece [34]
[2020-12-02T19:28:56.018114900]: Peer [1003] received the "have" message from [1008] for the piece [32]
[2020-12-02T19:28:56.019111800]: Peer [1003] received the "have" message from [1008] for the piece [35]
[2020-12-02T19:28:56.021105700]: Peer [1003] received the "have" message from [1009] for the piece [36]
[2020-12-02T19:28:56.037064800]: Peer [1003] has downloaded the piece [33] from [1002]. Now the number of pieces it has is [35]
[2020-12-02T19:28:55.983207400]: Peer [1003] received the "have" message from [1004] for the piece [1]
[2020-12-02T19:28:56.039059200]: Peer [1003] received the "have" message from [1009] for the piece [37]
[2020-12-02T19:28:56.038063800]: Peer [1003] received the "have" message from [1004] for the piece [2]
[2020-12-02T19:28:56.035068700]: Peer [1003] has downloaded the piece [34] from [1001]. Now the number of pieces it has is [34]
[2020-12-02T19:28:56.051028]: Peer [1003] has downloaded the piece [35] from [1002]. Now the number of pieces it has is [36]
[2020-12-02T19:28:56.051028]: Peer [1003] received the "have" message from [1008] for the piece [36]
[2020-12-02T19:28:55.979218900]: Peer [1003] received the "interested" message from [1007]
[2020-12-02T19:28:56.061996600]: Peer [1003] received the "have" message from [1008] for the piece [37]
[2020-12-02T19:28:56.068980200]: Peer [1003] received the "interested" message from [1007]
[2020-12-02T19:28:56.069975900]: Peer [1003] received the "interested" message from [1007]
[2020-12-02T19:28:56.061996600]: Peer [1003] has downloaded the piece [37] from [1002]. Now the number of pieces it has is [37]
[2020-12-02T19:28:56.069975900]: Peer [1003] received the "interested" message from [1007]
[2020-12-02T19:28:56.070975200]: Peer [1003] received the "interested" message from [1007]
[2020-12-02T19:28:56.073969200]: Peer [1003] received the "have" message from [1009] for the piece [38]
[2020-12-02T19:28:56.072968900]: Peer [1003] has downloaded the piece [36] from [1001]. Now the number of pieces it has is [38]
[2020-12-02T19:28:56.077957]: Peer [1003] received the "have" message from [1008] for the piece [38]
[2020-12-02T19:28:56.070975200]: Peer [1003] received the "interested" message from [1007]
[2020-12-02T19:28:56.078951800]: Peer [1003] received the "have" message from [1008] for the piece [39]
[2020-12-02T19:28:56.078951800]: Peer [1003] received the "interested" message from [1007]
[2020-12-02T19:28:56.078951800]: Peer [1003] received the "interested" message from [1007]
[2020-12-02T19:28:56.079948900]: Peer [1003] received the "interested" message from [1007]
[2020-12-02T19:28:56.079948900]: Peer [1003] received the "interested" message from [1007]
[2020-12-02T19:28:56.089925800]: Peer [1003] has downloaded the piece [39] from [1001]. Now the number of pieces it has is [39]
[2020-12-02T19:28:56.082940800]: Peer [1003] received the "interested" message from [1007]
[2020-12-02T19:28:56.090923300]: Peer [1003] received the "interested" message from [1007]
[2020-12-02T19:28:56.098899200]: Peer [1003] has downloaded the piece [41] from [1001]. Now the number of pieces it has is [40]
[2020-12-02T19:28:56.119842700]: Peer [1003] has downloaded the piece [38] from [1002]. Now the number of pieces it has is [42]
[2020-12-02T19:28:56.091917700]: Peer [1003] received the "interested" message from [1007]
[2020-12-02T19:28:56.122835500]: Peer [1003] received the "have" message from [1008] for the piece [41]
[2020-12-02T19:28:56.094911200]: Peer [1003] received the "have" message from [1009] for the piece [33]
[2020-12-02T19:28:56.115854]: Peer [1003] has downloaded the piece [42] from [1001]. Now the number of pieces it has is [41]
[2020-12-02T19:28:56.125827200]: Peer [1003] received the "interested" message from [1007]
[2020-12-02T19:28:56.126825]: Peer [1003] received the "have" message from [1009] for the piece [35]
[2020-12-02T19:28:56.127821700]: Peer [1003] received the "have" message from [1004] for the piece [3]
[2020-12-02T19:28:56.128819700]: Peer [1003] received the "interested" message from [1007]
[2020-12-02T19:28:56.128819700]: Peer [1003] received the "have" message from [1009] for the piece [39]
[2020-12-02T19:28:56.130812800]: Peer [1003] received the "have" message from [1005] for the piece [9]
[2020-12-02T19:28:56.135799300]: Peer [1003] has downloaded the piece [43] from [1001]. Now the number of pieces it has is [43]
[2020-12-02T19:28:56.149761900]: Peer [1003] received the "have" message from [1005] for the piece [12]
[2020-12-02T19:28:56.152753800]: Peer [1003] received the "have" message from [1004] for the piece [4]
[2020-12-02T19:28:56.155746600]: Peer [1003] received the "have" message from [1008] for the piece [40]
[2020-12-02T19:28:56.153765200]: Peer [1003] is unchoked by [1006]
[2020-12-02T19:28:56.167714100]: Peer [1003] received the "have" message from [1008] for the piece [43]
[2020-12-02T19:28:56.168711500]: Peer [1003] received the "have" message from [1004] for the piece [6]
[2020-12-02T19:28:56.137794700]: Peer [1003] received the "interested" message from [1007]
[2020-12-02T19:28:56.169709200]: Peer [1003] received the "have" message from [1009] for the piece [40]
[2020-12-02T19:28:56.180679200]: Peer [1003] received the "have" message from [1009] for the piece [41]
[2020-12-02T19:28:56.179681900]: Peer [1003] received the "interested" message from [1007]
[2020-12-02T19:28:56.192646800]: Peer [1003] has downloaded the piece [40] from [1002]. Now the number of pieces it has is [44]
[2020-12-02T19:28:56.193644400]: Peer [1003] received the "have" message from [1008] for the piece [44]
[2020-12-02T19:28:56.206611700]: Peer [1003] received the "have" message from [1008] for the piece [42]
[2020-12-02T19:28:56.207608100]: Peer [1003] received the "have" message from [1008] for the piece [45]
[2020-12-02T19:28:56.209602400]: Peer [1003] received the "have" message from [1009] for the piece [42]
[2020-12-02T19:28:56.210599500]: Peer [1003] received the "have" message from [1009] for the piece [43]
[2020-12-02T19:28:56.226557600]: Peer [1003] received the "have" message from [1008] for the piece [46]
[2020-12-02T19:28:56.236530]: Peer [1003] has downloaded the piece [44] from [1002]. Now the number of pieces it has is [45]
[2020-12-02T19:28:56.240519900]: Peer [1003] received the "have" message from [1008] for the piece [49]
[2020-12-02T19:28:56.244508]: Peer [1003] received the "have" message from [1004] for the piece [5]
[2020-12-02T19:28:56.246503600]: Peer [1003] received the "have" message from [1004] for the piece [7]
[2020-12-02T19:28:56.250493100]: Peer [1003] received the "have" message from [1008] for the piece [47]
[2020-12-02T19:28:56.252487600]: Peer [1003] received the "have" message from [1004] for the piece [9]
[2020-12-02T19:28:56.260465800]: Peer [1003] has downloaded the piece [44] from [1002]. Now the number of pieces it has is [45]
[2020-12-02T19:28:56.266449700]: Peer [1003] received the "have" message from [1008] for the piece [48]
[2020-12-02T19:28:56.269441900]: Peer [1003] has downloaded the piece [45] from [1002]. Now the number of pieces it has is [46]
[2020-12-02T19:28:56.279415400]: Peer [1003] received the "have" message from [1008] for the piece [52]
[2020-12-02T19:28:56.281410900]: Peer [1003] received the "have" message from [1009] for the piece [44]
[2020-12-02T19:28:56.284401]: Peer [1003] has downloaded the piece [46] from [1002]. Now the number of pieces it has is [47]
[2020-12-02T19:28:56.296370500]: Peer [1003] received the "have" message from [1009] for the piece [45]
[2020-12-02T19:28:56.297367400]: Peer [1003] received the "have" message from [1009] for the piece [48]
[2020-12-02T19:28:56.296370500]: Peer [1003] received the "have" message from [1008] for the piece [50]
[2020-12-02T19:28:56.306342300]: Peer [1003] has downloaded the piece [47] from [1002]. Now the number of pieces it has is [48]
[2020-12-02T19:28:56.309336500]: Peer [1003] received the "have" message from [1009] for the piece [47]
[2020-12-02T19:28:56.194643300]: Peer [1003] received the "interested" message from [1007]
[2020-12-02T19:28:56.314321600]: Peer [1003] received the "have" message from [1008] for the piece [53]
[2020-12-02T19:28:56.342248300]: Peer [1003] received the "interested" message from [1007]
[2020-12-02T19:28:56.343245200]: Peer [1003] received the "interested" message from [1007]
[2020-12-02T19:28:56.344242700]: Peer [1003] received the "interested" message from [1007]
[2020-12-02T19:28:56.344242700]: Peer [1003] received the "have" message from [1008] for the piece [51]
[2020-12-02T19:28:56.344242700]: Peer [1003] received the "interested" message from [1007]
[2020-12-02T19:28:56.344242700]: Peer [1003] received the "interested" message from [1007]
[2020-12-02T19:28:56.321302600]: Peer [1003] received the "have" message from [1009] for the piece [46]
[2020-12-02T19:28:56.346236600]: Peer [1003] has downloaded the piece [45] from [1001]. Now the number of pieces it has is [49]
[2020-12-02T19:28:56.344242700]: Peer [1003] received the "have" message from [1008] for the piece [54]
[2020-12-02T19:28:56.349230]: Peer [1003] received the "have" message from [1009] for the piece [51]
[2020-12-02T19:28:56.328285600]: Peer [1003] received the "have" message from [1004] for the piece [10]
[2020-12-02T19:28:56.349230]: Peer [1003] received the "have" message from [1008] for the piece [56]
[2020-12-02T19:28:56.349230]: Peer [1003] received the "interested" message from [1007]
[2020-12-02T19:28:56.353218700]: Peer [1003] received the "interested" message from [1007]
[2020-12-02T19:28:56.353218700]: Peer [1003] received the "interested" message from [1007]
[2020-12-02T19:28:56.354217400]: Peer [1003] received the "interested" message from [1007]
[2020-12-02T19:28:56.358205100]: Peer [1003] received the "have" message from [1004] for the piece [8]
[2020-12-02T19:28:56.326289400]: Peer [1003] has downloaded the piece [48] from [1002]. Now the number of pieces it has is [49]
[2020-12-02T19:28:56.375157900]: Peer [1003] has downloaded the piece [46] from [1001]. Now the number of pieces it has is [49]
[2020-12-02T19:28:56.377152900]: Peer [1003] received the "have" message from [1009] for the piece [50]
[2020-12-02T19:28:56.378150600]: Peer [1003] received the "have" message from [1009] for the piece [52]
[2020-12-02T19:28:56.381143300]: Peer [1003] received the "have" message from [1004] for the piece [11]
[2020-12-02T19:28:56.384134900]: Peer [1003] received the "have" message from [1008] for the piece [55]
[2020-12-02T19:28:56.386129300]: Peer [1003] received the "have" message from [1008] for the piece [57]
[2020-12-02T19:28:56.396102600]: Peer [1003] received the "have" message from [1008] for the piece [58]
[2020-12-02T19:28:56.400091900]: Peer [1003] received the "have" message from [1008] for the piece [59]
[2020-12-02T19:28:56.405078600]: Peer [1003] received the "have" message from [1009] for the piece [54]
[2020-12-02T19:28:56.421036600]: Peer [1003] received the "have" message from [1009] for the piece [56]
[2020-12-02T19:28:56.424031300]: Peer [1003] received the "have" message from [1008] for the piece [61]
[2020-12-02T19:28:56.355212200]: Peer [1003] received the "interested" message from [1007]
[2020-12-02T19:28:56.427020700]: Peer [1003] received the "interested" message from [1007]
[2020-12-02T19:28:56.430013200]: Peer [1003] received the "interested" message from [1007]
[2020-12-02T19:28:56.433004900]: Peer [1003] received the "interested" message from [1007]
[2020-12-02T19:28:56.439985300]: Peer [1003] received the "interested" message from [1007]
[2020-12-02T19:28:56.441979800]: Peer [1003] has downloaded the piece [50] from [1001]. Now the number of pieces it has is [50]
[2020-12-02T19:28:56.441979800]: Peer [1003] has downloaded the piece [49] from [1002]. Now the number of pieces it has is [51]
[2020-12-02T19:28:56.441979800]: Peer [1003] received the "have" message from [1004] for the piece [12]
[2020-12-02T19:28:56.440983]: Peer [1003] received the "interested" message from [1007]
[2020-12-02T19:28:56.443976400]: Peer [1003] received the "interested" message from [1007]
[2020-12-02T19:28:56.445969500]: Peer [1003] received the "interested" message from [1007]
[2020-12-02T19:28:56.454945100]: Peer [1003] has downloaded the piece [51] from [1002]. Now the number of pieces it has is [52]
[2020-12-02T19:28:56.454945100]: Peer [1003] has downloaded the piece [52] from [1001]. Now the number of pieces it has is [53]
[2020-12-02T19:28:56.466912300]: Peer [1003] has downloaded the piece [53] from [1002]. Now the number of pieces it has is [54]
[2020-12-02T19:28:56.467910600]: Peer [1003] received the "have" message from [1008] for the piece [63]
[2020-12-02T19:28:56.469905]: Peer [1003] has downloaded the piece [54] from [1001]. Now the number of pieces it has is [55]
[2020-12-02T19:28:56.481874500]: Peer [1003] has downloaded the piece [56] from [1001]. Now the number of pieces it has is [57]
[2020-12-02T19:28:56.481874500]: Peer [1003] has downloaded the piece [55] from [1002]. Now the number of pieces it has is [56]
[2020-12-02T19:28:56.446966700]: Peer [1003] received the "interested" message from [1007]
[2020-12-02T19:28:56.492843900]: Peer [1003] has downloaded the piece [57] from [1002]. Now the number of pieces it has is [58]
[2020-12-02T19:28:56.494840900]: Peer [1003] has downloaded the piece [58] from [1001]. Now the number of pieces it has is [59]
[2020-12-02T19:28:56.496834100]: Peer [1003] received the "interested" message from [1007]
[2020-12-02T19:28:56.498829300]: Peer [1003] received the "have" message from [1007] for the piece [0]
[2020-12-02T19:28:56.499826600]: Peer [1003] received the "interested" message from [1007]
[2020-12-02T19:28:56.499826600]: Peer [1003] received the "interested" message from [1007]
[2020-12-02T19:28:56.500823800]: Peer [1003] received the "interested" message from [1007]
[2020-12-02T19:28:56.501821100]: Peer [1003] received the "interested" message from [1007]
[2020-12-02T19:28:56.502818400]: Peer [1003] received the "interested" message from [1007]
[2020-12-02T19:28:56.503815300]: Peer [1003] received the "interested" message from [1007]
[2020-12-02T19:28:56.505810500]: Peer [1003] received the "have" message from [1008] for the piece [66]
[2020-12-02T19:28:56.504815200]: Peer [1003] received the "interested" message from [1007]
[2020-12-02T19:28:56.508801200]: Peer [1003] has downloaded the piece [59] from [1001]. Now the number of pieces it has is [60]
[2020-12-02T19:28:56.507803900]: Peer [1003] received the "interested" message from [1007]
[2020-12-02T19:28:56.425027700]: Peer [1003] received the "have" message from [1009] for the piece [56]
[2020-12-02T19:28:56.523761900]: Peer [1003] received the "interested" message from [1007]
[2020-12-02T19:28:56.526754700]: Peer [1003] received the "interested" message from [1007]
[2020-12-02T19:28:56.527750700]: Peer [1003] received the "have" message from [1008] for the piece [60]
[2020-12-02T19:28:56.527750700]: Peer [1003] received the "interested" message from [1007]
[2020-12-02T19:28:56.530742900]: Peer [1003] received the "interested" message from [1007]
[2020-12-02T19:28:56.525756400]: Peer [1003] received the "have" message from [1009] for the piece [53]
[2020-12-02T19:28:56.535729800]: Peer [1003] received the "interested" message from [1007]
[2020-12-02T19:28:56.536726600]: Peer [1003] received the "have" message from [1009] for the piece [57]
[2020-12-02T19:28:56.545702700]: Peer [1003] received the "have" message from [1008] for the piece [62]
[2020-12-02T19:28:56.540716100]: Peer [1003] received the "have" message from [1009] for the piece [49]
[2020-12-02T19:28:56.548695800]: Peer [1003] received the "have" message from [1009] for the piece [58]
[2020-12-02T19:28:56.549692]: Peer [1003] received the "have" message from [1009] for the piece [55]
[2020-12-02T19:28:56.551686]: Peer [1003] received the "have" message from [1009] for the piece [59]
[2020-12-02T19:28:56.536726600]: Peer [1003] received the "interested" message from [1007]
[2020-12-02T19:28:56.523761900]: Peer [1003] has downloaded the piece [62] from [1001]. Now the number of pieces it has is [61]
[2020-12-02T19:28:56.551686]: Peer [1003] received the "have" message from [1009] for the piece [61]
[2020-12-02T19:28:56.551686]: Peer [1003] received the "interested" message from [1007]
[2020-12-02T19:28:56.553683200]: Peer [1003] received the "interested" message from [1007]
[2020-12-02T19:28:56.567644]: Peer [1003] received the "have" message from [1008] for the piece [64]
[2020-12-02T19:28:56.568641900]: Peer [1003] has downloaded the piece [63] from [1001]. Now the number of pieces it has is [62]
[2020-12-02T19:28:56.552684100]: Peer [1003] received the "have" message from [1009] for the piece [60]
[2020-12-02T19:28:56.575624500]: Peer [1003] received the "have" message from [1009] for the piece [62]
[2020-12-02T19:28:56.576620900]: Peer [1003] received the "have" message from [1009] for the piece [65]
[2020-12-02T19:28:56.558668200]: Peer [1003] received the "interested" message from [1007]
[2020-12-02T19:28:56.581607600]: Peer [1003] received the "have" message from [1009] for the piece [64]
[2020-12-02T19:28:56.581607600]: Peer [1003] received the "have" message from [1008] for the piece [65]
[2020-12-02T19:28:56.585595300]: Peer [1003] received the "have" message from [1009] for the piece [66]
[2020-12-02T19:28:56.582603500]: Peer [1003] received the "interested" message from [1007]
[2020-12-02T19:28:56.593574300]: Peer [1003] received the "interested" message from [1007]
[2020-12-02T19:28:56.589586]: Peer [1003] has downloaded the piece [60] from [1002]. Now the number of pieces it has is [63]
[2020-12-02T19:28:56.595569900]: Peer [1003] received the "interested" message from [1007]
[2020-12-02T19:28:56.610528800]: Peer [1003] has downloaded the piece [64] from [1001]. Now the number of pieces it has is [64]
[2020-12-02T19:28:56.613521300]: Peer [1003] received the "have" message from [1009] for the piece [63]
[2020-12-02T19:28:56.608535500]: Peer [1003] received the "interested" message from [1007]
[2020-12-02T19:28:56.615517]: Peer [1003] received the "interested" message from [1007]
[2020-12-02T19:28:56.616513400]: Peer [1003] received the "interested" message from [1007]
[2020-12-02T19:28:56.618508200]: Peer [1003] received the "interested" message from [1007]
[2020-12-02T19:28:56.620502400]: Peer [1003] received the "interested" message from [1007]
[2020-12-02T19:28:56.621499700]: Peer [1003] received the "interested" message from [1007]
[2020-12-02T19:28:56.622496900]: Peer [1003] received the "interested" message from [1007]
[2020-12-02T19:28:56.623494400]: Peer [1003] received the "interested" message from [1007]
[2020-12-02T19:28:56.623494400]: Peer [1003] received the "interested" message from [1007]
[2020-12-02T19:28:56.621499700]: Peer [1003] received the "have" message from [1005] for the piece [14]
[2020-12-02T19:28:56.628481500]: Peer [1003] received the "interested" message from [1007]
[2020-12-02T19:28:56.628481500]: Peer [1003] has downloaded the piece [65] from [1001]. Now the number of pieces it has is [65]
[2020-12-02T19:28:56.628481500]: Peer [1003] has downloaded the piece [61] from [1002]. Now the number of pieces it has is [66]
[2020-12-02T19:28:56.630476100]: Peer [1003] received the "interested" message from [1007]
[2020-12-02T19:28:56.631473100]: Peer [1003] has downloaded the complete file.
[2020-12-02T19:28:56.631473100]: Peer [1003] has downloaded the complete file.
[2020-12-02T19:28:56.631473100]: Peer [1003] received the "interested" message from [1007]
[2020-12-02T19:28:56.633468200]: Peer [1003] received the "interested" message from [1007]
[2020-12-02T19:28:56.634465400]: Peer [1003] received the "interested" message from [1007]
[2020-12-02T19:28:56.635462900]: Peer [1003] received the "interested" message from [1007]
[2020-12-02T19:28:56.636460300]: Peer [1003] received the "interested" message from [1007]
[2020-12-02T19:28:56.637457700]: Peer [1003] received the "interested" message from [1007]
[2020-12-02T19:28:56.639453500]: Peer [1003] received the "interested" message from [1007]
[2020-12-02T19:28:56.641447100]: Peer [1003] received the "interested" message from [1007]
[2020-12-02T19:28:56.644439]: Peer [1003] received the "interested" message from [1007]
[2020-12-02T19:28:56.645437500]: Peer [1003] received the "interested" message from [1007]
[2020-12-02T19:28:56.649425700]: Peer [1003] received the "interested" message from [1007]
[2020-12-02T19:28:56.650422900]: Peer [1003] received the "interested" message from [1007]
[2020-12-02T19:28:56.652416700]: Peer [1003] received the "interested" message from [1007]
[2020-12-02T19:28:56.662403300]: Peer [1003] has downloaded the piece [40] from [1006]. Now the number of pieces it has is [66]
[2020-12-02T19:28:56.663389300]: Peer [1003] has downloaded the complete file.
[2020-12-02T19:28:56.662403300]: Peer [1003] received the "interested" message from [1007]
[2020-12-02T19:28:56.667379800]: Peer [1003] received the "interested" message from [1007]
[2020-12-02T19:28:56.668374800]: Peer [1003] has downloaded the piece [66] from [1002]. Now the number of pieces it has is [67]
[2020-12-02T19:28:56.669372100]: Peer [1003] received the "interested" message from [1007]
[2020-12-02T19:28:56.670368900]: Peer [1003] received the "interested" message from [1007]
[2020-12-02T19:28:56.671365900]: Peer [1003] received the "interested" message from [1007]
[2020-12-02T19:28:56.675355700]: Peer [1003] has downloaded the complete file.
[2020-12-02T19:28:56.676352600]: Peer [1003] received the "interested" message from [1007]
[2020-12-02T19:28:56.679345800]: Peer [1003] received the "interested" message from [1007]
[2020-12-02T19:28:56.684332300]: Peer [1003] received the "interested" message from [1007]
[2020-12-02T19:28:56.689319400]: Peer [1003] received the "interested" message from [1007]
[2020-12-02T19:28:56.690315500]: Peer [1003] received the "interested" message from [1007]
[2020-12-02T19:28:56.692310300]: Peer [1003] received the "interested" message from [1007]
[2020-12-02T19:28:56.693307500]: Peer [1003] received the "interested" message from [1007]
[2020-12-02T19:28:56.695302900]: Peer [1003] received the "interested" message from [1007]
[2020-12-02T19:28:56.697297600]: Peer [1003] is unchoked by [1009]
[2020-12-02T19:28:56.697297600]: Peer [1003] received the "interested" message from [1007]
[2020-12-02T19:28:56.698294300]: Peer [1003] received the "interested" message from [1007]
[2020-12-02T19:28:56.701290500]: Peer [1003] received the "interested" message from [1007]
[2020-12-02T19:28:56.701290500]: Peer [1003] received the "interested" message from [1007]
[2020-12-02T19:28:56.704279600]: Peer [1003] received the "interested" message from [1007]
[2020-12-02T19:28:56.708269200]: Peer [1003] received the "interested" message from [1007]
[2020-12-02T19:28:56.708269200]: Peer [1003] received the "interested" message from [1007]
[2020-12-02T19:28:56.709266900]: Peer [1003] received the "interested" message from [1007]
[2020-12-02T19:28:56.710263200]: Peer [1003] received the "interested" message from [1007]
[2020-12-02T19:28:56.712257200]: Peer [1003] received the "interested" message from [1007]
[2020-12-02T19:28:56.713254300]: Peer [1003] received the "interested" message from [1007]
[2020-12-02T19:28:56.714251700]: Peer [1003] received the "interested" message from [1007]
[2020-12-02T19:28:56.714251700]: Peer [1003] received the "interested" message from [1007]
[2020-12-02T19:28:56.721232900]: Peer [1003] received the "have" message from [1004] for the piece [14]
[2020-12-02T19:28:56.722230600]: Peer [1003] received the "have" message from [1005] for the piece [15]
[2020-12-02T19:28:56.723227900]: Peer [1003] received the "interested" message from [1007]
[2020-12-02T19:28:56.723227900]: Peer [1003] received the "interested" message from [1007]
[2020-12-02T19:28:56.725221700]: Peer [1003] received the "interested" message from [1007]
[2020-12-02T19:28:56.725221700]: Peer [1003] received the "interested" message from [1007]
[2020-12-02T19:28:56.726219100]: Peer [1003] received the "have" message from [1007] for the piece [1]
[2020-12-02T19:28:56.726219100]: Peer [1003] received the "have" message from [1007] for the piece [2]
[2020-12-02T19:28:56.727216800]: Peer [1003] received the "interested" message from [1007]
[2020-12-02T19:28:56.727216800]: Peer [1003] received the "interested" message from [1007]
[2020-12-02T19:28:56.727216800]: Peer [1003] received the "have" message from [1007] for the piece [3]
[2020-12-02T19:28:56.728213700]: Peer [1003] received the "interested" message from [1007]
[2020-12-02T19:28:56.728213700]: Peer [1003] received the "interested" message from [1007]
[2020-12-02T19:28:56.729211300]: Peer [1003] received the "interested" message from [1007]
[2020-12-02T19:28:56.729211300]: Peer [1003] received the "interested" message from [1007]
[2020-12-02T19:28:56.729211300]: Peer [1003] received the "interested" message from [1007]
[2020-12-02T19:28:56.730208900]: Peer [1003] received the "have" message from [1004] for the piece [23]
[2020-12-02T19:28:56.730208900]: Peer [1003] received the "interested" message from [1007]
[2020-12-02T19:28:56.734200100]: Peer [1003] received the "interested" message from [1007]
[2020-12-02T19:28:56.734200100]: Peer [1003] received the "interested" message from [1007]
[2020-12-02T19:28:56.736194200]: Peer [1003] received the "interested" message from [1007]
[2020-12-02T19:28:56.737190]: Peer [1003] received the "interested" message from [1007]
[2020-12-02T19:28:56.739184800]: Peer [1003] received the "interested" message from [1007]
[2020-12-02T19:28:56.740182500]: Peer [1003] received the "interested" message from [1007]
[2020-12-02T19:28:56.742177400]: Peer [1003] received the "have" message from [1004] for the piece [24]
[2020-12-02T19:28:56.742177400]: Peer [1003] received the "interested" message from [1007]
[2020-12-02T19:28:56.748160200]: Peer [1003] received the "interested" message from [1007]
[2020-12-02T19:28:56.755142]: Peer [1003] received the "have" message from [1004] for the piece [28]
[2020-12-02T19:28:56.754145300]: Peer [1003] received the "interested" message from [1007]
[2020-12-02T19:28:56.757138100]: Peer [1003] received the "interested" message from [1007]
[2020-12-02T19:28:56.759133]: Peer [1003] received the "interested" message from [1007]
[2020-12-02T19:28:56.761127900]: Peer [1003] received the "interested" message from [1007]
[2020-12-02T19:28:56.761127900]: Peer [1003] received the "interested" message from [1007]
[2020-12-02T19:28:56.762123700]: Peer [1003] received the "have" message from [1007] for the piece [4]
[2020-12-02T19:28:56.763120800]: Peer [1003] received the "interested" message from [1007]
[2020-12-02T19:28:56.764118300]: Peer [1003] received the "interested" message from [1007]
[2020-12-02T19:28:56.764118300]: Peer [1003] received the "have" message from [1007] for the piece [5]
[2020-12-02T19:28:56.768107800]: Peer [1003] received the "have" message from [1007] for the piece [6]
[2020-12-02T19:28:56.769105]: Peer [1003] received the "have" message from [1007] for the piece [7]
[2020-12-02T19:28:56.770102100]: Peer [1003] received the "interested" message from [1007]
[2020-12-02T19:28:56.770102100]: Peer [1003] received the "interested" message from [1007]
[2020-12-02T19:28:56.772096800]: Peer [1003] received the "interested" message from [1007]
[2020-12-02T19:28:56.774091900]: Peer [1003] received the "have" message from [1005] for the piece [16]
[2020-12-02T19:28:56.774091900]: Peer [1003] received the "have" message from [1004] for the piece [30]
[2020-12-02T19:28:56.774091900]: Peer [1003] received the "interested" message from [1007]
[2020-12-02T19:28:56.777083]: Peer [1003] received the "interested" message from [1007]
[2020-12-02T19:28:56.779078400]: Peer [1003] received the "interested" message from [1007]
[2020-12-02T19:28:56.780075300]: Peer [1003] received the "interested" message from [1007]
[2020-12-02T19:28:56.783067600]: Peer [1003] received the "interested" message from [1007]
[2020-12-02T19:28:56.784064700]: Peer [1003] received the "interested" message from [1007]
[2020-12-02T19:28:56.784064700]: Peer [1003] received the "interested" message from [1007]
[2020-12-02T19:28:56.785062900]: Peer [1003] received the "interested" message from [1007]
[2020-12-02T19:28:56.786060200]: Peer [1003] received the "interested" message from [1007]
[2020-12-02T19:28:56.789051]: Peer [1003] received the "have" message from [1004] for the piece [42]
[2020-12-02T19:28:56.787057300]: Peer [1003] received the "interested" message from [1007]
[2020-12-02T19:28:56.794038300]: Peer [1003] received the "interested" message from [1007]
[2020-12-02T19:28:56.794038300]: Peer [1003] received the "interested" message from [1007]
[2020-12-02T19:28:56.795035400]: Peer [1003] received the "interested" message from [1007]
[2020-12-02T19:28:56.797030300]: Peer [1003] received the "interested" message from [1007]
[2020-12-02T19:28:56.797030300]: Peer [1003] received the "interested" message from [1007]
[2020-12-02T19:28:56.798026600]: Peer [1003] received the "interested" message from [1007]
[2020-12-02T19:28:56.799024100]: Peer [1003] received the "interested" message from [1007]
[2020-12-02T19:28:56.799024100]: Peer [1003] received the "interested" message from [1007]
[2020-12-02T19:28:56.802016600]: Peer [1003] received the "interested" message from [1007]
[2020-12-02T19:28:56.809996500]: Peer [1003] received the "interested" message from [1007]
[2020-12-02T19:28:56.812988700]: Peer [1003] received the "have" message from [1004] for the piece [49]
[2020-12-02T19:28:56.795035400]: Peer [1003] received the "have" message from [1005] for the piece [13]
[2020-12-02T19:28:56.816976900]: Peer [1003] received the "have" message from [1004] for the piece [15]
[2020-12-02T19:28:56.816976900]: Peer [1003] received the "have" message from [1005] for the piece [18]
[2020-12-02T19:28:56.819969300]: Peer [1003] received the "interested" message from [1007]
[2020-12-02T19:28:56.824954900]: Peer [1003] received the "interested" message from [1007]
[2020-12-02T19:28:56.829943800]: Peer [1003] received the "interested" message from [1007]
[2020-12-02T19:28:56.831936700]: Peer [1003] received the "have" message from [1007] for the piece [8]
[2020-12-02T19:28:56.833930900]: Peer [1003] received the "interested" message from [1007]
[2020-12-02T19:28:56.834928600]: Peer [1003] received the "interested" message from [1007]
[2020-12-02T19:28:56.824954900]: Peer [1003] received the "have" message from [1004] for the piece [50]
[2020-12-02T19:28:56.835926200]: Peer [1003] received the "interested" message from [1007]
[2020-12-02T19:28:56.837920700]: Peer [1003] received the "interested" message from [1007]
[2020-12-02T19:28:56.838918]: Peer [1003] received the "interested" message from [1007]
[2020-12-02T19:28:56.838918]: Peer [1003] received the "interested" message from [1007]
[2020-12-02T19:28:56.839916100]: Peer [1003] received the "have" message from [1004] for the piece [16]
[2020-12-02T19:28:56.840913100]: Peer [1003] received the "have" message from [1007] for the piece [9]
[2020-12-02T19:28:56.840913100]: Peer [1003] received the "have" message from [1004] for the piece [51]
[2020-12-02T19:28:56.841910900]: Peer [1003] received the "have" message from [1007] for the piece [10]
[2020-12-02T19:28:56.842909100]: Peer [1003] received the "interested" message from [1007]
[2020-12-02T19:28:56.842909100]: Peer [1003] received the "interested" message from [1007]
[2020-12-02T19:28:56.843905600]: Peer [1003] received the "have" message from [1007] for the piece [11]
[2020-12-02T19:28:56.844904200]: Peer [1003] received the "interested" message from [1007]
[2020-12-02T19:28:56.846898100]: Peer [1003] received the "have" message from [1007] for the piece [12]
[2020-12-02T19:28:56.848891100]: Peer [1003] received the "have" message from [1007] for the piece [14]
[2020-12-02T19:28:56.850886500]: Peer [1003] received the "have" message from [1007] for the piece [15]
[2020-12-02T19:28:56.851884100]: Peer [1003] received the "have" message from [1004] for the piece [52]
[2020-12-02T19:28:56.852880600]: Peer [1003] received the "have" message from [1007] for the piece [16]
[2020-12-02T19:28:56.854875200]: Peer [1003] received the "have" message from [1004] for the piece [13]
[2020-12-02T19:28:56.854875200]: Peer [1003] received the "have" message from [1007] for the piece [13]
[2020-12-02T19:28:56.864848500]: Peer [1003] received the "have" message from [1004] for the piece [53]
[2020-12-02T19:28:56.867841]: Peer [1003] received the "have" message from [1004] for the piece [18]
[2020-12-02T19:28:56.869835600]: Peer [1003] received the "have" message from [1005] for the piece [19]
[2020-12-02T19:28:56.876816500]: Peer [1003] received the "have" message from [1004] for the piece [54]
[2020-12-02T19:28:56.865846300]: Peer [1003] received the "have" message from [1007] for the piece [18]
[2020-12-02T19:28:56.884795400]: Peer [1003] received the "have" message from [1005] for the piece [17]
[2020-12-02T19:28:56.885793100]: Peer [1003] received the "have" message from [1004] for the piece [55]
[2020-12-02T19:28:56.894770400]: Peer [1003] received the "have" message from [1004] for the piece [19]
[2020-12-02T19:28:56.897760100]: Peer [1003] received the "have" message from [1004] for the piece [56]
[2020-12-02T19:28:56.902747300]: Peer [1003] received the "have" message from [1007] for the piece [19]
[2020-12-02T19:28:56.906739800]: Peer [1003] received the "have" message from [1004] for the piece [57]
[2020-12-02T19:28:56.907734300]: Peer [1003] received the "have" message from [1005] for the piece [20]
[2020-12-02T19:28:56.917707400]: Peer [1003] received the "have" message from [1004] for the piece [58]
[2020-12-02T19:28:56.920699400]: Peer [1003] received the "have" message from [1007] for the piece [17]
[2020-12-02T19:28:56.926685200]: Peer [1003] received the "have" message from [1004] for the piece [59]
[2020-12-02T19:28:56.945632500]: Peer [1003] received the "have" message from [1007] for the piece [20]
[2020-12-02T19:28:56.943639300]: Peer [1003] received the "have" message from [1004] for the piece [17]
[2020-12-02T19:28:56.948624900]: Peer [1003] received the "have" message from [1004] for the piece [60]
[2020-12-02T19:28:56.953611300]: Peer [1003] received the "have" message from [1004] for the piece [20]
[2020-12-02T19:28:56.943639300]: Peer [1003] received the "have" message from [1005] for the piece [22]
[2020-12-02T19:28:56.964582100]: Peer [1003] received the "have" message from [1007] for the piece [22]
[2020-12-02T19:28:56.964582100]: Peer [1003] received the "have" message from [1004] for the piece [22]
[2020-12-02T19:28:56.966577900]: Peer [1003] received the "have" message from [1005] for the piece [21]
[2020-12-02T19:28:56.981536300]: Peer [1003] received the "have" message from [1004] for the piece [21]
[2020-12-02T19:28:56.981536300]: Peer [1003] received the "have" message from [1004] for the piece [61]
[2020-12-02T19:28:56.978543800]: Peer [1003] received the "have" message from [1005] for the piece [24]
[2020-12-02T19:28:56.991509700]: Peer [1003] received the "have" message from [1005] for the piece [25]
[2020-12-02T19:28:56.996499300]: Peer [1003] received the "have" message from [1007] for the piece [21]
[2020-12-02T19:28:57.008465100]: Peer [1003] received the "have" message from [1005] for the piece [23]
[2020-12-02T19:28:57.006470800]: Peer [1003] received the "have" message from [1004] for the piece [25]
[2020-12-02T19:28:57.011456800]: Peer [1003] received the "have" message from [1004] for the piece [63]
[2020-12-02T19:28:57.022427700]: Peer [1003] received the "have" message from [1005] for the piece [27]
[2020-12-02T19:28:57.027413800]: Peer [1003] received the "have" message from [1004] for the piece [27]
[2020-12-02T19:28:57.035394800]: Peer [1003] received the "have" message from [1007] for the piece [24]
[2020-12-02T19:28:57.042373900]: Peer [1003] received the "have" message from [1005] for the piece [26]
[2020-12-02T19:28:57.029409900]: Peer [1003] received the "have" message from [1004] for the piece [64]
[2020-12-02T19:28:57.045365800]: Peer [1003] received the "have" message from [1004] for the piece [26]
[2020-12-02T19:28:57.048358]: Peer [1003] received the "have" message from [1004] for the piece [65]
[2020-12-02T19:28:57.053345700]: Peer [1003] received the "have" message from [1005] for the piece [28]
[2020-12-02T19:28:57.056337800]: Peer [1003] received the "have" message from [1004] for the piece [66]
[2020-12-02T19:28:57.057335100]: Peer [1003] received the "have" message from [1007] for the piece [25]
[2020-12-02T19:28:57.072293500]: Peer [1003] received the "have" message from [1007] for the piece [23]
[2020-12-02T19:28:57.075285200]: Peer [1003] received the "have" message from [1005] for the piece [30]
[2020-12-02T19:28:57.092240600]: Peer [1003] received the "have" message from [1007] for the piece [27]
[2020-12-02T19:28:57.095232300]: Peer [1003] received the "have" message from [1005] for the piece [29]
[2020-12-02T19:28:57.090247600]: Peer [1003] received the "have" message from [1004] for the piece [29]
[2020-12-02T19:28:57.105207300]: Peer [1003] received the "have" message from [1005] for the piece [32]
[2020-12-02T19:28:57.109195]: Peer [1003] received the "have" message from [1004] for the piece [32]
[2020-12-02T19:28:57.112186500]: Peer [1003] received the "have" message from [1007] for the piece [26]
[2020-12-02T19:28:57.115179200]: Peer [1003] received the "have" message from [1005] for the piece [31]
[2020-12-02T19:28:57.121163400]: Peer [1003] received the "have" message from [1004] for the piece [31]
[2020-12-02T19:28:57.130138900]: Peer [1003] received the "have" message from [1007] for the piece [28]
[2020-12-02T19:28:57.130138900]: Peer [1003] received the "have" message from [1005] for the piece [33]
[2020-12-02T19:28:57.132135100]: Peer [1003] received the "have" message from [1004] for the piece [33]
[2020-12-02T19:28:57.142107300]: Peer [1003] received the "have" message from [1005] for the piece [34]
[2020-12-02T19:28:57.144101500]: Peer [1003] received the "have" message from [1004] for the piece [34]
[2020-12-02T19:28:57.152082400]: Peer [1003] received the "have" message from [1005] for the piece [35]
[2020-12-02T19:28:57.160059600]: Peer [1003] received the "have" message from [1004] for the piece [35]
[2020-12-02T19:28:57.164048100]: Peer [1003] received the "have" message from [1007] for the piece [30]
[2020-12-02T19:28:57.168037300]: Peer [1003] received the "have" message from [1005] for the piece [37]
[2020-12-02T19:28:57.171030300]: Peer [1003] received the "have" message from [1004] for the piece [37]
[2020-12-02T19:28:57.183994700]: Peer [1003] received the "have" message from [1004] for the piece [36]
[2020-12-02T19:28:57.185989800]: Peer [1003] received the "have" message from [1005] for the piece [36]
[2020-12-02T19:28:57.199952600]: Peer [1003] received the "have" message from [1005] for the piece [39]
[2020-12-02T19:28:57.197957900]: Peer [1003] received the "have" message from [1007] for the piece [29]
[2020-12-02T19:28:57.206934600]: Peer [1003] received the "have" message from [1005] for the piece [41]
[2020-12-02T19:28:57.216907700]: Peer [1003] received the "have" message from [1005] for the piece [38]
[2020-12-02T19:28:57.224885700]: Peer [1003] received the "have" message from [1007] for the piece [32]
[2020-12-02T19:28:57.196960200]: Peer [1003] received the "have" message from [1004] for the piece [39]
[2020-12-02T19:28:57.226880300]: Peer [1003] received the "have" message from [1005] for the piece [42]
[2020-12-02T19:28:57.240844300]: Peer [1003] received the "have" message from [1005] for the piece [43]
[2020-12-02T19:28:57.250816400]: Peer [1003] received the "have" message from [1005] for the piece [40]
[2020-12-02T19:28:57.254805300]: Peer [1003] received the "have" message from [1007] for the piece [31]
[2020-12-02T19:28:57.261786700]: Peer [1003] received the "have" message from [1005] for the piece [44]
[2020-12-02T19:28:57.269769]: Peer [1003] received the "have" message from [1007] for the piece [33]
[2020-12-02T19:28:57.272758]: Peer [1003] received the "have" message from [1005] for the piece [45]
[2020-12-02T19:28:57.286720100]: Peer [1003] received the "have" message from [1005] for the piece [46]
[2020-12-02T19:28:57.295696600]: Peer [1003] received the "have" message from [1007] for the piece [34]
[2020-12-02T19:28:57.300686100]: Peer [1003] received the "have" message from [1005] for the piece [47]
[2020-12-02T19:28:57.311655]: Peer [1003] received the "have" message from [1005] for the piece [48]
[2020-12-02T19:28:57.315643600]: Peer [1003] received the "have" message from [1007] for the piece [35]
[2020-12-02T19:28:57.320629300]: Peer [1003] received the "have" message from [1005] for the piece [49]
[2020-12-02T19:28:57.330603]: Peer [1003] received the "have" message from [1005] for the piece [50]
[2020-12-02T19:28:57.339579300]: Peer [1003] received the "have" message from [1007] for the piece [37]
[2020-12-02T19:28:57.344566500]: Peer [1003] received the "have" message from [1005] for the piece [51]
[2020-12-02T19:28:57.355537100]: Peer [1003] received the "have" message from [1005] for the piece [52]
[2020-12-02T19:28:57.362517500]: Peer [1003] received the "have" message from [1007] for the piece [36]
[2020-12-02T19:28:57.368502100]: Peer [1003] received the "have" message from [1005] for the piece [53]
[2020-12-02T19:28:57.379473500]: Peer [1003] received the "have" message from [1007] for the piece [39]
[2020-12-02T19:28:57.379473500]: Peer [1003] received the "have" message from [1005] for the piece [54]
[2020-12-02T19:28:57.392437200]: Peer [1003] received the "have" message from [1005] for the piece [55]
[2020-12-02T19:28:57.399419]: Peer [1003] received the "have" message from [1007] for the piece [41]
[2020-12-02T19:28:57.400419700]: Peer [1003] received the "have" message from [1005] for the piece [56]
[2020-12-02T19:28:57.414379200]: Peer [1003] received the "have" message from [1004] for the piece [38]
[2020-12-02T19:28:57.425350200]: Peer [1003] received the "have" message from [1007] for the piece [38]
[2020-12-02T19:28:57.412385500]: Peer [1003] received the "have" message from [1005] for the piece [57]
[2020-12-02T19:28:57.430336]: Peer [1003] received the "have" message from [1005] for the piece [58]
[2020-12-02T19:28:57.438315500]: Peer [1003] received the "have" message from [1004] for the piece [40]
[2020-12-02T19:28:57.442303500]: Peer [1003] received the "have" message from [1007] for the piece [42]
[2020-12-02T19:28:57.448287900]: Peer [1003] received the "have" message from [1005] for the piece [59]
[2020-12-02T19:28:57.449285600]: Peer [1003] received the "have" message from [1004] for the piece [41]
[2020-12-02T19:28:57.455268600]: Peer [1003] received the "have" message from [1007] for the piece [43]
[2020-12-02T19:28:57.462251300]: Peer [1003] received the "have" message from [1005] for the piece [62]
[2020-12-02T19:28:57.466241400]: Peer [1003] received the "have" message from [1004] for the piece [43]
[2020-12-02T19:28:57.476213200]: Peer [1003] received the "have" message from [1005] for the piece [63]
[2020-12-02T19:28:57.485190]: Peer [1003] received the "have" message from [1007] for the piece [40]
[2020-12-02T19:28:57.491173500]: Peer [1003] received the "have" message from [1005] for the piece [60]
[2020-12-02T19:28:57.500149600]: Peer [1003] received the "have" message from [1005] for the piece [64]
[2020-12-02T19:28:57.506134200]: Peer [1003] received the "have" message from [1007] for the piece [44]
[2020-12-02T19:28:57.511122500]: Peer [1003] received the "have" message from [1005] for the piece [61]
[2020-12-02T19:28:57.524086]: Peer [1003] received the "have" message from [1005] for the piece [65]
[2020-12-02T19:28:57.527077100]: Peer [1003] received the "have" message from [1007] for the piece [45]
[2020-12-02T19:28:57.477212]: Peer [1003] received the "have" message from [1004] for the piece [44]
[2020-12-02T19:28:57.545029900]: Peer [1003] received the "have" message from [1007] for the piece [46]
[2020-12-02T19:28:57.543034500]: Peer [1003] received the "have" message from [1005] for the piece [66]
[2020-12-02T19:28:57.543034500]: Peer [1003] received the "have" message from [1004] for the piece [45]
[2020-12-02T19:28:57.552010900]: Peer [1003] received the "have" message from [1004] for the piece [46]
[2020-12-02T19:28:57.553009500]: Peer [1003] received the "have" message from [1004] for the piece [47]
[2020-12-02T19:28:57.556001]: Peer [1003] received the "have" message from [1004] for the piece [48]
[2020-12-02T19:28:57.556997800]: Peer [1003] received the "have" message from [1004] for the piece [62]
[2020-12-02T19:28:57.561986400]: Peer [1003] received the "have" message from [1007] for the piece [47]
[2020-12-02T19:28:57.569962600]: Peer [1003] received the "have" message from [1007] for the piece [48]
[2020-12-02T19:28:57.579937500]: Peer [1003] received the "have" message from [1007] for the piece [49]
[2020-12-02T19:28:57.592901200]: Peer [1003] received the "have" message from [1007] for the piece [50]
[2020-12-02T19:28:57.599881900]: Peer [1003] received the "have" message from [1007] for the piece [51]
[2020-12-02T19:28:57.607860900]: Peer [1003] received the "have" message from [1007] for the piece [52]
[2020-12-02T19:28:57.616838500]: Peer [1003] received the "have" message from [1007] for the piece [53]
[2020-12-02T19:28:57.623820400]: Peer [1003] received the "have" message from [1007] for the piece [54]
[2020-12-02T19:28:57.633793700]: Peer [1003] received the "have" message from [1007] for the piece [55]
[2020-12-02T19:28:57.641774700]: Peer [1003] received the "have" message from [1007] for the piece [56]
[2020-12-02T19:28:57.647754800]: Peer [1003] received the "have" message from [1007] for the piece [57]
[2020-12-02T19:28:57.656731300]: Peer [1003] received the "have" message from [1007] for the piece [58]
[2020-12-02T19:28:57.662714400]: Peer [1003] received the "have" message from [1007] for the piece [59]
[2020-12-02T19:28:57.670693100]: Peer [1003] received the "have" message from [1007] for the piece [62]
[2020-12-02T19:28:57.678672200]: Peer [1003] received the "have" message from [1007] for the piece [63]
[2020-12-02T19:28:57.687648100]: Peer [1003] received the "have" message from [1007] for the piece [60]
[2020-12-02T19:28:57.694629600]: Peer [1003] received the "have" message from [1007] for the piece [64]
[2020-12-02T19:28:57.701610800]: Peer [1003] received the "have" message from [1007] for the piece [61]
[2020-12-02T19:28:57.711584300]: Peer [1003] received the "have" message from [1007] for the piece [65]
[2020-12-02T19:28:57.725545500]: Peer [1003] received the "have" message from [1007] for the piece [66]
[2020-12-02T19:29:00.622836200]: Peer [1003] has the preferred neighbors []
[2020-12-02T19:29:05.630839400]: Peer [1003] has the preferred neighbors []
[2020-12-02T19:29:10.630891900]: Peer [1003] has the preferred neighbors []
